run_mtmner_crf.py
twitter2017
MTCCMBert
03/23/2021 00:10:47 - INFO - __main__ -   ***** Dev Eval results *****
03/23/2021 00:10:47 - INFO - __main__ -   
              precision    recall  f1-score   support

         LOC     0.7054    0.5260    0.6026       173
        MISC     0.3000    0.2800    0.2897       150
         ORG     0.6852    0.7547    0.7183       375
         PER     0.7980    0.8962    0.8442       626
           _     0.0000    0.0000    0.0000         0

   micro avg     0.7049    0.7379    0.7210      1324
   macro avg     0.4977    0.4914    0.4910      1324
weighted avg     0.6975    0.7379    0.7142      1324

03/23/2021 00:10:49 - INFO - __main__ -   ***** Running Test evaluation *****
03/23/2021 00:10:49 - INFO - __main__ -     Num examples = 723
03/23/2021 00:10:49 - INFO - __main__ -     Batch size = 16
03/23/2021 00:10:58 - INFO - __main__ -   ***** Test Eval results *****
03/23/2021 00:10:58 - INFO - __main__ -   
              precision    recall  f1-score   support

         LOC     0.7081    0.6404    0.6726       178
        MISC     0.2745    0.2675    0.2710       157
         ORG     0.7027    0.7241    0.7132       395
         PER     0.7989    0.9082    0.8500       621
           _     0.0000    0.0000    0.0000         0

   micro avg     0.7045    0.7446    0.7240      1351
   macro avg     0.4968    0.5080    0.5014      1351
weighted avg     0.6979    0.7446    0.7194      1351


Epoch:   2%|▎         | 1/40 [08:01<5:12:51, 481.31s/it]03/23/2021 00:11:33 - INFO - __main__ -   ********** Epoch: 1 **********
03/23/2021 00:11:33 - INFO - __main__ -     Num examples = 3373
03/23/2021 00:11:33 - INFO - __main__ -     Batch size = 16
03/23/2021 00:11:33 - INFO - __main__ -     Num steps = 8400
03/23/2021 00:17:16 - INFO - __main__ -   ***** Running evaluation on Dev Set*****
03/23/2021 00:17:16 - INFO - __main__ -     Num examples = 723
03/23/2021 00:17:16 - INFO - __main__ -     Batch size = 16
03/23/2021 00:18:49 - INFO - __main__ -   ***** Dev Eval results *****
03/23/2021 00:18:49 - INFO - __main__ -   
              precision    recall  f1-score   support

         LOC     0.8028    0.6590    0.7238       173
        MISC     0.4851    0.6533    0.5568       150
         ORG     0.8168    0.7253    0.7684       375
         PER     0.8190    0.9249    0.8687       626
           _     0.0000    0.0000    0.0000         0

   micro avg     0.7675    0.8029    0.7848      1324
   macro avg     0.5847    0.5925    0.5835      1324
weighted avg     0.7784    0.8029    0.7860      1324

03/23/2021 00:18:49 - INFO - __main__ -   ***** Running Test evaluation *****
03/23/2021 00:18:49 - INFO - __main__ -     Num examples = 723
03/23/2021 00:18:49 - INFO - __main__ -     Batch size = 16
03/23/2021 00:19:01 - INFO - __main__ -   ***** Test Eval results *****
03/23/2021 00:19:01 - INFO - __main__ -   
              precision    recall  f1-score   support

         LOC     0.8827    0.8034    0.8412       178
        MISC     0.4923    0.6115    0.5455       157
         ORG     0.8251    0.7165    0.7669       395
         PER     0.8107    0.9243    0.8638       621

   micro avg     0.7784    0.8113    0.7945      1351
   macro avg     0.7527    0.7639    0.7543      1351
weighted avg     0.7874    0.8113    0.7955      1351


Epoch:   5%|▌         | 2/40 [16:42<5:19:32, 504.54s/it]03/23/2021 00:20:14 - INFO - __main__ -   ********** Epoch: 2 **********
03/23/2021 00:20:14 - INFO - __main__ -     Num examples = 3373
03/23/2021 00:20:14 - INFO - __main__ -     Batch size = 16
03/23/2021 00:20:14 - INFO - __main__ -     Num steps = 8400
03/23/2021 00:24:54 - INFO - __main__ -   ***** Running evaluation on Dev Set*****
03/23/2021 00:24:54 - INFO - __main__ -     Num examples = 723
03/23/2021 00:24:54 - INFO - __main__ -     Batch size = 16
03/23/2021 00:25:03 - INFO - __main__ -   ***** Dev Eval results *****
03/23/2021 00:25:03 - INFO - __main__ -   
              precision    recall  f1-score   support

         LOC     0.7692    0.7514    0.7602       173
        MISC     0.5842    0.7400    0.6529       150
         ORG     0.7879    0.8320    0.8093       375
         PER     0.9040    0.8722    0.8878       626

   micro avg     0.8087    0.8301    0.8192      1324
   macro avg     0.7613    0.7989    0.7776      1324
weighted avg     0.8173    0.8301    0.8223      1324

03/23/2021 00:25:03 - INFO - __main__ -   ***** Running Test evaluation *****
03/23/2021 00:25:03 - INFO - __main__ -     Num examples = 723
03/23/2021 00:25:03 - INFO - __main__ -     Batch size = 16
03/23/2021 00:25:12 - INFO - __main__ -   ***** Test Eval results *****
03/23/2021 00:25:12 - INFO - __main__ -   
              precision    recall  f1-score   support

         LOC     0.8235    0.8652    0.8438       178
        MISC     0.5469    0.6688    0.6017       157
         ORG     0.7946    0.8228    0.8085       395
         PER     0.9033    0.8873    0.8952       621

   micro avg     0.8119    0.8401    0.8258      1351
   macro avg     0.7671    0.8110    0.7873      1351
weighted avg     0.8196    0.8401    0.8290      1351


Epoch:   8%|▊         | 3/40 [22:18<4:23:45, 427.73s/it]03/23/2021 00:25:51 - INFO - __main__ -   ********** Epoch: 3 **********
03/23/2021 00:25:51 - INFO - __main__ -     Num examples = 3373
03/23/2021 00:25:51 - INFO - __main__ -     Batch size = 16
03/23/2021 00:25:51 - INFO - __main__ -     Num steps = 8400
03/23/2021 00:33:02 - INFO - __main__ -   ***** Running evaluation on Dev Set*****
03/23/2021 00:33:03 - INFO - __main__ -     Num examples = 723
03/23/2021 00:33:03 - INFO - __main__ -     Batch size = 16
03/23/2021 00:33:27 - INFO - __main__ -   ***** Dev Eval results *****
03/23/2021 00:33:27 - INFO - __main__ -   
              precision    recall  f1-score   support

         LOC     0.7742    0.6936    0.7317       173
        MISC     0.5187    0.7400    0.6099       150
         ORG     0.7848    0.8267    0.8052       375
         PER     0.9003    0.8802    0.8901       626
        SEP]     0.0000    0.0000    0.0000         0

   micro avg     0.7930    0.8248    0.8086      1324
   macro avg     0.5956    0.6281    0.6074      1324
weighted avg     0.8079    0.8248    0.8136      1324

03/23/2021 00:33:27 - INFO - __main__ -   ***** Running Test evaluation *****
03/23/2021 00:33:27 - INFO - __main__ -     Num examples = 723
03/23/2021 00:33:27 - INFO - __main__ -     Batch size = 16
03/23/2021 00:33:39 - INFO - __main__ -   ***** Test Eval results *****
03/23/2021 00:33:39 - INFO - __main__ -   
              precision    recall  f1-score   support

         LOC     0.7989    0.7809    0.7898       178
        MISC     0.5528    0.7006    0.6180       157
         ORG     0.7579    0.7924    0.7748       395
         PER     0.8971    0.8841    0.8905       621

   micro avg     0.7947    0.8224    0.8083      1351
   macro avg     0.7516    0.7895    0.7683      1351
weighted avg     0.8034    0.8224    0.8117      1351


Epoch:  10%|█         | 4/40 [30:06<4:26:12, 443.67s/it]03/23/2021 00:33:39 - INFO - __main__ -   ********** Epoch: 4 **********
03/23/2021 00:33:39 - INFO - __main__ -     Num examples = 3373
03/23/2021 00:33:39 - INFO - __main__ -     Batch size = 16
03/23/2021 00:33:39 - INFO - __main__ -     Num steps = 8400
03/23/2021 00:50:55 - INFO - __main__ -   ***** Running evaluation on Dev Set*****
03/23/2021 00:50:56 - INFO - __main__ -     Num examples = 723
03/23/2021 00:50:56 - INFO - __main__ -     Batch size = 16
03/23/2021 00:52:30 - INFO - __main__ -   ***** Dev Eval results *****
03/23/2021 00:52:30 - INFO - __main__ -   
              precision    recall  f1-score   support

         LOC     0.8280    0.7514    0.7879       173
        MISC     0.6604    0.7000    0.6796       150
         ORG     0.7852    0.8480    0.8154       375
         PER     0.8901    0.8930    0.8915       626

   micro avg     0.8243    0.8399    0.8320      1324
   macro avg     0.7909    0.7981    0.7936      1324
weighted avg     0.8263    0.8399    0.8324      1324

03/23/2021 00:52:30 - INFO - __main__ -   ***** Running Test evaluation *****
03/23/2021 00:52:30 - INFO - __main__ -     Num examples = 723
03/23/2021 00:52:30 - INFO - __main__ -     Batch size = 16
03/23/2021 00:53:57 - INFO - __main__ -   ***** Test Eval results *****
03/23/2021 00:53:57 - INFO - __main__ -   
              precision    recall  f1-score   support

         LOC     0.8333    0.8146    0.8239       178
        MISC     0.7357    0.6561    0.6936       157
         ORG     0.7672    0.8177    0.7917       395
         PER     0.9013    0.9114    0.9063       621
           _     0.0000    0.0000    0.0000         0

   micro avg     0.8336    0.8416    0.8376      1351
   macro avg     0.6475    0.6400    0.6431      1351
weighted avg     0.8339    0.8416    0.8372      1351


Epoch:  12%|█▎        | 5/40 [51:08<7:10:54, 738.70s/it]03/23/2021 00:54:41 - INFO - __main__ -   ********** Epoch: 5 **********
03/23/2021 00:54:41 - INFO - __main__ -     Num examples = 3373
03/23/2021 00:54:41 - INFO - __main__ -     Batch size = 16
03/23/2021 00:54:41 - INFO - __main__ -     Num steps = 8400
03/23/2021 01:07:24 - INFO - __main__ -   ***** Running evaluation on Dev Set*****
03/23/2021 01:07:24 - INFO - __main__ -     Num examples = 723
03/23/2021 01:07:24 - INFO - __main__ -     Batch size = 16
03/23/2021 01:07:36 - INFO - __main__ -   ***** Dev Eval results *****
03/23/2021 01:07:36 - INFO - __main__ -   
              precision    recall  f1-score   support

         LOC     0.8077    0.7283    0.7660       173
        MISC     0.6923    0.6600    0.6758       150
         ORG     0.7797    0.8587    0.8173       375
         PER     0.8905    0.8962    0.8933       626
        SEP]     0.0000    0.0000    0.0000         0

   micro avg     0.8250    0.8369    0.8309      1324
   macro avg     0.6340    0.6286    0.6305      1324
weighted avg     0.8258    0.8369    0.8305      1324

03/23/2021 01:07:36 - INFO - __main__ -   ***** Running Test evaluation *****
03/23/2021 01:07:36 - INFO - __main__ -     Num examples = 723
03/23/2021 01:07:36 - INFO - __main__ -     Batch size = 16
03/23/2021 01:07:44 - INFO - __main__ -   ***** Test Eval results *****
03/23/2021 01:07:44 - INFO - __main__ -   
              precision    recall  f1-score   support

         LOC     0.8780    0.8090    0.8421       178
        MISC     0.7266    0.5924    0.6526       157
         ORG     0.7830    0.8405    0.8107       395
         PER     0.8924    0.9082    0.9002       621
        SEP]     0.0000    0.0000    0.0000         0

   micro avg     0.8399    0.8386    0.8393      1351
   macro avg     0.6560    0.6300    0.6411      1351
weighted avg     0.8393    0.8386    0.8376      1351


Epoch:  15%|█▌        | 6/40 [1:04:12<7:07:19, 754.11s/it]03/23/2021 01:07:44 - INFO - __main__ -   ********** Epoch: 6 **********
03/23/2021 01:07:44 - INFO - __main__ -     Num examples = 3373
03/23/2021 01:07:44 - INFO - __main__ -     Batch size = 16
03/23/2021 01:07:44 - INFO - __main__ -     Num steps = 8400
03/23/2021 01:13:34 - INFO - __main__ -   ***** Running evaluation on Dev Set*****
03/23/2021 01:13:34 - INFO - __main__ -     Num examples = 723
03/23/2021 01:13:34 - INFO - __main__ -     Batch size = 16
03/23/2021 01:13:44 - INFO - __main__ -   ***** Dev Eval results *****
03/23/2021 01:13:44 - INFO - __main__ -   
              precision    recall  f1-score   support

         LOC     0.8562    0.7225    0.7837       173
        MISC     0.6236    0.7400    0.6768       150
         ORG     0.8159    0.8507    0.8329       375
         PER     0.8708    0.9153    0.8925       626
        SEP]     0.0000    0.0000    0.0000         0

   micro avg     0.8210    0.8520    0.8362      1324
   macro avg     0.6333    0.6457    0.6372      1324
weighted avg     0.8253    0.8520    0.8370      1324

03/23/2021 01:13:44 - INFO - __main__ -   ***** Running Test evaluation *****
03/23/2021 01:13:44 - INFO - __main__ -     Num examples = 723
03/23/2021 01:13:44 - INFO - __main__ -     Batch size = 16
03/23/2021 01:13:54 - INFO - __main__ -   ***** Test Eval results *****
03/23/2021 01:13:54 - INFO - __main__ -   
              precision    recall  f1-score   support

         LOC     0.8712    0.7978    0.8328       178
        MISC     0.6173    0.6369    0.6270       157
         ORG     0.8189    0.8354    0.8271       395
         PER     0.8756    0.9291    0.9016       621
        SEP]     0.0000    0.0000    0.0000         0

   micro avg     0.8278    0.8505    0.8390      1351
   macro avg     0.6366    0.6399    0.6377      1351
weighted avg     0.8284    0.8505    0.8388      1351


Epoch:  18%|█▊        | 7/40 [1:10:57<5:52:01, 640.06s/it]03/23/2021 01:14:30 - INFO - __main__ -   ********** Epoch: 7 **********
03/23/2021 01:14:30 - INFO - __main__ -     Num examples = 3373
03/23/2021 01:14:30 - INFO - __main__ -     Batch size = 16
03/23/2021 01:14:30 - INFO - __main__ -     Num steps = 8400
03/23/2021 01:23:47 - INFO - __main__ -   ***** Running evaluation on Dev Set*****
03/23/2021 01:23:48 - INFO - __main__ -     Num examples = 723
03/23/2021 01:23:48 - INFO - __main__ -     Batch size = 16
03/23/2021 01:24:08 - INFO - __main__ -   ***** Dev Eval results *****
03/23/2021 01:24:08 - INFO - __main__ -   
              precision    recall  f1-score   support

         LOC     0.7312    0.7861    0.7577       173
        MISC     0.6903    0.7133    0.7016       150
         ORG     0.7636    0.8613    0.8095       375
         PER     0.9041    0.8882    0.8961       626
        SEP]     0.0000    0.0000    0.0000         0

   micro avg     0.8125    0.8474    0.8296      1324
   macro avg     0.6178    0.6498    0.6330      1324
weighted avg     0.8175    0.8474    0.8314      1324

03/23/2021 01:24:08 - INFO - __main__ -   ***** Running Test evaluation *****
03/23/2021 01:24:08 - INFO - __main__ -     Num examples = 723
03/23/2021 01:24:08 - INFO - __main__ -     Batch size = 16
03/23/2021 01:25:58 - INFO - __main__ -   ***** Test Eval results *****
03/23/2021 01:25:58 - INFO - __main__ -   
              precision    recall  f1-score   support

         LOC     0.7673    0.8708    0.8158       178
        MISC     0.7007    0.6561    0.6776       157
         ORG     0.7746    0.8354    0.8039       395
         PER     0.8880    0.8808    0.8844       621
        SEP]     0.0000    0.0000    0.0000         0

   micro avg     0.8154    0.8401    0.8276      1351
   macro avg     0.6261    0.6486    0.6363      1351
weighted avg     0.8172    0.8401    0.8278      1351


Epoch:  20%|██        | 8/40 [1:22:26<5:49:37, 655.55s/it]03/23/2021 01:25:58 - INFO - __main__ -   ********** Epoch: 8 **********
03/23/2021 01:25:58 - INFO - __main__ -     Num examples = 3373
03/23/2021 01:25:58 - INFO - __main__ -     Batch size = 16
03/23/2021 01:25:58 - INFO - __main__ -     Num steps = 8400
03/23/2021 01:35:33 - INFO - __main__ -   ***** Running evaluation on Dev Set*****
03/23/2021 01:35:34 - INFO - __main__ -     Num examples = 723
03/23/2021 01:35:34 - INFO - __main__ -     Batch size = 16
03/23/2021 01:35:43 - INFO - __main__ -   ***** Dev Eval results *****
03/23/2021 01:35:43 - INFO - __main__ -   
              precision    recall  f1-score   support

         LOC     0.8377    0.7457    0.7890       173
        MISC     0.6795    0.7067    0.6928       150
         ORG     0.8228    0.8293    0.8260       375
         PER     0.8746    0.9137    0.8938       626

   micro avg     0.8331    0.8444    0.8387      1324
   macro avg     0.8036    0.7989    0.8004      1324
weighted avg     0.8330    0.8444    0.8381      1324

03/23/2021 01:35:43 - INFO - __main__ -   ***** Running Test evaluation *****
03/23/2021 01:35:43 - INFO - __main__ -     Num examples = 723
03/23/2021 01:35:43 - INFO - __main__ -     Batch size = 16
03/23/2021 01:35:52 - INFO - __main__ -   ***** Test Eval results *****
03/23/2021 01:35:52 - INFO - __main__ -   
              precision    recall  f1-score   support

         LOC     0.8704    0.7921    0.8294       178
        MISC     0.6528    0.5987    0.6246       157
         ORG     0.8163    0.8101    0.8132       395
         PER     0.8643    0.9227    0.8925       621

   micro avg     0.8288    0.8349    0.8319      1351
   macro avg     0.8009    0.7809    0.7899      1351
weighted avg     0.8265    0.8349    0.8299      1351


Epoch:  22%|██▎       | 9/40 [1:33:32<5:40:23, 658.81s/it]03/23/2021 01:37:05 - INFO - __main__ -   ********** Epoch: 9 **********
03/23/2021 01:37:05 - INFO - __main__ -     Num examples = 3373
03/23/2021 01:37:05 - INFO - __main__ -     Batch size = 16
03/23/2021 01:37:05 - INFO - __main__ -     Num steps = 8400
03/23/2021 01:45:40 - INFO - __main__ -   ***** Running evaluation on Dev Set*****
03/23/2021 01:45:40 - INFO - __main__ -     Num examples = 723
03/23/2021 01:45:40 - INFO - __main__ -     Batch size = 16
03/23/2021 01:45:50 - INFO - __main__ -   ***** Dev Eval results *****
03/23/2021 01:45:50 - INFO - __main__ -   
              precision    recall  f1-score   support

         LOC     0.8312    0.7399    0.7829       173
        MISC     0.7230    0.7133    0.7181       150
         ORG     0.8177    0.8373    0.8274       375
         PER     0.8614    0.9329    0.8957       626

   micro avg     0.8306    0.8557    0.8430      1324
   macro avg     0.8083    0.8059    0.8060      1324
weighted avg     0.8294    0.8557    0.8415      1324

03/23/2021 01:45:50 - INFO - __main__ -   ***** Running Test evaluation *****
03/23/2021 01:45:50 - INFO - __main__ -     Num examples = 723
03/23/2021 01:45:50 - INFO - __main__ -     Batch size = 16
03/23/2021 01:46:02 - INFO - __main__ -   ***** Test Eval results *****
03/23/2021 01:46:02 - INFO - __main__ -   
              precision    recall  f1-score   support

         LOC     0.8820    0.7978    0.8378       178
        MISC     0.6992    0.5924    0.6414       157
         ORG     0.8025    0.8228    0.8125       395
         PER     0.8510    0.9291    0.8884       621

   micro avg     0.8257    0.8416    0.8336      1351
   macro avg     0.8087    0.7855    0.7950      1351
weighted avg     0.8233    0.8416    0.8308      1351


Epoch:  25%|██▌       | 10/40 [1:43:09<5:16:51, 633.71s/it]03/23/2021 01:46:42 - INFO - __main__ -   ********** Epoch: 10 **********
03/23/2021 01:46:42 - INFO - __main__ -     Num examples = 3373
03/23/2021 01:46:42 - INFO - __main__ -     Batch size = 16
03/23/2021 01:46:42 - INFO - __main__ -     Num steps = 8400
03/23/2021 01:55:13 - INFO - __main__ -   ***** Running evaluation on Dev Set*****
03/23/2021 01:55:14 - INFO - __main__ -     Num examples = 723
03/23/2021 01:55:14 - INFO - __main__ -     Batch size = 16
03/23/2021 01:55:45 - INFO - __main__ -   ***** Dev Eval results *****
03/23/2021 01:55:45 - INFO - __main__ -   
              precision    recall  f1-score   support

         LOC     0.7964    0.7688    0.7824       173
        MISC     0.6606    0.7267    0.6921       150
         ORG     0.7821    0.8613    0.8198       375
         PER     0.8910    0.9137    0.9022       626

   micro avg     0.8198    0.8588    0.8388      1324
   macro avg     0.7825    0.8176    0.7991      1324
weighted avg     0.8217    0.8588    0.8394      1324

03/23/2021 01:55:45 - INFO - __main__ -   ***** Running Test evaluation *****
03/23/2021 01:55:45 - INFO - __main__ -     Num examples = 723
03/23/2021 01:55:45 - INFO - __main__ -     Batch size = 16
03/23/2021 01:56:12 - INFO - __main__ -   ***** Test Eval results *****
03/23/2021 01:56:12 - INFO - __main__ -   
              precision    recall  f1-score   support

         LOC     0.8418    0.8371    0.8394       178
        MISC     0.6558    0.6433    0.6495       157
         ORG     0.7876    0.8354    0.8108       395
         PER     0.8833    0.9018    0.8924       621

   micro avg     0.8237    0.8438    0.8336      1351
   macro avg     0.7921    0.8044    0.7980      1351
weighted avg     0.8234    0.8438    0.8334      1351


Epoch:  28%|██▊       | 11/40 [1:52:40<4:56:55, 614.32s/it]03/23/2021 01:56:12 - INFO - __main__ -   ********** Epoch: 11 **********
03/23/2021 01:56:12 - INFO - __main__ -     Num examples = 3373
03/23/2021 01:56:12 - INFO - __main__ -     Batch size = 16
03/23/2021 01:56:12 - INFO - __main__ -     Num steps = 8400
03/23/2021 02:05:47 - INFO - __main__ -   ***** Running evaluation on Dev Set*****
03/23/2021 02:05:47 - INFO - __main__ -     Num examples = 723
03/23/2021 02:05:47 - INFO - __main__ -     Batch size = 16
03/23/2021 02:05:58 - INFO - __main__ -   ***** Dev Eval results *****
03/23/2021 02:05:58 - INFO - __main__ -   
              precision    recall  f1-score   support

         LOC     0.7929    0.7746    0.7836       173
        MISC     0.6687    0.7133    0.6903       150
         ORG     0.7916    0.8507    0.8201       375
         PER     0.9249    0.8850    0.9045       626

   micro avg     0.8370    0.8414    0.8392      1324
   macro avg     0.7945    0.8059    0.7996      1324
weighted avg     0.8409    0.8414    0.8405      1324

03/23/2021 02:05:58 - INFO - __main__ -   ***** Running Test evaluation *****
03/23/2021 02:05:58 - INFO - __main__ -     Num examples = 723
03/23/2021 02:05:58 - INFO - __main__ -     Batch size = 16
03/23/2021 02:06:17 - INFO - __main__ -   ***** Test Eval results *****
03/23/2021 02:06:17 - INFO - __main__ -   
              precision    recall  f1-score   support

         LOC     0.8242    0.8427    0.8333       178
        MISC     0.7101    0.6242    0.6644       157
         ORG     0.8044    0.8329    0.8184       395
         PER     0.9233    0.8921    0.9075       621

   micro avg     0.8510    0.8372    0.8440      1351
   macro avg     0.8155    0.7980    0.8059      1351
weighted avg     0.8507    0.8372    0.8434      1351


Epoch:  30%|███       | 12/40 [2:02:44<4:45:16, 611.30s/it]03/23/2021 02:06:17 - INFO - __main__ -   ********** Epoch: 12 **********
03/23/2021 02:06:17 - INFO - __main__ -     Num examples = 3373
03/23/2021 02:06:17 - INFO - __main__ -     Batch size = 16
03/23/2021 02:06:17 - INFO - __main__ -     Num steps = 8400
03/23/2021 02:14:54 - INFO - __main__ -   ***** Running evaluation on Dev Set*****
03/23/2021 02:14:54 - INFO - __main__ -     Num examples = 723
03/23/2021 02:14:54 - INFO - __main__ -     Batch size = 16
03/23/2021 02:15:03 - INFO - __main__ -   ***** Dev Eval results *****
03/23/2021 02:15:03 - INFO - __main__ -   
              precision    recall  f1-score   support

         LOC     0.8400    0.7283    0.7802       173
        MISC     0.6271    0.7400    0.6789       150
         ORG     0.7931    0.8587    0.8246       375
         PER     0.9128    0.9026    0.9076       626

   micro avg     0.8314    0.8489    0.8401      1324
   macro avg     0.7932    0.8074    0.7978      1324
weighted avg     0.8370    0.8489    0.8415      1324

03/23/2021 02:15:03 - INFO - __main__ -   ***** Running Test evaluation *****
03/23/2021 02:15:03 - INFO - __main__ -     Num examples = 723
03/23/2021 02:15:03 - INFO - __main__ -     Batch size = 16
03/23/2021 02:15:12 - INFO - __main__ -   ***** Test Eval results *****
03/23/2021 02:15:12 - INFO - __main__ -   
              precision    recall  f1-score   support

         LOC     0.8598    0.7921    0.8246       178
        MISC     0.6545    0.6879    0.6708       157
         ORG     0.8054    0.8278    0.8165       395
         PER     0.9024    0.9082    0.9053       621

   micro avg     0.8382    0.8438    0.8410      1351
   macro avg     0.8055    0.8040    0.8043      1351
weighted avg     0.8396    0.8438    0.8414      1351


Epoch:  32%|███▎      | 13/40 [2:11:39<4:24:43, 588.26s/it]03/23/2021 02:15:12 - INFO - __main__ -   ********** Epoch: 13 **********
03/23/2021 02:15:12 - INFO - __main__ -     Num examples = 3373
03/23/2021 02:15:12 - INFO - __main__ -     Batch size = 16
03/23/2021 02:15:12 - INFO - __main__ -     Num steps = 8400
03/23/2021 02:23:41 - INFO - __main__ -   ***** Running evaluation on Dev Set*****
03/23/2021 02:23:41 - INFO - __main__ -     Num examples = 723
03/23/2021 02:23:41 - INFO - __main__ -     Batch size = 16
03/23/2021 02:23:49 - INFO - __main__ -   ***** Dev Eval results *****
03/23/2021 02:23:49 - INFO - __main__ -   
              precision    recall  f1-score   support

         LOC     0.7738    0.7514    0.7625       173
        MISC     0.6543    0.7067    0.6795       150
         ORG     0.8324    0.8347    0.8336       375
         PER     0.8987    0.8930    0.8958       626

   micro avg     0.8343    0.8369    0.8356      1324
   macro avg     0.7898    0.7964    0.7928      1324
weighted avg     0.8359    0.8369    0.8363      1324

03/23/2021 02:23:49 - INFO - __main__ -   ***** Running Test evaluation *****
03/23/2021 02:23:49 - INFO - __main__ -     Num examples = 723
03/23/2021 02:23:49 - INFO - __main__ -     Batch size = 16
03/23/2021 02:23:56 - INFO - __main__ -   ***** Test Eval results *****
03/23/2021 02:23:56 - INFO - __main__ -   
              precision    recall  f1-score   support

         LOC     0.8492    0.8539    0.8515       178
        MISC     0.6978    0.6178    0.6554       157
         ORG     0.8333    0.8228    0.8280       395
         PER     0.9141    0.9082    0.9111       621

   micro avg     0.8589    0.8423    0.8505      1351
   macro avg     0.8236    0.8007    0.8115      1351
weighted avg     0.8568    0.8423    0.8493      1351


Epoch:  35%|███▌      | 14/40 [2:20:24<4:06:34, 569.00s/it]03/23/2021 02:23:56 - INFO - __main__ -   ********** Epoch: 14 **********
03/23/2021 02:23:56 - INFO - __main__ -     Num examples = 3373
03/23/2021 02:23:56 - INFO - __main__ -     Batch size = 16
03/23/2021 02:23:56 - INFO - __main__ -     Num steps = 8400
03/23/2021 02:28:56 - INFO - __main__ -   ***** Running evaluation on Dev Set*****
03/23/2021 02:28:56 - INFO - __main__ -     Num examples = 723
03/23/2021 02:28:56 - INFO - __main__ -     Batch size = 16
03/23/2021 02:29:49 - INFO - __main__ -   ***** Dev Eval results *****
03/23/2021 02:29:49 - INFO - __main__ -   
              precision    recall  f1-score   support

         LOC     0.7870    0.7688    0.7778       173
        MISC     0.6770    0.7267    0.7010       150
         ORG     0.8173    0.8587    0.8375       375
         PER     0.8988    0.9217    0.9101       626

   micro avg     0.8353    0.8618    0.8483      1324
   macro avg     0.7950    0.8190    0.8066      1324
weighted avg     0.8359    0.8618    0.8485      1324

03/23/2021 02:29:49 - INFO - __main__ -   ***** Running Test evaluation *****
03/23/2021 02:29:49 - INFO - __main__ -     Num examples = 723
03/23/2021 02:29:49 - INFO - __main__ -     Batch size = 16
03/23/2021 02:30:30 - INFO - __main__ -   ***** Test Eval results *****
03/23/2021 02:30:30 - INFO - __main__ -   
              precision    recall  f1-score   support

         LOC     0.8232    0.8371    0.8301       178
        MISC     0.7123    0.6624    0.6865       157
         ORG     0.8113    0.8380    0.8244       395
         PER     0.8847    0.9147    0.8994       621

   micro avg     0.8366    0.8527    0.8446      1351
   macro avg     0.8079    0.8130    0.8101      1351
weighted avg     0.8351    0.8527    0.8436      1351


Epoch:  38%|███▊      | 15/40 [2:27:21<3:38:04, 523.37s/it]03/23/2021 02:30:54 - INFO - __main__ -   ********** Epoch: 15 **********
03/23/2021 02:30:54 - INFO - __main__ -     Num examples = 3373
03/23/2021 02:30:54 - INFO - __main__ -     Batch size = 16
03/23/2021 02:30:54 - INFO - __main__ -     Num steps = 8400
03/23/2021 02:36:35 - INFO - __main__ -   ***** Running evaluation on Dev Set*****
03/23/2021 02:36:35 - INFO - __main__ -     Num examples = 723
03/23/2021 02:36:35 - INFO - __main__ -     Batch size = 16
03/23/2021 02:36:46 - INFO - __main__ -   ***** Dev Eval results *****
03/23/2021 02:36:46 - INFO - __main__ -   
              precision    recall  f1-score   support

         LOC     0.8212    0.7168    0.7654       173
        MISC     0.6271    0.7400    0.6789       150
         ORG     0.8071    0.8480    0.8270       375
         PER     0.9175    0.8882    0.9026       626

   micro avg     0.8351    0.8376    0.8363      1324
   macro avg     0.7932    0.7982    0.7935      1324
weighted avg     0.8407    0.8376    0.8379      1324

03/23/2021 02:36:46 - INFO - __main__ -   ***** Running Test evaluation *****
03/23/2021 02:36:46 - INFO - __main__ -     Num examples = 723
03/23/2021 02:36:46 - INFO - __main__ -     Batch size = 16
03/23/2021 02:37:18 - INFO - __main__ -   ***** Test Eval results *****
03/23/2021 02:37:18 - INFO - __main__ -   
              precision    recall  f1-score   support

         LOC     0.8475    0.8427    0.8451       178
        MISC     0.6797    0.6624    0.6710       157
         ORG     0.8263    0.8430    0.8346       395
         PER     0.9270    0.9002    0.9134       621

   micro avg     0.8578    0.8483    0.8530      1351
   macro avg     0.8201    0.8121    0.8160      1351
weighted avg     0.8584    0.8483    0.8532      1351


Epoch:  40%|████      | 16/40 [2:33:45<3:12:32, 481.34s/it]03/23/2021 02:37:18 - INFO - __main__ -   ********** Epoch: 16 **********
03/23/2021 02:37:18 - INFO - __main__ -     Num examples = 3373
03/23/2021 02:37:18 - INFO - __main__ -     Batch size = 16
03/23/2021 02:37:18 - INFO - __main__ -     Num steps = 8400
03/23/2021 02:43:12 - INFO - __main__ -   ***** Running evaluation on Dev Set*****
03/23/2021 02:43:12 - INFO - __main__ -     Num examples = 723
03/23/2021 02:43:12 - INFO - __main__ -     Batch size = 16
03/23/2021 02:43:22 - INFO - __main__ -   ***** Dev Eval results *****
03/23/2021 02:43:22 - INFO - __main__ -   
              precision    recall  f1-score   support

         LOC     0.7811    0.7630    0.7719       173
        MISC     0.6603    0.6867    0.6732       150
         ORG     0.7884    0.8347    0.8109       375
         PER     0.8966    0.9137    0.9051       626

   micro avg     0.8235    0.8459    0.8346      1324
   macro avg     0.7816    0.7995    0.7903      1324
weighted avg     0.8241    0.8459    0.8347      1324

03/23/2021 02:43:22 - INFO - __main__ -   ***** Running Test evaluation *****
03/23/2021 02:43:22 - INFO - __main__ -     Num examples = 723
03/23/2021 02:43:22 - INFO - __main__ -     Batch size = 16
03/23/2021 02:43:32 - INFO - __main__ -   ***** Test Eval results *****
03/23/2021 02:43:32 - INFO - __main__ -   
              precision    recall  f1-score   support

         LOC     0.8613    0.8371    0.8490       178
        MISC     0.7293    0.6178    0.6690       157
         ORG     0.8209    0.8354    0.8281       395
         PER     0.9006    0.9195    0.9100       621

   micro avg     0.8547    0.8490    0.8518      1351
   macro avg     0.8280    0.8025    0.8140      1351
weighted avg     0.8522    0.8490    0.8500      1351


Epoch:  42%|████▎     | 17/40 [2:39:59<2:52:07, 449.03s/it]03/23/2021 02:43:32 - INFO - __main__ -   ********** Epoch: 17 **********
03/23/2021 02:43:32 - INFO - __main__ -     Num examples = 3373
03/23/2021 02:43:32 - INFO - __main__ -     Batch size = 16
03/23/2021 02:43:32 - INFO - __main__ -     Num steps = 8400
03/23/2021 02:49:10 - INFO - __main__ -   ***** Running evaluation on Dev Set*****
03/23/2021 02:49:11 - INFO - __main__ -     Num examples = 723
03/23/2021 02:49:11 - INFO - __main__ -     Batch size = 16
03/23/2021 02:49:19 - INFO - __main__ -   ***** Dev Eval results *****
03/23/2021 02:49:19 - INFO - __main__ -   
              precision    recall  f1-score   support

         LOC     0.8312    0.7399    0.7829       173
        MISC     0.6522    0.7000    0.6752       150
         ORG     0.8076    0.8507    0.8286       375
         PER     0.9157    0.9026    0.9091       626

   micro avg     0.8417    0.8437    0.8427      1324
   macro avg     0.8017    0.7983    0.7989      1324
weighted avg     0.8442    0.8437    0.8433      1324

03/23/2021 02:49:19 - INFO - __main__ -   ***** Running Test evaluation *****
03/23/2021 02:49:19 - INFO - __main__ -     Num examples = 723
03/23/2021 02:49:19 - INFO - __main__ -     Batch size = 16
03/23/2021 02:49:27 - INFO - __main__ -   ***** Test Eval results *****
03/23/2021 02:49:27 - INFO - __main__ -   
              precision    recall  f1-score   support

         LOC     0.8963    0.8258    0.8596       178
        MISC     0.7067    0.6752    0.6906       157
         ORG     0.8195    0.8506    0.8348       395
         PER     0.9293    0.9098    0.9194       621

   micro avg     0.8664    0.8542    0.8602      1351
   macro avg     0.8379    0.8154    0.8261      1351
weighted avg     0.8670    0.8542    0.8602      1351


Epoch:  45%|████▌     | 18/40 [2:45:55<2:34:20, 420.91s/it]03/23/2021 02:49:27 - INFO - __main__ -   ********** Epoch: 18 **********
03/23/2021 02:49:27 - INFO - __main__ -     Num examples = 3373
03/23/2021 02:49:27 - INFO - __main__ -     Batch size = 16
03/23/2021 02:49:27 - INFO - __main__ -     Num steps = 8400
03/23/2021 02:55:31 - INFO - __main__ -   ***** Running evaluation on Dev Set*****
03/23/2021 02:55:31 - INFO - __main__ -     Num examples = 723
03/23/2021 02:55:31 - INFO - __main__ -     Batch size = 16
03/23/2021 02:55:50 - INFO - __main__ -   ***** Dev Eval results *****
03/23/2021 02:55:50 - INFO - __main__ -   
              precision    recall  f1-score   support

         LOC     0.8258    0.7399    0.7805       173
        MISC     0.6727    0.7400    0.7048       150
         ORG     0.8220    0.8373    0.8296       375
         PER     0.8746    0.9361    0.9043       626

   micro avg     0.8302    0.8603    0.8450      1324
   macro avg     0.7988    0.8133    0.8048      1324
weighted avg     0.8305    0.8603    0.8444      1324

03/23/2021 02:55:50 - INFO - __main__ -   ***** Running Test evaluation *****
03/23/2021 02:55:50 - INFO - __main__ -     Num examples = 723
03/23/2021 02:55:50 - INFO - __main__ -     Batch size = 16
03/23/2021 02:55:58 - INFO - __main__ -   ***** Test Eval results *****
03/23/2021 02:55:58 - INFO - __main__ -   
              precision    recall  f1-score   support

         LOC     0.8588    0.8202    0.8391       178
        MISC     0.6928    0.6752    0.6839       157
         ORG     0.8355    0.8228    0.8291       395
         PER     0.8591    0.9227    0.8898       621

   micro avg     0.8339    0.8512    0.8425      1351
   macro avg     0.8115    0.8102    0.8104      1351
weighted avg     0.8328    0.8512    0.8414      1351


Epoch:  48%|████▊     | 19/40 [2:52:25<2:24:08, 411.85s/it]03/23/2021 02:55:58 - INFO - __main__ -   ********** Epoch: 19 **********
03/23/2021 02:55:58 - INFO - __main__ -     Num examples = 3373
03/23/2021 02:55:58 - INFO - __main__ -     Batch size = 16
03/23/2021 02:55:58 - INFO - __main__ -     Num steps = 8400
03/23/2021 03:01:23 - INFO - __main__ -   ***** Running evaluation on Dev Set*****
03/23/2021 03:01:23 - INFO - __main__ -     Num examples = 723
03/23/2021 03:01:23 - INFO - __main__ -     Batch size = 16
03/23/2021 03:01:41 - INFO - __main__ -   ***** Dev Eval results *****
03/23/2021 03:01:41 - INFO - __main__ -   
              precision    recall  f1-score   support

         LOC     0.7514    0.7514    0.7514       173
        MISC     0.6966    0.6733    0.6847       150
         ORG     0.7930    0.8480    0.8196       375
         PER     0.8974    0.9217    0.9094       626

   micro avg     0.8267    0.8505    0.8384      1324
   macro avg     0.7846    0.7986    0.7913      1324
weighted avg     0.8260    0.8505    0.8379      1324

03/23/2021 03:01:41 - INFO - __main__ -   ***** Running Test evaluation *****
03/23/2021 03:01:41 - INFO - __main__ -     Num examples = 723
03/23/2021 03:01:41 - INFO - __main__ -     Batch size = 16
03/23/2021 03:02:07 - INFO - __main__ -   ***** Test Eval results *****
03/23/2021 03:02:07 - INFO - __main__ -   
              precision    recall  f1-score   support

         LOC     0.7989    0.8483    0.8229       178
        MISC     0.7143    0.6369    0.6734       157
         ORG     0.8284    0.8557    0.8418       395
         PER     0.9043    0.9130    0.9087       621

   micro avg     0.8475    0.8557    0.8516      1351
   macro avg     0.8115    0.8135    0.8117      1351
weighted avg     0.8462    0.8557    0.8505      1351


Epoch:  50%|█████     | 20/40 [2:58:35<2:13:02, 399.14s/it]03/23/2021 03:02:07 - INFO - __main__ -   ********** Epoch: 20 **********
03/23/2021 03:02:07 - INFO - __main__ -     Num examples = 3373
03/23/2021 03:02:07 - INFO - __main__ -     Batch size = 16
03/23/2021 03:02:07 - INFO - __main__ -     Num steps = 8400
03/23/2021 03:07:53 - INFO - __main__ -   ***** Running evaluation on Dev Set*****
03/23/2021 03:07:53 - INFO - __main__ -     Num examples = 723
03/23/2021 03:07:53 - INFO - __main__ -     Batch size = 16
03/23/2021 03:08:03 - INFO - __main__ -   ***** Dev Eval results *****
03/23/2021 03:08:03 - INFO - __main__ -   
              precision    recall  f1-score   support

         LOC     0.8187    0.7572    0.7868       173
        MISC     0.7292    0.7000    0.7143       150
         ORG     0.8271    0.8293    0.8282       375
         PER     0.9053    0.9313    0.9181       626

   micro avg     0.8535    0.8535    0.8535      1324
   macro avg     0.8201    0.8045    0.8119      1324
weighted avg     0.8519    0.8535    0.8524      1324

03/23/2021 03:08:03 - INFO - __main__ -   ***** Running Test evaluation *****
03/23/2021 03:08:03 - INFO - __main__ -     Num examples = 723
03/23/2021 03:08:03 - INFO - __main__ -     Batch size = 16
03/23/2021 03:08:11 - INFO - __main__ -   ***** Test Eval results *****
03/23/2021 03:08:11 - INFO - __main__ -   
              precision    recall  f1-score   support

         LOC     0.8167    0.8258    0.8212       178
        MISC     0.7113    0.6433    0.6756       157
         ORG     0.8216    0.8278    0.8247       395
         PER     0.8793    0.9147    0.8966       621

   micro avg     0.8367    0.8460    0.8414      1351
   macro avg     0.8072    0.8029    0.8045      1351
weighted avg     0.8346    0.8460    0.8400      1351


Epoch:  52%|█████▎    | 21/40 [3:05:12<2:06:14, 398.64s/it]03/23/2021 03:08:45 - INFO - __main__ -   ********** Epoch: 21 **********
03/23/2021 03:08:45 - INFO - __main__ -     Num examples = 3373
03/23/2021 03:08:45 - INFO - __main__ -     Batch size = 16
03/23/2021 03:08:45 - INFO - __main__ -     Num steps = 8400
03/23/2021 03:14:50 - INFO - __main__ -   ***** Running evaluation on Dev Set*****
03/23/2021 03:14:50 - INFO - __main__ -     Num examples = 723
03/23/2021 03:14:50 - INFO - __main__ -     Batch size = 16
03/23/2021 03:14:59 - INFO - __main__ -   ***** Dev Eval results *****
03/23/2021 03:14:59 - INFO - __main__ -   
              precision    recall  f1-score   support

         LOC     0.8732    0.7168    0.7873       173
        MISC     0.7013    0.7200    0.7105       150
         ORG     0.8156    0.8373    0.8263       375
         PER     0.8952    0.9281    0.9114       626

   micro avg     0.8474    0.8512    0.8493      1324
   macro avg     0.8213    0.8006    0.8089      1324
weighted avg     0.8478    0.8512    0.8483      1324

03/23/2021 03:14:59 - INFO - __main__ -   ***** Running Test evaluation *****
03/23/2021 03:14:59 - INFO - __main__ -     Num examples = 723
03/23/2021 03:14:59 - INFO - __main__ -     Batch size = 16
03/23/2021 03:15:07 - INFO - __main__ -   ***** Test Eval results *****
03/23/2021 03:15:07 - INFO - __main__ -   
              precision    recall  f1-score   support

         LOC     0.8805    0.7865    0.8309       178
        MISC     0.7379    0.6815    0.7086       157
         ORG     0.8300    0.8405    0.8352       395
         PER     0.8854    0.9211    0.9029       621

   micro avg     0.8526    0.8520    0.8523      1351
   macro avg     0.8335    0.8074    0.8194      1351
weighted avg     0.8514    0.8520    0.8511      1351


Epoch:  55%|█████▌    | 22/40 [3:11:34<1:58:06, 393.67s/it]03/23/2021 03:15:07 - INFO - __main__ -   ********** Epoch: 22 **********
03/23/2021 03:15:07 - INFO - __main__ -     Num examples = 3373
03/23/2021 03:15:07 - INFO - __main__ -     Batch size = 16
03/23/2021 03:15:07 - INFO - __main__ -     Num steps = 8400
03/23/2021 03:21:14 - INFO - __main__ -   ***** Running evaluation on Dev Set*****
03/23/2021 03:21:14 - INFO - __main__ -     Num examples = 723
03/23/2021 03:21:14 - INFO - __main__ -     Batch size = 16
03/23/2021 03:21:24 - INFO - __main__ -   ***** Dev Eval results *****
03/23/2021 03:21:24 - INFO - __main__ -   
              precision    recall  f1-score   support

         LOC     0.8025    0.7514    0.7761       173
        MISC     0.6928    0.7067    0.6997       150
         ORG     0.8302    0.8213    0.8257       375
         PER     0.9137    0.9137    0.9137       626

   micro avg     0.8506    0.8429    0.8467      1324
   macro avg     0.8098    0.7983    0.8038      1324
weighted avg     0.8505    0.8429    0.8466      1324

03/23/2021 03:21:24 - INFO - __main__ -   ***** Running Test evaluation *****
03/23/2021 03:21:24 - INFO - __main__ -     Num examples = 723
03/23/2021 03:21:24 - INFO - __main__ -     Batch size = 16
03/23/2021 03:21:32 - INFO - __main__ -   ***** Test Eval results *****
03/23/2021 03:21:32 - INFO - __main__ -   
              precision    recall  f1-score   support

         LOC     0.8212    0.8258    0.8235       178
        MISC     0.6950    0.6242    0.6577       157
         ORG     0.8438    0.8203    0.8318       395
         PER     0.9019    0.9034    0.9027       621

   micro avg     0.8522    0.8364    0.8442      1351
   macro avg     0.8155    0.7934    0.8039      1351
weighted avg     0.8502    0.8364    0.8431      1351


Epoch:  57%|█████▊    | 23/40 [3:17:59<1:50:48, 391.11s/it]03/23/2021 03:21:32 - INFO - __main__ -   ********** Epoch: 23 **********
03/23/2021 03:21:32 - INFO - __main__ -     Num examples = 3373
03/23/2021 03:21:32 - INFO - __main__ -     Batch size = 16
03/23/2021 03:21:32 - INFO - __main__ -     Num steps = 8400
03/23/2021 03:26:57 - INFO - __main__ -   ***** Running evaluation on Dev Set*****
03/23/2021 03:26:57 - INFO - __main__ -     Num examples = 723
03/23/2021 03:26:57 - INFO - __main__ -     Batch size = 16
03/23/2021 03:27:20 - INFO - __main__ -   ***** Dev Eval results *****
03/23/2021 03:27:20 - INFO - __main__ -   
              precision    recall  f1-score   support

         LOC     0.8075    0.7514    0.7784       173
        MISC     0.6815    0.7133    0.6971       150
         ORG     0.8026    0.8240    0.8132       375
         PER     0.9050    0.9281    0.9164       626

   micro avg     0.8379    0.8512    0.8445      1324
   macro avg     0.7991    0.8042    0.8013      1324
weighted avg     0.8379    0.8512    0.8443      1324

03/23/2021 03:27:20 - INFO - __main__ -   ***** Running Test evaluation *****
03/23/2021 03:27:20 - INFO - __main__ -     Num examples = 723
03/23/2021 03:27:20 - INFO - __main__ -     Batch size = 16
03/23/2021 03:27:53 - INFO - __main__ -   ***** Test Eval results *****
03/23/2021 03:27:53 - INFO - __main__ -   
              precision    recall  f1-score   support

         LOC     0.8409    0.8315    0.8362       178
        MISC     0.7172    0.6624    0.6887       157
         ORG     0.8241    0.8304    0.8272       395
         PER     0.9058    0.9130    0.9094       621

   micro avg     0.8528    0.8490    0.8509      1351
   macro avg     0.8220    0.8093    0.8154      1351
weighted avg     0.8514    0.8490    0.8501      1351


Epoch:  60%|██████    | 24/40 [3:24:21<1:43:29, 388.08s/it]03/23/2021 03:27:53 - INFO - __main__ -   ********** Epoch: 24 **********
03/23/2021 03:27:53 - INFO - __main__ -     Num examples = 3373
03/23/2021 03:27:53 - INFO - __main__ -     Batch size = 16
03/23/2021 03:27:53 - INFO - __main__ -     Num steps = 8400
03/23/2021 03:33:16 - INFO - __main__ -   ***** Running evaluation on Dev Set*****
03/23/2021 03:33:17 - INFO - __main__ -     Num examples = 723
03/23/2021 03:33:17 - INFO - __main__ -     Batch size = 16
03/23/2021 03:34:07 - INFO - __main__ -   ***** Dev Eval results *****
03/23/2021 03:34:07 - INFO - __main__ -   
              precision    recall  f1-score   support

         LOC     0.7803    0.7803    0.7803       173
        MISC     0.5978    0.7133    0.6505       150
         ORG     0.8402    0.8133    0.8266       375
         PER     0.9011    0.9169    0.9089       626

   micro avg     0.8291    0.8467    0.8378      1324
   macro avg     0.7799    0.8060    0.7916      1324
weighted avg     0.8337    0.8467    0.8395      1324

03/23/2021 03:34:07 - INFO - __main__ -   ***** Running Test evaluation *****
03/23/2021 03:34:07 - INFO - __main__ -     Num examples = 723
03/23/2021 03:34:07 - INFO - __main__ -     Batch size = 16
03/23/2021 03:34:40 - INFO - __main__ -   ***** Test Eval results *****
03/23/2021 03:34:40 - INFO - __main__ -   
              precision    recall  f1-score   support

         LOC     0.8000    0.8315    0.8154       178
        MISC     0.6242    0.6561    0.6398       157
         ORG     0.8480    0.8051    0.8260       395
         PER     0.8871    0.9114    0.8991       621

   micro avg     0.8327    0.8401    0.8364      1351
   macro avg     0.7898    0.8010    0.7951      1351
weighted avg     0.8337    0.8401    0.8366      1351


Epoch:  62%|██████▎   | 25/40 [3:31:07<1:38:26, 393.75s/it]03/23/2021 03:34:40 - INFO - __main__ -   ********** Epoch: 25 **********
03/23/2021 03:34:40 - INFO - __main__ -     Num examples = 3373
03/23/2021 03:34:40 - INFO - __main__ -     Batch size = 16
03/23/2021 03:34:40 - INFO - __main__ -     Num steps = 8400
03/23/2021 03:41:40 - INFO - __main__ -   ***** Running evaluation on Dev Set*****
03/23/2021 03:41:40 - INFO - __main__ -     Num examples = 723
03/23/2021 03:41:40 - INFO - __main__ -     Batch size = 16
03/23/2021 03:41:49 - INFO - __main__ -   ***** Dev Eval results *****
03/23/2021 03:41:49 - INFO - __main__ -   
              precision    recall  f1-score   support

         LOC     0.7471    0.7514    0.7493       173
        MISC     0.7279    0.6600    0.6923       150
         ORG     0.8287    0.8000    0.8141       375
         PER     0.8877    0.9217    0.9044       626

   micro avg     0.8366    0.8353    0.8360      1324
   macro avg     0.7979    0.7833    0.7900      1324
weighted avg     0.8345    0.8353    0.8345      1324

03/23/2021 03:41:49 - INFO - __main__ -   ***** Running Test evaluation *****
03/23/2021 03:41:49 - INFO - __main__ -     Num examples = 723
03/23/2021 03:41:49 - INFO - __main__ -     Batch size = 16
03/23/2021 03:42:08 - INFO - __main__ -   ***** Test Eval results *****
03/23/2021 03:42:08 - INFO - __main__ -   
              precision    recall  f1-score   support

         LOC     0.7831    0.8315    0.8065       178
        MISC     0.7459    0.5796    0.6523       157
         ORG     0.8607    0.7975    0.8279       395
         PER     0.8727    0.9163    0.8940       621

   micro avg     0.8450    0.8312    0.8381      1351
   macro avg     0.8156    0.7812    0.7952      1351
weighted avg     0.8426    0.8312    0.8350      1351


Epoch:  65%|██████▌   | 26/40 [3:38:36<1:35:40, 410.03s/it]03/23/2021 03:42:08 - INFO - __main__ -   ********** Epoch: 26 **********
03/23/2021 03:42:08 - INFO - __main__ -     Num examples = 3373
03/23/2021 03:42:08 - INFO - __main__ -     Batch size = 16
03/23/2021 03:42:08 - INFO - __main__ -     Num steps = 8400
03/23/2021 03:48:38 - INFO - __main__ -   ***** Running evaluation on Dev Set*****
03/23/2021 03:48:38 - INFO - __main__ -     Num examples = 723
03/23/2021 03:48:38 - INFO - __main__ -     Batch size = 16
03/23/2021 03:48:47 - INFO - __main__ -   ***** Dev Eval results *****
03/23/2021 03:48:47 - INFO - __main__ -   
              precision    recall  f1-score   support

         LOC     0.7778    0.7688    0.7733       173
        MISC     0.7394    0.7000    0.7192       150
         ORG     0.7862    0.8533    0.8184       375
         PER     0.8851    0.9233    0.9038       626

   micro avg     0.8274    0.8580    0.8424      1324
   macro avg     0.7972    0.8114    0.8037      1324
weighted avg     0.8266    0.8580    0.8417      1324

03/23/2021 03:48:47 - INFO - __main__ -   ***** Running Test evaluation *****
03/23/2021 03:48:47 - INFO - __main__ -     Num examples = 723
03/23/2021 03:48:47 - INFO - __main__ -     Batch size = 16
03/23/2021 03:48:56 - INFO - __main__ -   ***** Test Eval results *****
03/23/2021 03:48:56 - INFO - __main__ -   
              precision    recall  f1-score   support

         LOC     0.7842    0.8371    0.8098       178
        MISC     0.7328    0.6115    0.6667       157
         ORG     0.8014    0.8481    0.8241       395
         PER     0.8824    0.9066    0.8944       621

   micro avg     0.8301    0.8460    0.8380      1351
   macro avg     0.8002    0.8008    0.7987      1351
weighted avg     0.8284    0.8460    0.8362      1351


Epoch:  68%|██████▊   | 27/40 [3:45:23<1:28:40, 409.29s/it]03/23/2021 03:48:56 - INFO - __main__ -   ********** Epoch: 27 **********
03/23/2021 03:48:56 - INFO - __main__ -     Num examples = 3373
03/23/2021 03:48:56 - INFO - __main__ -     Batch size = 16
03/23/2021 03:48:56 - INFO - __main__ -     Num steps = 8400
03/23/2021 03:55:28 - INFO - __main__ -   ***** Running evaluation on Dev Set*****
03/23/2021 03:55:29 - INFO - __main__ -     Num examples = 723
03/23/2021 03:55:29 - INFO - __main__ -     Batch size = 16
03/23/2021 03:55:38 - INFO - __main__ -   ***** Dev Eval results *****
03/23/2021 03:55:38 - INFO - __main__ -   
              precision    recall  f1-score   support

         LOC     0.7771    0.7457    0.7611       173
        MISC     0.7518    0.6867    0.7178       150
         ORG     0.8136    0.8267    0.8201       375
         PER     0.8986    0.9201    0.9092       626

   micro avg     0.8438    0.8444    0.8441      1324
   macro avg     0.8103    0.7948    0.8020      1324
weighted avg     0.8420    0.8444    0.8429      1324

03/23/2021 03:55:38 - INFO - __main__ -   ***** Running Test evaluation *****
03/23/2021 03:55:38 - INFO - __main__ -     Num examples = 723
03/23/2021 03:55:38 - INFO - __main__ -     Batch size = 16
03/23/2021 03:55:46 - INFO - __main__ -   ***** Test Eval results *****
03/23/2021 03:55:46 - INFO - __main__ -   
              precision    recall  f1-score   support

         LOC     0.7957    0.8315    0.8132       178
        MISC     0.7519    0.6178    0.6783       157
         ORG     0.8170    0.8253    0.8212       395
         PER     0.8965    0.9066    0.9015       621

   micro avg     0.8450    0.8394    0.8422      1351
   macro avg     0.8153    0.7953    0.8035      1351
weighted avg     0.8432    0.8394    0.8404      1351


Epoch:  70%|███████   | 28/40 [3:52:14<1:21:57, 409.76s/it]03/23/2021 03:55:46 - INFO - __main__ -   ********** Epoch: 28 **********
03/23/2021 03:55:46 - INFO - __main__ -     Num examples = 3373
03/23/2021 03:55:46 - INFO - __main__ -     Batch size = 16
03/23/2021 03:55:46 - INFO - __main__ -     Num steps = 8400
03/23/2021 04:01:57 - INFO - __main__ -   ***** Running evaluation on Dev Set*****
03/23/2021 04:01:57 - INFO - __main__ -     Num examples = 723
03/23/2021 04:01:57 - INFO - __main__ -     Batch size = 16
03/23/2021 04:02:27 - INFO - __main__ -   ***** Dev Eval results *****
03/23/2021 04:02:27 - INFO - __main__ -   
              precision    recall  f1-score   support

         LOC     0.8000    0.7630    0.7811       173
        MISC     0.7013    0.7200    0.7105       150
         ORG     0.7862    0.8533    0.8184       375
         PER     0.8892    0.9233    0.9060       626

   micro avg     0.8270    0.8595    0.8430      1324
   macro avg     0.7942    0.8149    0.8040      1324
weighted avg     0.8271    0.8595    0.8427      1324

03/23/2021 04:02:27 - INFO - __main__ -   ***** Running Test evaluation *****
03/23/2021 04:02:27 - INFO - __main__ -     Num examples = 723
03/23/2021 04:02:27 - INFO - __main__ -     Batch size = 16
03/23/2021 04:02:34 - INFO - __main__ -   ***** Test Eval results *****
03/23/2021 04:02:34 - INFO - __main__ -   
              precision    recall  f1-score   support

         LOC     0.8268    0.8315    0.8291       178
        MISC     0.7413    0.6752    0.7067       157
         ORG     0.7775    0.8405    0.8078       395
         PER     0.8823    0.9050    0.8935       621

   micro avg     0.8283    0.8497    0.8389      1351
   macro avg     0.8070    0.8130    0.8093      1351
weighted avg     0.8279    0.8497    0.8382      1351


Epoch:  72%|███████▎  | 29/40 [3:59:02<1:15:00, 409.18s/it]03/23/2021 04:02:34 - INFO - __main__ -   ********** Epoch: 29 **********
03/23/2021 04:02:34 - INFO - __main__ -     Num examples = 3373
03/23/2021 04:02:34 - INFO - __main__ -     Batch size = 16
03/23/2021 04:02:34 - INFO - __main__ -     Num steps = 8400
03/23/2021 04:07:31 - INFO - __main__ -   ***** Running evaluation on Dev Set*****
03/23/2021 04:07:31 - INFO - __main__ -     Num examples = 723
03/23/2021 04:07:31 - INFO - __main__ -     Batch size = 16
03/23/2021 04:08:14 - INFO - __main__ -   ***** Dev Eval results *****
03/23/2021 04:08:14 - INFO - __main__ -   
              precision    recall  f1-score   support

         LOC     0.8456    0.7283    0.7826       173
        MISC     0.7429    0.6933    0.7172       150
         ORG     0.7990    0.8587    0.8278       375
         PER     0.9089    0.9089    0.9089       626

   micro avg     0.8505    0.8467    0.8486      1324
   macro avg     0.8241    0.7973    0.8091      1324
weighted avg     0.8507    0.8467    0.8477      1324

03/23/2021 04:08:15 - INFO - __main__ -   ***** Running Test evaluation *****
03/23/2021 04:08:15 - INFO - __main__ -     Num examples = 723
03/23/2021 04:08:15 - INFO - __main__ -     Batch size = 16
03/23/2021 04:09:15 - INFO - __main__ -   ***** Test Eval results *****
03/23/2021 04:09:15 - INFO - __main__ -   
              precision    recall  f1-score   support

         LOC     0.8802    0.8258    0.8522       178
        MISC     0.7353    0.6369    0.6826       157
         ORG     0.8136    0.8506    0.8317       395
         PER     0.9129    0.9114    0.9122       621

   micro avg     0.8600    0.8505    0.8552      1351
   macro avg     0.8355    0.8062    0.8197      1351
weighted avg     0.8589    0.8505    0.8541      1351


Epoch:  75%|███████▌  | 30/40 [4:05:43<1:07:48, 406.80s/it]03/23/2021 04:09:16 - INFO - __main__ -   ********** Epoch: 30 **********
03/23/2021 04:09:16 - INFO - __main__ -     Num examples = 3373
03/23/2021 04:09:16 - INFO - __main__ -     Batch size = 16
03/23/2021 04:09:16 - INFO - __main__ -     Num steps = 8400
03/23/2021 04:15:03 - INFO - __main__ -   ***** Running evaluation on Dev Set*****
03/23/2021 04:15:04 - INFO - __main__ -     Num examples = 723
03/23/2021 04:15:04 - INFO - __main__ -     Batch size = 16
03/23/2021 04:15:13 - INFO - __main__ -   ***** Dev Eval results *****
03/23/2021 04:15:13 - INFO - __main__ -   
              precision    recall  f1-score   support

         LOC     0.7844    0.7572    0.7706       173
        MISC     0.7190    0.7333    0.7261       150
         ORG     0.7980    0.8427    0.8197       375
         PER     0.9197    0.9153    0.9175       626

   micro avg     0.8439    0.8535    0.8487      1324
   macro avg     0.8053    0.8121    0.8085      1324
weighted avg     0.8448    0.8535    0.8489      1324

03/23/2021 04:15:13 - INFO - __main__ -   ***** Running Test evaluation *****
03/23/2021 04:15:13 - INFO - __main__ -     Num examples = 723
03/23/2021 04:15:13 - INFO - __main__ -     Batch size = 16
03/23/2021 04:15:23 - INFO - __main__ -   ***** Test Eval results *****
03/23/2021 04:15:23 - INFO - __main__ -   
              precision    recall  f1-score   support

         LOC     0.8380    0.8427    0.8403       178
        MISC     0.7153    0.6561    0.6844       157
         ORG     0.7990    0.8354    0.8168       395
         PER     0.9015    0.8986    0.9000       621

   micro avg     0.8421    0.8446    0.8433      1351
   macro avg     0.8134    0.8082    0.8104      1351
weighted avg     0.8415    0.8446    0.8428      1351


Epoch:  78%|███████▊  | 31/40 [4:11:50<59:15, 395.01s/it]  03/23/2021 04:15:23 - INFO - __main__ -   ********** Epoch: 31 **********
03/23/2021 04:15:23 - INFO - __main__ -     Num examples = 3373
03/23/2021 04:15:23 - INFO - __main__ -     Batch size = 16
03/23/2021 04:15:23 - INFO - __main__ -     Num steps = 8400
03/23/2021 04:21:48 - INFO - __main__ -   ***** Running evaluation on Dev Set*****
03/23/2021 04:21:48 - INFO - __main__ -     Num examples = 723
03/23/2021 04:21:48 - INFO - __main__ -     Batch size = 16
03/23/2021 04:21:56 - INFO - __main__ -   ***** Dev Eval results *****
03/23/2021 04:21:56 - INFO - __main__ -   
              precision    recall  f1-score   support

         LOC     0.8199    0.7630    0.7904       173
        MISC     0.7020    0.7067    0.7043       150
         ORG     0.8342    0.8320    0.8331       375
         PER     0.8952    0.9281    0.9114       626

   micro avg     0.8472    0.8542    0.8507      1324
   macro avg     0.8128    0.8074    0.8098      1324
weighted avg     0.8462    0.8542    0.8499      1324

03/23/2021 04:21:56 - INFO - __main__ -   ***** Running Test evaluation *****
03/23/2021 04:21:56 - INFO - __main__ -     Num examples = 723
03/23/2021 04:21:56 - INFO - __main__ -     Batch size = 16
03/23/2021 04:22:04 - INFO - __main__ -   ***** Test Eval results *****
03/23/2021 04:22:04 - INFO - __main__ -   
              precision    recall  f1-score   support

         LOC     0.8555    0.8315    0.8433       178
        MISC     0.7299    0.6369    0.6803       157
         ORG     0.8464    0.8228    0.8344       395
         PER     0.8760    0.9098    0.8926       621

   micro avg     0.8499    0.8423    0.8461      1351
   macro avg     0.8269    0.8003    0.8126      1351
weighted avg     0.8476    0.8423    0.8444      1351


Epoch:  80%|████████  | 32/40 [4:18:32<52:55, 396.92s/it]03/23/2021 04:22:04 - INFO - __main__ -   ********** Epoch: 32 **********
03/23/2021 04:22:04 - INFO - __main__ -     Num examples = 3373
03/23/2021 04:22:04 - INFO - __main__ -     Batch size = 16
03/23/2021 04:22:04 - INFO - __main__ -     Num steps = 8400
03/23/2021 04:28:39 - INFO - __main__ -   ***** Running evaluation on Dev Set*****
03/23/2021 04:28:39 - INFO - __main__ -     Num examples = 723
03/23/2021 04:28:39 - INFO - __main__ -     Batch size = 16
03/23/2021 04:28:49 - INFO - __main__ -   ***** Dev Eval results *****
03/23/2021 04:28:49 - INFO - __main__ -   
              precision    recall  f1-score   support

         LOC     0.8228    0.7514    0.7855       173
        MISC     0.6815    0.7133    0.6971       150
         ORG     0.8175    0.8480    0.8325       375
         PER     0.9075    0.9249    0.9161       626

   micro avg     0.8450    0.8565    0.8507      1324
   macro avg     0.8073    0.8094    0.8078      1324
weighted avg     0.8453    0.8565    0.8505      1324

03/23/2021 04:28:49 - INFO - __main__ -   ***** Running Test evaluation *****
03/23/2021 04:28:49 - INFO - __main__ -     Num examples = 723
03/23/2021 04:28:49 - INFO - __main__ -     Batch size = 16
03/23/2021 04:28:57 - INFO - __main__ -   ***** Test Eval results *****
03/23/2021 04:28:57 - INFO - __main__ -   
              precision    recall  f1-score   support

         LOC     0.8547    0.8258    0.8400       178
        MISC     0.7042    0.6369    0.6689       157
         ORG     0.8237    0.8278    0.8258       395
         PER     0.8840    0.9082    0.8959       621

   micro avg     0.8436    0.8423    0.8430      1351
   macro avg     0.8166    0.7997    0.8077      1351
weighted avg     0.8416    0.8423    0.8417      1351


Epoch:  82%|████████▎ | 33/40 [4:25:24<46:50, 401.48s/it]03/23/2021 04:28:57 - INFO - __main__ -   ********** Epoch: 33 **********
03/23/2021 04:28:57 - INFO - __main__ -     Num examples = 3373
03/23/2021 04:28:57 - INFO - __main__ -     Batch size = 16
03/23/2021 04:28:57 - INFO - __main__ -     Num steps = 8400
03/23/2021 04:34:26 - INFO - __main__ -   ***** Running evaluation on Dev Set*****
03/23/2021 04:34:26 - INFO - __main__ -     Num examples = 723
03/23/2021 04:34:26 - INFO - __main__ -     Batch size = 16
03/23/2021 04:34:38 - INFO - __main__ -   ***** Dev Eval results *****
03/23/2021 04:34:38 - INFO - __main__ -   
              precision    recall  f1-score   support

         LOC     0.8452    0.7572    0.7988       173
        MISC     0.7078    0.7267    0.7171       150
         ORG     0.7877    0.8507    0.8179       375
         PER     0.9048    0.9265    0.9155       626

   micro avg     0.8406    0.8603    0.8503      1324
   macro avg     0.8114    0.8153    0.8123      1324
weighted avg     0.8415    0.8603    0.8502      1324

03/23/2021 04:34:38 - INFO - __main__ -   ***** Running Test evaluation *****
03/23/2021 04:34:38 - INFO - __main__ -     Num examples = 723
03/23/2021 04:34:38 - INFO - __main__ -     Batch size = 16
03/23/2021 04:34:47 - INFO - __main__ -   ***** Test Eval results *****
03/23/2021 04:34:47 - INFO - __main__ -   
              precision    recall  f1-score   support

         LOC     0.8448    0.8258    0.8352       178
        MISC     0.7021    0.6306    0.6644       157
         ORG     0.8054    0.8380    0.8213       395
         PER     0.8779    0.9034    0.8905       621

   micro avg     0.8337    0.8423    0.8380      1351
   macro avg     0.8076    0.7994    0.8029      1351
weighted avg     0.8319    0.8423    0.8367      1351


Epoch:  85%|████████▌ | 34/40 [4:31:14<38:36, 386.12s/it]03/23/2021 04:34:47 - INFO - __main__ -   ********** Epoch: 34 **********
03/23/2021 04:34:47 - INFO - __main__ -     Num examples = 3373
03/23/2021 04:34:47 - INFO - __main__ -     Batch size = 16
03/23/2021 04:34:47 - INFO - __main__ -     Num steps = 8400
03/23/2021 04:39:34 - INFO - __main__ -   ***** Running evaluation on Dev Set*****
03/23/2021 04:39:34 - INFO - __main__ -     Num examples = 723
03/23/2021 04:39:34 - INFO - __main__ -     Batch size = 16
03/23/2021 04:40:03 - INFO - __main__ -   ***** Dev Eval results *****
03/23/2021 04:40:03 - INFO - __main__ -   
              precision    recall  f1-score   support

         LOC     0.7988    0.7572    0.7774       173
        MISC     0.7047    0.7000    0.7023       150
         ORG     0.8302    0.8347    0.8324       375
         PER     0.8899    0.9297    0.9094       626

   micro avg     0.8415    0.8542    0.8478      1324
   macro avg     0.8059    0.8054    0.8054      1324
weighted avg     0.8401    0.8542    0.8469      1324

03/23/2021 04:40:03 - INFO - __main__ -   ***** Running Test evaluation *****
03/23/2021 04:40:03 - INFO - __main__ -     Num examples = 723
03/23/2021 04:40:03 - INFO - __main__ -     Batch size = 16
03/23/2021 04:40:12 - INFO - __main__ -   ***** Test Eval results *****
03/23/2021 04:40:12 - INFO - __main__ -   
              precision    recall  f1-score   support

         LOC     0.8268    0.8315    0.8291       178
        MISC     0.7185    0.6178    0.6644       157
         ORG     0.8355    0.8101    0.8226       395
         PER     0.8706    0.9098    0.8898       621

   micro avg     0.8395    0.8364    0.8380      1351
   macro avg     0.8129    0.7923    0.8015      1351
weighted avg     0.8369    0.8364    0.8360      1351


Epoch:  88%|████████▊ | 35/40 [4:36:39<30:39, 367.81s/it]03/23/2021 04:40:12 - INFO - __main__ -   ********** Epoch: 35 **********
03/23/2021 04:40:12 - INFO - __main__ -     Num examples = 3373
03/23/2021 04:40:12 - INFO - __main__ -     Batch size = 16
03/23/2021 04:40:12 - INFO - __main__ -     Num steps = 8400
03/23/2021 04:45:31 - INFO - __main__ -   ***** Running evaluation on Dev Set*****
03/23/2021 04:45:31 - INFO - __main__ -     Num examples = 723
03/23/2021 04:45:31 - INFO - __main__ -     Batch size = 16
03/23/2021 04:45:41 - INFO - __main__ -   ***** Dev Eval results *****
03/23/2021 04:45:41 - INFO - __main__ -   
              precision    recall  f1-score   support

         LOC     0.8442    0.7514    0.7951       173
        MISC     0.6923    0.7200    0.7059       150
         ORG     0.8285    0.8373    0.8329       375
         PER     0.8940    0.9297    0.9115       626

   micro avg     0.8463    0.8565    0.8514      1324
   macro avg     0.8147    0.8096    0.8113      1324
weighted avg     0.8461    0.8565    0.8507      1324

03/23/2021 04:45:41 - INFO - __main__ -   ***** Running Test evaluation *****
03/23/2021 04:45:41 - INFO - __main__ -     Num examples = 723
03/23/2021 04:45:41 - INFO - __main__ -     Batch size = 16
03/23/2021 04:46:06 - INFO - __main__ -   ***** Test Eval results *****
03/23/2021 04:46:06 - INFO - __main__ -   
              precision    recall  f1-score   support

         LOC     0.8480    0.8146    0.8309       178
        MISC     0.6966    0.6433    0.6689       157
         ORG     0.8381    0.8127    0.8252       395
         PER     0.8688    0.9066    0.8873       621

   micro avg     0.8389    0.8364    0.8377      1351
   macro avg     0.8129    0.7943    0.8031      1351
weighted avg     0.8371    0.8364    0.8363      1351


Epoch:  90%|█████████ | 36/40 [4:42:34<24:15, 363.85s/it]03/23/2021 04:46:07 - INFO - __main__ -   ********** Epoch: 36 **********
03/23/2021 04:46:07 - INFO - __main__ -     Num examples = 3373
03/23/2021 04:46:07 - INFO - __main__ -     Batch size = 16
03/23/2021 04:46:07 - INFO - __main__ -     Num steps = 8400
03/23/2021 04:51:34 - INFO - __main__ -   ***** Running evaluation on Dev Set*****
03/23/2021 04:51:34 - INFO - __main__ -     Num examples = 723
03/23/2021 04:51:34 - INFO - __main__ -     Batch size = 16
03/23/2021 04:51:43 - INFO - __main__ -   ***** Dev Eval results *****
03/23/2021 04:51:43 - INFO - __main__ -   
              precision    recall  f1-score   support

         LOC     0.7844    0.7572    0.7706       173
        MISC     0.6568    0.7400    0.6959       150
         ORG     0.8111    0.8587    0.8342       375
         PER     0.9215    0.9185    0.9200       626

   micro avg     0.8394    0.8603    0.8497      1324
   macro avg     0.7934    0.8186    0.8052      1324
weighted avg     0.8423    0.8603    0.8508      1324

03/23/2021 04:51:43 - INFO - __main__ -   ***** Running Test evaluation *****
03/23/2021 04:51:43 - INFO - __main__ -     Num examples = 723
03/23/2021 04:51:43 - INFO - __main__ -     Batch size = 16
03/23/2021 04:51:51 - INFO - __main__ -   ***** Test Eval results *****
03/23/2021 04:51:51 - INFO - __main__ -   
              precision    recall  f1-score   support

         LOC     0.8436    0.8483    0.8459       178
        MISC     0.7032    0.6943    0.6987       157
         ORG     0.7986    0.8430    0.8202       395
         PER     0.9029    0.8986    0.9007       621

   micro avg     0.8408    0.8520    0.8463      1351
   macro avg     0.8121    0.8210    0.8164      1351
weighted avg     0.8414    0.8520    0.8465      1351


Epoch:  92%|█████████▎| 37/40 [4:48:18<17:53, 357.98s/it]03/23/2021 04:51:51 - INFO - __main__ -   ********** Epoch: 37 **********
03/23/2021 04:51:51 - INFO - __main__ -     Num examples = 3373
03/23/2021 04:51:51 - INFO - __main__ -     Batch size = 16
03/23/2021 04:51:51 - INFO - __main__ -     Num steps = 8400
03/23/2021 04:57:50 - INFO - __main__ -   ***** Running evaluation on Dev Set*****
03/23/2021 04:57:50 - INFO - __main__ -     Num examples = 723
03/23/2021 04:57:50 - INFO - __main__ -     Batch size = 16
03/23/2021 04:57:58 - INFO - __main__ -   ***** Dev Eval results *****
03/23/2021 04:57:58 - INFO - __main__ -   
              precision    recall  f1-score   support

         LOC     0.8280    0.7514    0.7879       173
        MISC     0.6348    0.7533    0.6890       150
         ORG     0.8170    0.8453    0.8309       375
         PER     0.8946    0.9217    0.9079       626

   micro avg     0.8311    0.8588    0.8447      1324
   macro avg     0.7936    0.8180    0.8039      1324
weighted avg     0.8345    0.8588    0.8456      1324

03/23/2021 04:57:58 - INFO - __main__ -   ***** Running Test evaluation *****
03/23/2021 04:57:58 - INFO - __main__ -     Num examples = 723
03/23/2021 04:57:58 - INFO - __main__ -     Batch size = 16
03/23/2021 04:58:06 - INFO - __main__ -   ***** Test Eval results *****
03/23/2021 04:58:06 - INFO - __main__ -   
              precision    recall  f1-score   support

         LOC     0.8497    0.8258    0.8376       178
        MISC     0.6894    0.7070    0.6981       157
         ORG     0.8119    0.8304    0.8210       395
         PER     0.8836    0.9050    0.8942       621

   micro avg     0.8355    0.8497    0.8426      1351
   macro avg     0.8087    0.8171    0.8127      1351
weighted avg     0.8356    0.8497    0.8426      1351


Epoch:  95%|█████████▌| 38/40 [4:54:34<12:06, 363.29s/it]03/23/2021 04:58:07 - INFO - __main__ -   ********** Epoch: 38 **********
03/23/2021 04:58:07 - INFO - __main__ -     Num examples = 3373
03/23/2021 04:58:07 - INFO - __main__ -     Batch size = 16
03/23/2021 04:58:07 - INFO - __main__ -     Num steps = 8400
03/23/2021 05:04:26 - INFO - __main__ -   ***** Running evaluation on Dev Set*****
03/23/2021 05:04:26 - INFO - __main__ -     Num examples = 723
03/23/2021 05:04:26 - INFO - __main__ -     Batch size = 16
03/23/2021 05:04:36 - INFO - __main__ -   ***** Dev Eval results *****
03/23/2021 05:04:36 - INFO - __main__ -   
              precision    recall  f1-score   support

         LOC     0.8176    0.7514    0.7831       173
        MISC     0.6457    0.7533    0.6954       150
         ORG     0.8191    0.8453    0.8320       375
         PER     0.8920    0.9233    0.9074       626

   micro avg     0.8313    0.8595    0.8452      1324
   macro avg     0.7936    0.8184    0.8045      1324
weighted avg     0.8337    0.8595    0.8458      1324

03/23/2021 05:04:36 - INFO - __main__ -   ***** Running Test evaluation *****
03/23/2021 05:04:36 - INFO - __main__ -     Num examples = 723
03/23/2021 05:04:36 - INFO - __main__ -     Batch size = 16
03/23/2021 05:04:44 - INFO - __main__ -   ***** Test Eval results *****
03/23/2021 05:04:44 - INFO - __main__ -   
              precision    recall  f1-score   support

         LOC     0.8448    0.8258    0.8352       178
        MISC     0.6937    0.7070    0.7003       157
         ORG     0.8144    0.8329    0.8235       395
         PER     0.8809    0.9050    0.8928       621

   micro avg     0.8350    0.8505    0.8427      1351
   macro avg     0.8085    0.8177    0.8130      1351
weighted avg     0.8349    0.8505    0.8426      1351


Epoch:  98%|█████████▊| 39/40 [5:01:12<06:13, 373.61s/it]03/23/2021 05:04:44 - INFO - __main__ -   ********** Epoch: 39 **********
03/23/2021 05:04:44 - INFO - __main__ -     Num examples = 3373
03/23/2021 05:04:44 - INFO - __main__ -     Batch size = 16
03/23/2021 05:04:44 - INFO - __main__ -     Num steps = 8400
03/23/2021 05:09:51 - INFO - __main__ -   ***** Running evaluation on Dev Set*****
03/23/2021 05:09:51 - INFO - __main__ -     Num examples = 723
03/23/2021 05:09:51 - INFO - __main__ -     Batch size = 16
03/23/2021 05:10:07 - INFO - __main__ -   ***** Dev Eval results *****
03/23/2021 05:10:07 - INFO - __main__ -   
              precision    recall  f1-score   support

         LOC     0.8125    0.7514    0.7808       173
        MISC     0.6379    0.7400    0.6852       150
         ORG     0.8255    0.8453    0.8353       375
         PER     0.8949    0.9249    0.9097       626

   micro avg     0.8330    0.8588    0.8457      1324
   macro avg     0.7927    0.8154    0.8027      1324
weighted avg     0.8354    0.8588    0.8463      1324

03/23/2021 05:10:07 - INFO - __main__ -   ***** Running Test evaluation *****
03/23/2021 05:10:07 - INFO - __main__ -     Num examples = 723
03/23/2021 05:10:07 - INFO - __main__ -     Batch size = 16
03/23/2021 05:11:11 - INFO - __main__ -   ***** Test Eval results *****
03/23/2021 05:11:11 - INFO - __main__ -   
              precision    recall  f1-score   support

         LOC     0.8400    0.8258    0.8329       178
        MISC     0.6728    0.6943    0.6834       157
         ORG     0.8216    0.8278    0.8247       395
         PER     0.8823    0.9050    0.8935       621

   micro avg     0.8345    0.8475    0.8410      1351
   macro avg     0.8042    0.8132    0.8086      1351
weighted avg     0.8346    0.8475    0.8410      1351


Epoch: 100%|██████████| 40/40 [5:07:38<00:00, 377.55s/it]
Epoch: 100%|██████████| 40/40 [5:07:38<00:00, 461.47s/it]
03/23/2021 05:12:17 - INFO - __main__ -   *** Example ***
03/23/2021 05:12:17 - INFO - __main__ -   guid: test-0
03/23/2021 05:12:17 - INFO - __main__ -   tokens: C ##iti ##field Fan View : R ##T @ j ##eh ##nny ##b ##good ##e What a gorgeous day for baseball ! St ##uck in that Sa ##tur ##da ##ze . # New ##Y ##or ##k ##M ##ets V ##S # Sa …
03/23/2021 05:12:17 - INFO - __main__ -   input_ids: 101 140 17030 2427 16061 10344 131 155 1942 137 179 10486 15863 1830 23684 1162 1327 170 10144 1285 1111 3866 106 1457 8474 1107 1115 17784 20362 1810 3171 119 108 1203 3663 1766 1377 2107 6248 159 1708 108 17784 795 102 0 0 0 0 0 0 0 0 0 0 0 0 0 0 0 0 0 0 0 0 0 0 0 0 0 0 0 0 0 0 0 0 0 0 0 0 0 0 0 0 0 0 0 0 0 0 0 0 0 0 0 0 0 0 0 0 0 0 0 0 0 0 0 0 0 0 0 0 0 0 0 0 0 0 0 0 0 0 0 0 0 0 0
03/23/2021 05:12:17 - INFO - __main__ -   input_mask: 1 1 1 1 1 1 1 1 1 1 1 1 1 1 1 1 1 1 1 1 1 1 1 1 1 1 1 1 1 1 1 1 1 1 1 1 1 1 1 1 1 1 1 1 1 0 0 0 0 0 0 0 0 0 0 0 0 0 0 0 0 0 0 0 0 0 0 0 0 0 0 0 0 0 0 0 0 0 0 0 0 0 0 0 0 0 0 0 0 0 0 0 0 0 0 0 0 0 0 0 0 0 0 0 0 0 0 0 0 0 0 0 0 0 0 0 0 0 0 0 0 0 0 0 0 0 0 0
03/23/2021 05:12:17 - INFO - __main__ -   segment_ids: 0 0 0 0 0 0 0 0 0 0 0 0 0 0 0 0 0 0 0 0 0 0 0 0 0 0 0 0 0 0 0 0 0 0 0 0 0 0 0 0 0 0 0 0 0 0 0 0 0 0 0 0 0 0 0 0 0 0 0 0 0 0 0 0 0 0 0 0 0 0 0 0 0 0 0 0 0 0 0 0 0 0 0 0 0 0 0 0 0 0 0 0 0 0 0 0 0 0 0 0 0 0 0 0 0 0 0 0 0 0 0 0 0 0 0 0 0 0 0 0 0 0 0 0 0 0 0 0
03/23/2021 05:12:17 - INFO - __main__ -   label: 11 8 10 10 1 1 1 1 10 1 4 10 10 10 10 10 1 1 1 1 1 1 1 1 10 1 1 1 10 10 10 1 1 6 10 10 10 10 10 1 10 1 1 1 12 0 0 0 0 0 0 0 0 0 0 0 0 0 0 0 0 0 0 0 0 0 0 0 0 0 0 0 0 0 0 0 0 0 0 0 0 0 0 0 0 0 0 0 0 0 0 0 0 0 0 0 0 0 0 0 0 0 0 0 0 0 0 0 0 0 0 0 0 0 0 0 0 0 0 0 0 0 0 0 0 0 0 0
03/23/2021 05:12:17 - INFO - __main__ -   auxlabel: 5 2 4 4 1 1 1 1 4 1 2 4 4 4 4 4 1 1 1 1 1 1 1 1 4 1 1 1 4 4 4 1 1 2 4 4 4 4 4 1 4 1 1 1 6 0 0 0 0 0 0 0 0 0 0 0 0 0 0 0 0 0 0 0 0 0 0 0 0 0 0 0 0 0 0 0 0 0 0 0 0 0 0 0 0 0 0 0 0 0 0 0 0 0 0 0 0 0 0 0 0 0 0 0 0 0 0 0 0 0 0 0 0 0 0 0 0 0 0 0 0 0 0 0 0 0 0 0
03/23/2021 05:12:17 - INFO - __main__ -   poslabel: 6 2 5 5 2 2 1 2 5 1 2 5 5 5 5 5 1 1 3 2 1 2 1 2 5 1 1 2 5 5 5 1 2 2 5 5 5 5 5 2 5 2 2 1 7 0 0 0 0 0 0 0 0 0 0 0 0 0 0 0 0 0 0 0 0 0 0 0 0 0 0 0 0 0 0 0 0 0 0 0 0 0 0 0 0 0 0 0 0 0 0 0 0 0 0 0 0 0 0 0 0 0 0 0 0 0 0 0 0 0 0 0 0 0 0 0 0 0 0 0 0 0 0 0 0 0 0 0
03/23/2021 05:12:17 - INFO - __main__ -   *** Example ***
03/23/2021 05:12:17 - INFO - __main__ -   guid: test-1
03/23/2021 05:12:17 - INFO - __main__ -   tokens: Just used my Pass Master on Wayne Rooney on @ ultimate ##fan ##li ##ve for # m ##uf ##c vs # a ##f ##c ##b
03/23/2021 05:12:17 - INFO - __main__ -   input_ids: 101 2066 1215 1139 9157 3257 1113 5489 27238 1113 137 10010 16740 2646 2707 1111 108 182 16205 1665 5016 108 170 2087 1665 1830 102 0 0 0 0 0 0 0 0 0 0 0 0 0 0 0 0 0 0 0 0 0 0 0 0 0 0 0 0 0 0 0 0 0 0 0 0 0 0 0 0 0 0 0 0 0 0 0 0 0 0 0 0 0 0 0 0 0 0 0 0 0 0 0 0 0 0 0 0 0 0 0 0 0 0 0 0 0 0 0 0 0 0 0 0 0 0 0 0 0 0 0 0 0 0 0 0 0 0 0 0 0
03/23/2021 05:12:17 - INFO - __main__ -   input_mask: 1 1 1 1 1 1 1 1 1 1 1 1 1 1 1 1 1 1 1 1 1 1 1 1 1 1 1 0 0 0 0 0 0 0 0 0 0 0 0 0 0 0 0 0 0 0 0 0 0 0 0 0 0 0 0 0 0 0 0 0 0 0 0 0 0 0 0 0 0 0 0 0 0 0 0 0 0 0 0 0 0 0 0 0 0 0 0 0 0 0 0 0 0 0 0 0 0 0 0 0 0 0 0 0 0 0 0 0 0 0 0 0 0 0 0 0 0 0 0 0 0 0 0 0 0 0 0 0
03/23/2021 05:12:17 - INFO - __main__ -   segment_ids: 0 0 0 0 0 0 0 0 0 0 0 0 0 0 0 0 0 0 0 0 0 0 0 0 0 0 0 0 0 0 0 0 0 0 0 0 0 0 0 0 0 0 0 0 0 0 0 0 0 0 0 0 0 0 0 0 0 0 0 0 0 0 0 0 0 0 0 0 0 0 0 0 0 0 0 0 0 0 0 0 0 0 0 0 0 0 0 0 0 0 0 0 0 0 0 0 0 0 0 0 0 0 0 0 0 0 0 0 0 0 0 0 0 0 0 0 0 0 0 0 0 0 0 0 0 0 0 0
03/23/2021 05:12:17 - INFO - __main__ -   label: 11 1 1 1 1 1 1 4 5 1 1 1 10 10 10 1 1 6 10 10 1 1 6 10 10 10 12 0 0 0 0 0 0 0 0 0 0 0 0 0 0 0 0 0 0 0 0 0 0 0 0 0 0 0 0 0 0 0 0 0 0 0 0 0 0 0 0 0 0 0 0 0 0 0 0 0 0 0 0 0 0 0 0 0 0 0 0 0 0 0 0 0 0 0 0 0 0 0 0 0 0 0 0 0 0 0 0 0 0 0 0 0 0 0 0 0 0 0 0 0 0 0 0 0 0 0 0 0
03/23/2021 05:12:17 - INFO - __main__ -   auxlabel: 5 1 1 1 1 1 1 2 3 1 1 1 4 4 4 1 1 2 4 4 1 1 2 4 4 4 6 0 0 0 0 0 0 0 0 0 0 0 0 0 0 0 0 0 0 0 0 0 0 0 0 0 0 0 0 0 0 0 0 0 0 0 0 0 0 0 0 0 0 0 0 0 0 0 0 0 0 0 0 0 0 0 0 0 0 0 0 0 0 0 0 0 0 0 0 0 0 0 0 0 0 0 0 0 0 0 0 0 0 0 0 0 0 0 0 0 0 0 0 0 0 0 0 0 0 0 0 0
03/23/2021 05:12:17 - INFO - __main__ -   poslabel: 6 1 4 1 2 2 1 2 2 1 1 3 5 5 5 1 2 2 5 5 1 2 2 5 5 5 7 0 0 0 0 0 0 0 0 0 0 0 0 0 0 0 0 0 0 0 0 0 0 0 0 0 0 0 0 0 0 0 0 0 0 0 0 0 0 0 0 0 0 0 0 0 0 0 0 0 0 0 0 0 0 0 0 0 0 0 0 0 0 0 0 0 0 0 0 0 0 0 0 0 0 0 0 0 0 0 0 0 0 0 0 0 0 0 0 0 0 0 0 0 0 0 0 0 0 0 0 0
03/23/2021 05:12:47 - INFO - __main__ -   ***** Running Test Evaluation with the Best Model on the Dev Set*****
03/23/2021 05:12:47 - INFO - __main__ -     Num examples = 723
03/23/2021 05:12:47 - INFO - __main__ -     Batch size = 16

Evaluating:   0%|          | 0/46 [00:00<?, ?it/s]run_mtmner_crf.py:1062: UserWarning: To copy construct from a tensor, it is recommended to use sourceTensor.clone().detach() or sourceTensor.clone().detach().requires_grad_(True), rather than torch.tensor(sourceTensor).
  trans_matrix = torch.tensor(trans_matrix).to(device)

Evaluating:   2%|▏         | 1/46 [00:01<01:17,  1.72s/it]
Evaluating:   4%|▍         | 2/46 [00:01<00:35,  1.23it/s]
Evaluating:   7%|▋         | 3/46 [00:02<00:22,  1.91it/s]
Evaluating:   9%|▊         | 4/46 [00:02<00:16,  2.59it/s]
Evaluating:  11%|█         | 5/46 [00:02<00:12,  3.23it/s]
Evaluating:  13%|█▎        | 6/46 [00:02<00:10,  3.79it/s]
Evaluating:  15%|█▌        | 7/46 [00:02<00:09,  4.22it/s]
Evaluating:  17%|█▋        | 8/46 [00:02<00:08,  4.61it/s]
Evaluating:  20%|█▉        | 9/46 [00:03<00:07,  4.92it/s]
Evaluating:  22%|██▏       | 10/46 [00:03<00:07,  5.14it/s]
Evaluating:  24%|██▍       | 11/46 [00:03<00:06,  5.20it/s]
Evaluating:  26%|██▌       | 12/46 [00:03<00:06,  5.33it/s]
Evaluating:  28%|██▊       | 13/46 [00:03<00:06,  5.46it/s]
Evaluating:  30%|███       | 14/46 [00:04<00:05,  5.54it/s]
Evaluating:  33%|███▎      | 15/46 [00:04<00:05,  5.49it/s]
Evaluating:  35%|███▍      | 16/46 [00:04<00:05,  5.55it/s]
Evaluating:  37%|███▋      | 17/46 [00:04<00:05,  5.61it/s]
Evaluating:  39%|███▉      | 18/46 [00:04<00:04,  5.68it/s]
Evaluating:  41%|████▏     | 19/46 [00:04<00:04,  5.71it/s]
Evaluating:  43%|████▎     | 20/46 [00:05<00:04,  5.76it/s]
Evaluating:  46%|████▌     | 21/46 [00:05<00:04,  5.84it/s]
Evaluating:  48%|████▊     | 22/46 [00:05<00:04,  5.84it/s]
Evaluating:  50%|█████     | 23/46 [00:05<00:03,  5.81it/s]
Evaluating:  52%|█████▏    | 24/46 [00:05<00:03,  5.78it/s]
Evaluating:  54%|█████▍    | 25/46 [00:05<00:03,  5.78it/s]
Evaluating:  57%|█████▋    | 26/46 [00:06<00:03,  5.79it/s]
Evaluating:  59%|█████▊    | 27/46 [00:06<00:03,  5.81it/s]
Evaluating:  61%|██████    | 28/46 [00:06<00:03,  5.79it/s]
Evaluating:  63%|██████▎   | 29/46 [00:06<00:02,  5.81it/s]
Evaluating:  65%|██████▌   | 30/46 [00:06<00:02,  5.84it/s]
Evaluating:  67%|██████▋   | 31/46 [00:06<00:02,  5.82it/s]
Evaluating:  70%|██████▉   | 32/46 [00:07<00:02,  5.82it/s]
Evaluating:  72%|███████▏  | 33/46 [00:07<00:02,  5.78it/s]
Evaluating:  74%|███████▍  | 34/46 [00:07<00:02,  5.83it/s]
Evaluating:  76%|███████▌  | 35/46 [00:07<00:01,  5.86it/s]
Evaluating:  78%|███████▊  | 36/46 [00:07<00:01,  5.80it/s]
Evaluating:  80%|████████  | 37/46 [00:07<00:01,  5.81it/s]
Evaluating:  83%|████████▎ | 38/46 [00:08<00:01,  5.80it/s]
Evaluating:  85%|████████▍ | 39/46 [00:08<00:01,  5.81it/s]
Evaluating:  87%|████████▋ | 40/46 [00:08<00:01,  5.79it/s]
Evaluating:  89%|████████▉ | 41/46 [00:08<00:00,  5.74it/s]
Evaluating:  91%|█████████▏| 42/46 [00:08<00:00,  5.78it/s]
Evaluating:  93%|█████████▎| 43/46 [00:09<00:00,  5.82it/s]
Evaluating:  96%|█████████▌| 44/46 [00:09<00:00,  5.82it/s]
Evaluating:  98%|█████████▊| 45/46 [00:09<00:00,  5.80it/s]
Evaluating: 100%|██████████| 46/46 [00:09<00:00,  5.96it/s]
Evaluating: 100%|██████████| 46/46 [00:09<00:00,  4.83it/s]
03/23/2021 05:13:41 - INFO - __main__ -   ***** Test Eval results *****
03/23/2021 05:13:41 - INFO - __main__ -   
              precision    recall  f1-score   support

         LOC     0.8167    0.8258    0.8212       178
        MISC     0.7163    0.6433    0.6779       157
         ORG     0.8216    0.8278    0.8247       395
         PER     0.8793    0.9147    0.8966       621

   micro avg     0.8374    0.8460    0.8417      1351
   macro avg     0.8085    0.8029    0.8051      1351
weighted avg     0.8352    0.8460    0.8402      1351

The number of samples: 3373
The number of images: 3373
the number of problematic samples: 362
The number of samples: 723
The number of images: 723
the number of problematic samples: 84
The number of samples: 723
The number of images: 723
the number of problematic samples: 78
F-score:  0.721
F-score:  0.7848
F-score:  0.8192
F-score:  0.8086
F-score:  0.832
F-score:  0.8309
F-score:  0.8362
F-score:  0.8296
F-score:  0.8387
F-score:  0.843
F-score:  0.8388
F-score:  0.8392
F-score:  0.8401
F-score:  0.8356
F-score:  0.8483
F-score:  0.8363
F-score:  0.8346
F-score:  0.8427
F-score:  0.845
F-score:  0.8384
F-score:  0.8535
F-score:  0.8493
F-score:  0.8467
F-score:  0.8445
F-score:  0.8378
F-score:  0.836
F-score:  0.8424
F-score:  0.8441
F-score:  0.843
F-score:  0.8486
F-score:  0.8487
F-score:  0.8507
F-score:  0.8507
F-score:  0.8503
F-score:  0.8478
F-score:  0.8514
F-score:  0.8497
F-score:  0.8447
F-score:  0.8452
F-score:  0.8457
**************************************************
The best epoch on the dev set:  20
The best Micro-F1 score on the dev set:  0.8535
The best epoch on the test set:  17
The best Micro-F1 score on the test set:  0.8602


The number of samples: 723
The number of images: 723
the number of problematic samples: 78
The number of samples: 723
The number of images: 723
Overall:  0.8373626373626374 0.8460399703923019 0.841678939617084
Person:  0.8792569659442725 0.9146537842190016 0.8966061562746646
Location:  0.8166666666666667 0.8258426966292135 0.8212290502793296
Organization:  0.821608040201005 0.8278481012658228 0.824716267339218
Miscellaneous:  0.7163120567375887 0.643312101910828 0.6778523489932886
