run_mtmner_crf.py
twitter2015
MTCCMBert
03/23/2021 21:18:27 - INFO - __main__ -   ***** Dev Eval results *****
03/23/2021 21:18:27 - INFO - __main__ -   
              precision    recall  f1-score   support

         LOC     0.7260    0.7808    0.7524       543
        MISC     0.1445    0.1073    0.1232       233
         ORG     0.4242    0.3347    0.3742       251
         PER     0.7203    0.8979    0.7994       568
           _     0.0000    0.0000    0.0000         0

   micro avg     0.6268    0.6539    0.6401      1595
   macro avg     0.4030    0.4241    0.4098      1595
weighted avg     0.5916    0.6539    0.6177      1595

03/23/2021 21:18:27 - INFO - __main__ -   ***** Running Test evaluation *****
03/23/2021 21:18:27 - INFO - __main__ -     Num examples = 3257
03/23/2021 21:18:27 - INFO - __main__ -     Batch size = 16
  warnings.warn('{} seems not to be NE tag.'.format(chunk))
03/23/2021 21:19:09 - INFO - __main__ -   ***** Test Eval results *****
03/23/2021 21:19:09 - INFO - __main__ -   
              precision    recall  f1-score   support

         LOC     0.7385    0.7990    0.7675      1721
        MISC     0.1065    0.0782    0.0902       754
         ORG     0.5023    0.3798    0.4325       861
         PER     0.7284    0.9045    0.8070      1874
        SEP]     0.0000    0.0000    0.0000         0
           _     0.0000    0.0000    0.0000         0

   micro avg     0.6404    0.6633    0.6516      5210
   macro avg     0.3459    0.3602    0.3495      5210
weighted avg     0.6044    0.6633    0.6283      5210


Epoch:   2%|▎         | 1/40 [08:02<5:13:44, 482.69s/it]03/23/2021 21:19:19 - INFO - __main__ -   ********** Epoch: 1 **********
03/23/2021 21:19:19 - INFO - __main__ -     Num examples = 4000
03/23/2021 21:19:19 - INFO - __main__ -     Batch size = 16
03/23/2021 21:19:19 - INFO - __main__ -     Num steps = 10000
03/23/2021 21:26:06 - INFO - __main__ -   ***** Running evaluation on Dev Set*****
03/23/2021 21:26:06 - INFO - __main__ -     Num examples = 1000
03/23/2021 21:26:06 - INFO - __main__ -     Batch size = 16
03/23/2021 21:26:18 - INFO - __main__ -   ***** Dev Eval results *****
03/23/2021 21:26:18 - INFO - __main__ -   
              precision    recall  f1-score   support

         LOC     0.7717    0.8029    0.7870       543
        MISC     0.2824    0.4120    0.3351       233
         ORG     0.5810    0.5857    0.5833       251
         PER     0.7742    0.8996    0.8322       568

   micro avg     0.6546    0.7461    0.6973      1595
   macro avg     0.6023    0.6751    0.6344      1595
weighted avg     0.6711    0.7461    0.7050      1595

03/23/2021 21:26:18 - INFO - __main__ -   ***** Running Test evaluation *****
03/23/2021 21:26:18 - INFO - __main__ -     Num examples = 3257
03/23/2021 21:26:18 - INFO - __main__ -     Batch size = 16
03/23/2021 21:27:01 - INFO - __main__ -   ***** Test Eval results *****
03/23/2021 21:27:01 - INFO - __main__ -   
              precision    recall  f1-score   support

         LOC     0.7787    0.8344    0.8056      1721
        MISC     0.2853    0.4310    0.3434       754
         ORG     0.5841    0.5807    0.5824       861
         PER     0.7785    0.8927    0.8317      1874
        SEP]     0.0000    0.0000    0.0000         0

   micro avg     0.6568    0.7551    0.7025      5210
   macro avg     0.4853    0.5478    0.5126      5210
weighted avg     0.6751    0.7551    0.7112      5210


Epoch:   5%|▌         | 2/40 [15:58<5:02:58, 478.38s/it]03/23/2021 21:27:14 - INFO - __main__ -   ********** Epoch: 2 **********
03/23/2021 21:27:14 - INFO - __main__ -     Num examples = 4000
03/23/2021 21:27:14 - INFO - __main__ -     Batch size = 16
03/23/2021 21:27:14 - INFO - __main__ -     Num steps = 10000
03/23/2021 21:33:55 - INFO - __main__ -   ***** Running evaluation on Dev Set*****
03/23/2021 21:33:55 - INFO - __main__ -     Num examples = 1000
03/23/2021 21:33:55 - INFO - __main__ -     Batch size = 16
03/23/2021 21:34:07 - INFO - __main__ -   ***** Dev Eval results *****
03/23/2021 21:34:07 - INFO - __main__ -   
              precision    recall  f1-score   support

         LOC     0.7793    0.8324    0.8050       543
        MISC     0.3267    0.3519    0.3388       233
         ORG     0.5679    0.6494    0.6059       251
         PER     0.8369    0.8856    0.8606       568

   micro avg     0.6981    0.7524    0.7242      1595
   macro avg     0.6277    0.6798    0.6526      1595
weighted avg     0.7005    0.7524    0.7254      1595

03/23/2021 21:34:07 - INFO - __main__ -   ***** Running Test evaluation *****
03/23/2021 21:34:07 - INFO - __main__ -     Num examples = 3257
03/23/2021 21:34:07 - INFO - __main__ -     Batch size = 16
03/23/2021 21:34:50 - INFO - __main__ -   ***** Test Eval results *****
03/23/2021 21:34:50 - INFO - __main__ -   
              precision    recall  f1-score   support

         LOC     0.7910    0.8379    0.8138      1721
        MISC     0.3119    0.3740    0.3402       754
         ORG     0.5396    0.6330    0.5826       861
         PER     0.8357    0.8661    0.8506      1874
        SEP]     0.0000    0.0000    0.0000         0

   micro avg     0.6852    0.7470    0.7148      5210
   macro avg     0.4957    0.5422    0.5174      5210
weighted avg     0.6962    0.7470    0.7203      5210


Epoch:   8%|▊         | 3/40 [23:39<4:50:07, 470.47s/it]03/23/2021 21:34:55 - INFO - __main__ -   ********** Epoch: 3 **********
03/23/2021 21:34:55 - INFO - __main__ -     Num examples = 4000
03/23/2021 21:34:55 - INFO - __main__ -     Batch size = 16
03/23/2021 21:34:55 - INFO - __main__ -     Num steps = 10000
03/23/2021 21:41:26 - INFO - __main__ -   ***** Running evaluation on Dev Set*****
03/23/2021 21:41:26 - INFO - __main__ -     Num examples = 1000
03/23/2021 21:41:26 - INFO - __main__ -     Batch size = 16
03/23/2021 21:41:37 - INFO - __main__ -   ***** Dev Eval results *****
03/23/2021 21:41:37 - INFO - __main__ -   
              precision    recall  f1-score   support

         LOC     0.7716    0.8214    0.7957       543
        MISC     0.3415    0.3004    0.3196       233
         ORG     0.5693    0.6215    0.5943       251
         PER     0.8083    0.8908    0.8476       568

   micro avg     0.6999    0.7386    0.7187      1595
   macro avg     0.6227    0.6585    0.6393      1595
weighted avg     0.6900    0.7386    0.7129      1595

03/23/2021 21:41:37 - INFO - __main__ -   ***** Running Test evaluation *****
03/23/2021 21:41:37 - INFO - __main__ -     Num examples = 3257
03/23/2021 21:41:37 - INFO - __main__ -     Batch size = 16
03/23/2021 21:42:16 - INFO - __main__ -   ***** Test Eval results *****
03/23/2021 21:42:16 - INFO - __main__ -   
              precision    recall  f1-score   support

         LOC     0.7798    0.8414    0.8094      1721
        MISC     0.3525    0.3408    0.3466       754
         ORG     0.5602    0.6272    0.5918       861
         PER     0.8111    0.8778    0.8432      1874

   micro avg     0.6974    0.7466    0.7212      5210
   macro avg     0.6259    0.6718    0.6477      5210
weighted avg     0.6929    0.7466    0.7186      5210


Epoch:  10%|█         | 4/40 [31:00<4:35:22, 458.95s/it]03/23/2021 21:42:16 - INFO - __main__ -   ********** Epoch: 4 **********
03/23/2021 21:42:16 - INFO - __main__ -     Num examples = 4000
03/23/2021 21:42:16 - INFO - __main__ -     Batch size = 16
03/23/2021 21:42:16 - INFO - __main__ -     Num steps = 10000
03/23/2021 21:48:59 - INFO - __main__ -   ***** Running evaluation on Dev Set*****
03/23/2021 21:48:59 - INFO - __main__ -     Num examples = 1000
03/23/2021 21:48:59 - INFO - __main__ -     Batch size = 16
03/23/2021 21:49:11 - INFO - __main__ -   ***** Dev Eval results *****
03/23/2021 21:49:11 - INFO - __main__ -   
              precision    recall  f1-score   support

         LOC     0.8191    0.7753    0.7966       543
        MISC     0.3381    0.4077    0.3696       233
         ORG     0.6137    0.5697    0.5909       251
         PER     0.7961    0.8592    0.8264       568

   micro avg     0.6990    0.7191    0.7089      1595
   macro avg     0.6417    0.6530    0.6459      1595
weighted avg     0.7083    0.7191    0.7125      1595

03/23/2021 21:49:11 - INFO - __main__ -   ***** Running Test evaluation *****
03/23/2021 21:49:11 - INFO - __main__ -     Num examples = 3257
03/23/2021 21:49:11 - INFO - __main__ -     Batch size = 16
03/23/2021 21:49:49 - INFO - __main__ -   ***** Test Eval results *****
03/23/2021 21:49:49 - INFO - __main__ -   
              precision    recall  f1-score   support

         LOC     0.8102    0.8013    0.8057      1721
        MISC     0.3409    0.4191    0.3760       754
         ORG     0.6230    0.5738    0.5973       861
         PER     0.8116    0.8618    0.8359      1874

   micro avg     0.7029    0.7301    0.7162      5210
   macro avg     0.6464    0.6640    0.6537      5210
weighted avg     0.7118    0.7301    0.7200      5210


Epoch:  12%|█▎        | 5/40 [38:33<4:26:33, 456.97s/it]03/23/2021 21:49:49 - INFO - __main__ -   ********** Epoch: 5 **********
03/23/2021 21:49:49 - INFO - __main__ -     Num examples = 4000
03/23/2021 21:49:49 - INFO - __main__ -     Batch size = 16
03/23/2021 21:49:49 - INFO - __main__ -     Num steps = 10000
03/23/2021 21:56:30 - INFO - __main__ -   ***** Running evaluation on Dev Set*****
03/23/2021 21:56:30 - INFO - __main__ -     Num examples = 1000
03/23/2021 21:56:30 - INFO - __main__ -     Batch size = 16
03/23/2021 21:56:41 - INFO - __main__ -   ***** Dev Eval results *****
03/23/2021 21:56:41 - INFO - __main__ -   
              precision    recall  f1-score   support

         LOC     0.8051    0.8066    0.8059       543
        MISC     0.3594    0.3348    0.3467       233
         ORG     0.5913    0.5936    0.5924       251
         PER     0.8211    0.8644    0.8422       568

   micro avg     0.7176    0.7248    0.7211      1595
   macro avg     0.6442    0.6499    0.6468      1595
weighted avg     0.7121    0.7248    0.7181      1595

03/23/2021 21:56:41 - INFO - __main__ -   ***** Running Test evaluation *****
03/23/2021 21:56:41 - INFO - __main__ -     Num examples = 3257
03/23/2021 21:56:41 - INFO - __main__ -     Batch size = 16
03/23/2021 21:57:20 - INFO - __main__ -   ***** Test Eval results *****
03/23/2021 21:57:20 - INFO - __main__ -   
              precision    recall  f1-score   support

         LOC     0.7829    0.8065    0.7945      1721
        MISC     0.3711    0.3647    0.3679       754
         ORG     0.5892    0.5714    0.5802       861
         PER     0.8240    0.8671    0.8450      1874

   micro avg     0.7104    0.7255    0.7179      5210
   macro avg     0.6418    0.6524    0.6469      5210
weighted avg     0.7061    0.7255    0.7155      5210


Epoch:  15%|█▌        | 6/40 [46:04<4:17:42, 454.77s/it]03/23/2021 21:57:20 - INFO - __main__ -   ********** Epoch: 6 **********
03/23/2021 21:57:20 - INFO - __main__ -     Num examples = 4000
03/23/2021 21:57:20 - INFO - __main__ -     Batch size = 16
03/23/2021 21:57:20 - INFO - __main__ -     Num steps = 10000
03/23/2021 22:04:46 - INFO - __main__ -   ***** Running evaluation on Dev Set*****
03/23/2021 22:04:46 - INFO - __main__ -     Num examples = 1000
03/23/2021 22:04:46 - INFO - __main__ -     Batch size = 16
03/23/2021 22:04:58 - INFO - __main__ -   ***** Dev Eval results *****
03/23/2021 22:04:58 - INFO - __main__ -   
              precision    recall  f1-score   support

         LOC     0.7827    0.8158    0.7989       543
        MISC     0.3167    0.3820    0.3463       233
         ORG     0.5815    0.6255    0.6027       251
         PER     0.8236    0.8715    0.8469       568

   micro avg     0.6892    0.7423    0.7148      1595
   macro avg     0.6261    0.6737    0.6487      1595
weighted avg     0.6975    0.7423    0.7190      1595

03/23/2021 22:04:58 - INFO - __main__ -   ***** Running Test evaluation *****
03/23/2021 22:04:58 - INFO - __main__ -     Num examples = 3257
03/23/2021 22:04:58 - INFO - __main__ -     Batch size = 16
03/23/2021 22:05:37 - INFO - __main__ -   ***** Test Eval results *****
03/23/2021 22:05:37 - INFO - __main__ -   
              precision    recall  f1-score   support

         LOC     0.7831    0.8286    0.8052      1721
        MISC     0.3474    0.4032    0.3732       754
         ORG     0.5618    0.6225    0.5906       861
         PER     0.8242    0.8655    0.8444      1874

   micro avg     0.6921    0.7463    0.7181      5210
   macro avg     0.6291    0.6800    0.6534      5210
weighted avg     0.6983    0.7463    0.7213      5210


Epoch:  18%|█▊        | 7/40 [54:21<4:17:41, 468.54s/it]03/23/2021 22:05:37 - INFO - __main__ -   ********** Epoch: 7 **********
03/23/2021 22:05:37 - INFO - __main__ -     Num examples = 4000
03/23/2021 22:05:37 - INFO - __main__ -     Batch size = 16
03/23/2021 22:05:37 - INFO - __main__ -     Num steps = 10000
03/23/2021 22:12:04 - INFO - __main__ -   ***** Running evaluation on Dev Set*****
03/23/2021 22:12:04 - INFO - __main__ -     Num examples = 1000
03/23/2021 22:12:04 - INFO - __main__ -     Batch size = 16
03/23/2021 22:12:16 - INFO - __main__ -   ***** Dev Eval results *****
03/23/2021 22:12:16 - INFO - __main__ -   
              precision    recall  f1-score   support

         LOC     0.7822    0.8269    0.8039       543
        MISC     0.3268    0.4292    0.3711       233
         ORG     0.6000    0.5378    0.5672       251
         PER     0.8110    0.8539    0.8319       568

   micro avg     0.6864    0.7329    0.7089      1595
   macro avg     0.6300    0.6619    0.6435      1595
weighted avg     0.6973    0.7329    0.7134      1595

03/23/2021 22:12:16 - INFO - __main__ -   ***** Running Test evaluation *****
03/23/2021 22:12:16 - INFO - __main__ -     Num examples = 3257
03/23/2021 22:12:16 - INFO - __main__ -     Batch size = 16
03/23/2021 22:12:55 - INFO - __main__ -   ***** Test Eval results *****
03/23/2021 22:12:55 - INFO - __main__ -   
              precision    recall  f1-score   support

         LOC     0.7780    0.8367    0.8063      1721
        MISC     0.3397    0.4721    0.3951       754
         ORG     0.6174    0.5099    0.5585       861
         PER     0.8255    0.8506    0.8378      1874

   micro avg     0.6910    0.7349    0.7123      5210
   macro avg     0.6401    0.6673    0.6494      5210
weighted avg     0.7051    0.7349    0.7172      5210


Epoch:  20%|██        | 8/40 [1:01:38<4:04:39, 458.73s/it]03/23/2021 22:12:55 - INFO - __main__ -   ********** Epoch: 8 **********
03/23/2021 22:12:55 - INFO - __main__ -     Num examples = 4000
03/23/2021 22:12:55 - INFO - __main__ -     Batch size = 16
03/23/2021 22:12:55 - INFO - __main__ -     Num steps = 10000
03/23/2021 22:19:41 - INFO - __main__ -   ***** Running evaluation on Dev Set*****
03/23/2021 22:19:41 - INFO - __main__ -     Num examples = 1000
03/23/2021 22:19:41 - INFO - __main__ -     Batch size = 16
03/23/2021 22:19:53 - INFO - __main__ -   ***** Dev Eval results *****
03/23/2021 22:19:53 - INFO - __main__ -   
              precision    recall  f1-score   support

         LOC     0.7801    0.8361    0.8071       543
        MISC     0.3269    0.4378    0.3743       233
         ORG     0.5801    0.5339    0.5560       251
         PER     0.8180    0.8627    0.8398       568

   micro avg     0.6845    0.7398    0.7111      1595
   macro avg     0.6263    0.6676    0.6443      1595
weighted avg     0.6959    0.7398    0.7160      1595

03/23/2021 22:19:53 - INFO - __main__ -   ***** Running Test evaluation *****
03/23/2021 22:19:53 - INFO - __main__ -     Num examples = 3257
03/23/2021 22:19:53 - INFO - __main__ -     Batch size = 16
03/23/2021 22:20:32 - INFO - __main__ -   ***** Test Eval results *****
03/23/2021 22:20:32 - INFO - __main__ -   
              precision    recall  f1-score   support

         LOC     0.7806    0.8350    0.8069      1721
        MISC     0.3277    0.4642    0.3842       754
         ORG     0.6348    0.5854    0.6091       861
         PER     0.8264    0.8511    0.8386      1874

   micro avg     0.6899    0.7459    0.7168      5210
   macro avg     0.6424    0.6839    0.6597      5210
weighted avg     0.7074    0.7459    0.7244      5210


Epoch:  22%|██▎       | 9/40 [1:09:16<3:56:48, 458.34s/it]03/23/2021 22:20:32 - INFO - __main__ -   ********** Epoch: 9 **********
03/23/2021 22:20:32 - INFO - __main__ -     Num examples = 4000
03/23/2021 22:20:32 - INFO - __main__ -     Batch size = 16
03/23/2021 22:20:32 - INFO - __main__ -     Num steps = 10000
03/23/2021 22:27:26 - INFO - __main__ -   ***** Running evaluation on Dev Set*****
03/23/2021 22:27:26 - INFO - __main__ -     Num examples = 1000
03/23/2021 22:27:26 - INFO - __main__ -     Batch size = 16
03/23/2021 22:27:38 - INFO - __main__ -   ***** Dev Eval results *****
03/23/2021 22:27:38 - INFO - __main__ -   
              precision    recall  f1-score   support

         LOC     0.7757    0.8343    0.8039       543
        MISC     0.3542    0.4120    0.3810       233
         ORG     0.5940    0.6295    0.6112       251
         PER     0.8169    0.8873    0.8506       568

   micro avg     0.6968    0.7592    0.7267      1595
   macro avg     0.6352    0.6908    0.6617      1595
weighted avg     0.7002    0.7592    0.7284      1595

03/23/2021 22:27:38 - INFO - __main__ -   ***** Running Test evaluation *****
03/23/2021 22:27:38 - INFO - __main__ -     Num examples = 3257
03/23/2021 22:27:38 - INFO - __main__ -     Batch size = 16
03/23/2021 22:28:17 - INFO - __main__ -   ***** Test Eval results *****
03/23/2021 22:28:17 - INFO - __main__ -   
              precision    recall  f1-score   support

         LOC     0.7778    0.8379    0.8067      1721
        MISC     0.3631    0.4363    0.3964       754
         ORG     0.5925    0.6249    0.6083       861
         PER     0.8160    0.8687    0.8416      1874
        SEP]     0.0000    0.0000    0.0000         0

   micro avg     0.6951    0.7557    0.7241      5210
   macro avg     0.5099    0.5536    0.5306      5210
weighted avg     0.7009    0.7557    0.7271      5210


Epoch:  25%|██▌       | 10/40 [1:17:07<3:51:05, 462.18s/it]03/23/2021 22:28:23 - INFO - __main__ -   ********** Epoch: 10 **********
03/23/2021 22:28:23 - INFO - __main__ -     Num examples = 4000
03/23/2021 22:28:23 - INFO - __main__ -     Batch size = 16
03/23/2021 22:28:23 - INFO - __main__ -     Num steps = 10000
03/23/2021 22:35:09 - INFO - __main__ -   ***** Running evaluation on Dev Set*****
03/23/2021 22:35:09 - INFO - __main__ -     Num examples = 1000
03/23/2021 22:35:09 - INFO - __main__ -     Batch size = 16
03/23/2021 22:35:21 - INFO - __main__ -   ***** Dev Eval results *****
03/23/2021 22:35:21 - INFO - __main__ -   
              precision    recall  f1-score   support

         LOC     0.8243    0.8122    0.8182       543
        MISC     0.3590    0.4206    0.3874       233
         ORG     0.6291    0.5339    0.5776       251
         PER     0.8189    0.8838    0.8501       568
           _     0.0000    0.0000    0.0000         0

   micro avg     0.7187    0.7367    0.7276      1595
   macro avg     0.5263    0.5301    0.5266      1595
weighted avg     0.7237    0.7367    0.7288      1595

03/23/2021 22:35:21 - INFO - __main__ -   ***** Running Test evaluation *****
03/23/2021 22:35:21 - INFO - __main__ -     Num examples = 3257
03/23/2021 22:35:21 - INFO - __main__ -     Batch size = 16
03/23/2021 22:36:00 - INFO - __main__ -   ***** Test Eval results *****
03/23/2021 22:36:00 - INFO - __main__ -   
              precision    recall  f1-score   support

         LOC     0.8082    0.8106    0.8094      1721
        MISC     0.3678    0.4430    0.4019       754
         ORG     0.6588    0.5494    0.5991       861
         PER     0.8223    0.8741    0.8474      1874

   micro avg     0.7186    0.7370    0.7277      5210
   macro avg     0.6643    0.6692    0.6645      5210
weighted avg     0.7249    0.7370    0.7293      5210


Epoch:  28%|██▊       | 11/40 [1:24:49<3:43:20, 462.10s/it]03/23/2021 22:36:05 - INFO - __main__ -   ********** Epoch: 11 **********
03/23/2021 22:36:05 - INFO - __main__ -     Num examples = 4000
03/23/2021 22:36:05 - INFO - __main__ -     Batch size = 16
03/23/2021 22:36:05 - INFO - __main__ -     Num steps = 10000
03/23/2021 22:43:01 - INFO - __main__ -   ***** Running evaluation on Dev Set*****
03/23/2021 22:43:01 - INFO - __main__ -     Num examples = 1000
03/23/2021 22:43:01 - INFO - __main__ -     Batch size = 16
03/23/2021 22:43:13 - INFO - __main__ -   ***** Dev Eval results *****
03/23/2021 22:43:13 - INFO - __main__ -   
              precision    recall  f1-score   support

         LOC     0.7738    0.8379    0.8046       543
        MISC     0.3750    0.4378    0.4040       233
         ORG     0.6167    0.5578    0.5858       251
         PER     0.8451    0.8644    0.8547       568

   micro avg     0.7122    0.7448    0.7282      1595
   macro avg     0.6527    0.6745    0.6622      1595
weighted avg     0.7162    0.7448    0.7295      1595

03/23/2021 22:43:13 - INFO - __main__ -   ***** Running Test evaluation *****
03/23/2021 22:43:13 - INFO - __main__ -     Num examples = 3257
03/23/2021 22:43:13 - INFO - __main__ -     Batch size = 16
03/23/2021 22:43:51 - INFO - __main__ -   ***** Test Eval results *****
03/23/2021 22:43:51 - INFO - __main__ -   
              precision    recall  f1-score   support

         LOC     0.7846    0.8361    0.8096      1721
        MISC     0.3850    0.4642    0.4209       754
         ORG     0.6338    0.5749    0.6029       861
         PER     0.8305    0.8522    0.8412      1874

   micro avg     0.7125    0.7449    0.7283      5210
   macro avg     0.6585    0.6819    0.6687      5210
weighted avg     0.7184    0.7449    0.7305      5210


Epoch:  30%|███       | 12/40 [1:32:41<3:37:02, 465.10s/it]03/23/2021 22:43:57 - INFO - __main__ -   ********** Epoch: 12 **********
03/23/2021 22:43:57 - INFO - __main__ -     Num examples = 4000
03/23/2021 22:43:57 - INFO - __main__ -     Batch size = 16
03/23/2021 22:43:57 - INFO - __main__ -     Num steps = 10000
03/23/2021 22:50:51 - INFO - __main__ -   ***** Running evaluation on Dev Set*****
03/23/2021 22:50:51 - INFO - __main__ -     Num examples = 1000
03/23/2021 22:50:51 - INFO - __main__ -     Batch size = 16
03/23/2021 22:51:03 - INFO - __main__ -   ***** Dev Eval results *****
03/23/2021 22:51:03 - INFO - __main__ -   
              precision    recall  f1-score   support

         LOC     0.7828    0.8232    0.8025       543
        MISC     0.3991    0.3906    0.3948       233
         ORG     0.6025    0.5737    0.5878       251
         PER     0.8262    0.8785    0.8515       568

   micro avg     0.7192    0.7404    0.7297      1595
   macro avg     0.6527    0.6665    0.6591      1595
weighted avg     0.7138    0.7404    0.7266      1595

03/23/2021 22:51:03 - INFO - __main__ -   ***** Running Test evaluation *****
03/23/2021 22:51:03 - INFO - __main__ -     Num examples = 3257
03/23/2021 22:51:03 - INFO - __main__ -     Batch size = 16
03/23/2021 22:51:42 - INFO - __main__ -   ***** Test Eval results *****
03/23/2021 22:51:42 - INFO - __main__ -   
              precision    recall  f1-score   support

         LOC     0.7834    0.8385    0.8100      1721
        MISC     0.3956    0.4072    0.4013       754
         ORG     0.6574    0.5749    0.6134       861
         PER     0.8246    0.8757    0.8494      1874

   micro avg     0.7249    0.7459    0.7352      5210
   macro avg     0.6652    0.6741    0.6685      5210
weighted avg     0.7213    0.7459    0.7325      5210


Epoch:  32%|███▎      | 13/40 [1:40:30<3:29:53, 466.44s/it]03/23/2021 22:51:47 - INFO - __main__ -   ********** Epoch: 13 **********
03/23/2021 22:51:47 - INFO - __main__ -     Num examples = 4000
03/23/2021 22:51:47 - INFO - __main__ -     Batch size = 16
03/23/2021 22:51:47 - INFO - __main__ -     Num steps = 10000
03/23/2021 22:58:35 - INFO - __main__ -   ***** Running evaluation on Dev Set*****
03/23/2021 22:58:35 - INFO - __main__ -     Num examples = 1000
03/23/2021 22:58:35 - INFO - __main__ -     Batch size = 16
03/23/2021 22:58:47 - INFO - __main__ -   ***** Dev Eval results *****
03/23/2021 22:58:47 - INFO - __main__ -   
              precision    recall  f1-score   support

         LOC     0.7713    0.8324    0.8007       543
        MISC     0.3711    0.4077    0.3885       233
         ORG     0.6389    0.5498    0.5910       251
         PER     0.8182    0.8873    0.8514       568

   micro avg     0.7103    0.7455    0.7274      1595
   macro avg     0.6499    0.6693    0.6579      1595
weighted avg     0.7087    0.7455    0.7255      1595

03/23/2021 22:58:47 - INFO - __main__ -   ***** Running Test evaluation *****
03/23/2021 22:58:47 - INFO - __main__ -     Num examples = 3257
03/23/2021 22:58:47 - INFO - __main__ -     Batch size = 16
03/23/2021 22:59:25 - INFO - __main__ -   ***** Test Eval results *****
03/23/2021 22:59:25 - INFO - __main__ -   
              precision    recall  f1-score   support

         LOC     0.7781    0.8495    0.8122      1721
        MISC     0.4000    0.4377    0.4180       754
         ORG     0.6644    0.5587    0.6069       861
         PER     0.8175    0.8794    0.8473      1874

   micro avg     0.7202    0.7526    0.7361      5210
   macro avg     0.6650    0.6813    0.6711      5210
weighted avg     0.7187    0.7526    0.7339      5210


Epoch:  35%|███▌      | 14/40 [1:48:09<3:21:11, 464.29s/it]03/23/2021 22:59:26 - INFO - __main__ -   ********** Epoch: 14 **********
03/23/2021 22:59:26 - INFO - __main__ -     Num examples = 4000
03/23/2021 22:59:26 - INFO - __main__ -     Batch size = 16
03/23/2021 22:59:26 - INFO - __main__ -     Num steps = 10000
03/23/2021 23:06:04 - INFO - __main__ -   ***** Running evaluation on Dev Set*****
03/23/2021 23:06:04 - INFO - __main__ -     Num examples = 1000
03/23/2021 23:06:04 - INFO - __main__ -     Batch size = 16
03/23/2021 23:06:16 - INFO - __main__ -   ***** Dev Eval results *****
03/23/2021 23:06:16 - INFO - __main__ -   
              precision    recall  f1-score   support

         LOC     0.8111    0.8066    0.8089       543
        MISC     0.4133    0.3991    0.4061       233
         ORG     0.6277    0.5777    0.6017       251
         PER     0.8045    0.8908    0.8454       568

   micro avg     0.7274    0.7411    0.7342      1595
   macro avg     0.6642    0.6686    0.6655      1595
weighted avg     0.7218    0.7411    0.7305      1595

03/23/2021 23:06:16 - INFO - __main__ -   ***** Running Test evaluation *****
03/23/2021 23:06:16 - INFO - __main__ -     Num examples = 3257
03/23/2021 23:06:16 - INFO - __main__ -     Batch size = 16
03/23/2021 23:06:54 - INFO - __main__ -   ***** Test Eval results *****
03/23/2021 23:06:54 - INFO - __main__ -   
              precision    recall  f1-score   support

         LOC     0.8138    0.8152    0.8145      1721
        MISC     0.4149    0.4138    0.4143       754
         ORG     0.6341    0.5738    0.6024       861
         PER     0.8117    0.8789    0.8440      1874

   micro avg     0.7298    0.7401    0.7349      5210
   macro avg     0.6686    0.6704    0.6688      5210
weighted avg     0.7256    0.7401    0.7321      5210


Epoch:  38%|███▊      | 15/40 [1:55:44<3:12:12, 461.30s/it]03/23/2021 23:07:00 - INFO - __main__ -   ********** Epoch: 15 **********
03/23/2021 23:07:00 - INFO - __main__ -     Num examples = 4000
03/23/2021 23:07:00 - INFO - __main__ -     Batch size = 16
03/23/2021 23:07:00 - INFO - __main__ -     Num steps = 10000
03/23/2021 23:12:39 - INFO - __main__ -   ***** Running evaluation on Dev Set*****
03/23/2021 23:12:39 - INFO - __main__ -     Num examples = 1000
03/23/2021 23:12:39 - INFO - __main__ -     Batch size = 16
03/23/2021 23:12:50 - INFO - __main__ -   ***** Dev Eval results *****
03/23/2021 23:12:50 - INFO - __main__ -   
              precision    recall  f1-score   support

         LOC     0.7633    0.8435    0.8014       543
        MISC     0.4398    0.3605    0.3962       233
         ORG     0.6167    0.5896    0.6029       251
         PER     0.8137    0.8768    0.8441       568

   micro avg     0.7231    0.7448    0.7338      1595
   macro avg     0.6584    0.6676    0.6611      1595
weighted avg     0.7109    0.7448    0.7262      1595

03/23/2021 23:12:50 - INFO - __main__ -   ***** Running Test evaluation *****
03/23/2021 23:12:50 - INFO - __main__ -     Num examples = 3257
03/23/2021 23:12:50 - INFO - __main__ -     Batch size = 16
03/23/2021 23:13:27 - INFO - __main__ -   ***** Test Eval results *****
03/23/2021 23:13:27 - INFO - __main__ -   
              precision    recall  f1-score   support

         LOC     0.7577    0.8629    0.8068      1721
        MISC     0.4366    0.3515    0.3894       754
         ORG     0.6560    0.5935    0.6232       861
         PER     0.8251    0.8735    0.8486      1874

   micro avg     0.7313    0.7482    0.7397      5210
   macro avg     0.6688    0.6703    0.6670      5210
weighted avg     0.7186    0.7482    0.7311      5210


Epoch:  40%|████      | 16/40 [2:02:11<2:55:33, 438.91s/it]03/23/2021 23:13:27 - INFO - __main__ -   ********** Epoch: 16 **********
03/23/2021 23:13:27 - INFO - __main__ -     Num examples = 4000
03/23/2021 23:13:27 - INFO - __main__ -     Batch size = 16
03/23/2021 23:13:27 - INFO - __main__ -     Num steps = 10000
03/23/2021 23:18:56 - INFO - __main__ -   ***** Running evaluation on Dev Set*****
03/23/2021 23:18:56 - INFO - __main__ -     Num examples = 1000
03/23/2021 23:18:56 - INFO - __main__ -     Batch size = 16
03/23/2021 23:19:07 - INFO - __main__ -   ***** Dev Eval results *****
03/23/2021 23:19:07 - INFO - __main__ -   
              precision    recall  f1-score   support

         LOC     0.8178    0.8103    0.8141       543
        MISC     0.4244    0.3734    0.3973       233
         ORG     0.6240    0.6016    0.6126       251
         PER     0.8041    0.8891    0.8445       568
           _     0.0000    0.0000    0.0000         0

   micro avg     0.7330    0.7417    0.7373      1595
   macro avg     0.5341    0.5349    0.5337      1595
weighted avg     0.7250    0.7417    0.7323      1595

03/23/2021 23:19:07 - INFO - __main__ -   ***** Running Test evaluation *****
03/23/2021 23:19:07 - INFO - __main__ -     Num examples = 3257
03/23/2021 23:19:07 - INFO - __main__ -     Batch size = 16
03/23/2021 23:19:44 - INFO - __main__ -   ***** Test Eval results *****
03/23/2021 23:19:44 - INFO - __main__ -   
              precision    recall  f1-score   support

         LOC     0.8122    0.8216    0.8169      1721
        MISC     0.4208    0.3979    0.4090       754
         ORG     0.6520    0.5854    0.6169       861
         PER     0.8077    0.8741    0.8396      1874
           _     0.0000    0.0000    0.0000         0

   micro avg     0.7336    0.7401    0.7369      5210
   macro avg     0.5385    0.5358    0.5365      5210
weighted avg     0.7274    0.7401    0.7330      5210


Epoch:  42%|████▎     | 17/40 [2:08:33<2:41:40, 421.76s/it]03/23/2021 23:19:49 - INFO - __main__ -   ********** Epoch: 17 **********
03/23/2021 23:19:49 - INFO - __main__ -     Num examples = 4000
03/23/2021 23:19:49 - INFO - __main__ -     Batch size = 16
03/23/2021 23:19:49 - INFO - __main__ -     Num steps = 10000
03/23/2021 23:25:13 - INFO - __main__ -   ***** Running evaluation on Dev Set*****
03/23/2021 23:25:13 - INFO - __main__ -     Num examples = 1000
03/23/2021 23:25:13 - INFO - __main__ -     Batch size = 16
03/23/2021 23:25:24 - INFO - __main__ -   ***** Dev Eval results *****
03/23/2021 23:25:24 - INFO - __main__ -   
              precision    recall  f1-score   support

         LOC     0.7721    0.8361    0.8028       543
        MISC     0.4268    0.4378    0.4322       233
         ORG     0.6280    0.6255    0.6267       251
         PER     0.8409    0.8838    0.8618       568
           _     0.0000    0.0000    0.0000         0

   micro avg     0.7254    0.7618    0.7431      1595
   macro avg     0.5336    0.5566    0.5447      1595
weighted avg     0.7235    0.7618    0.7420      1595

03/23/2021 23:25:24 - INFO - __main__ -   ***** Running Test evaluation *****
03/23/2021 23:25:24 - INFO - __main__ -     Num examples = 3257
03/23/2021 23:25:24 - INFO - __main__ -     Batch size = 16
03/23/2021 23:26:00 - INFO - __main__ -   ***** Test Eval results *****
03/23/2021 23:26:00 - INFO - __main__ -   
              precision    recall  f1-score   support

         LOC     0.7586    0.8582    0.8053      1721
        MISC     0.4163    0.4483    0.4317       754
         ORG     0.6323    0.6051    0.6184       861
         PER     0.8297    0.8607    0.8449      1874

   micro avg     0.7145    0.7580    0.7356      5210
   macro avg     0.6592    0.6931    0.6751      5210
weighted avg     0.7138    0.7580    0.7346      5210


Epoch:  45%|████▌     | 18/40 [2:14:50<2:29:43, 408.35s/it]03/23/2021 23:26:06 - INFO - __main__ -   ********** Epoch: 18 **********
03/23/2021 23:26:06 - INFO - __main__ -     Num examples = 4000
03/23/2021 23:26:06 - INFO - __main__ -     Batch size = 16
03/23/2021 23:26:06 - INFO - __main__ -     Num steps = 10000
03/23/2021 23:30:27 - INFO - __main__ -   ***** Running evaluation on Dev Set*****
03/23/2021 23:30:27 - INFO - __main__ -     Num examples = 1000
03/23/2021 23:30:27 - INFO - __main__ -     Batch size = 16
03/23/2021 23:30:47 - INFO - __main__ -   ***** Dev Eval results *****
03/23/2021 23:30:47 - INFO - __main__ -   
              precision    recall  f1-score   support

         LOC     0.8036    0.8287    0.8160       543
        MISC     0.3862    0.4807    0.4283       233
         ORG     0.6309    0.5857    0.6074       251
         PER     0.8387    0.8785    0.8581       568
           _     0.0000    0.0000    0.0000         0

   micro avg     0.7195    0.7574    0.7379      1595
   macro avg     0.5319    0.5547    0.5420      1595
weighted avg     0.7279    0.7574    0.7415      1595

03/23/2021 23:30:47 - INFO - __main__ -   ***** Running Test evaluation *****
03/23/2021 23:30:47 - INFO - __main__ -     Num examples = 3257
03/23/2021 23:30:47 - INFO - __main__ -     Batch size = 16
03/23/2021 23:31:45 - INFO - __main__ -   ***** Test Eval results *****
03/23/2021 23:31:45 - INFO - __main__ -   
              precision    recall  f1-score   support

         LOC     0.7953    0.8443    0.8191      1721
        MISC     0.4032    0.5000    0.4464       754
         ORG     0.6304    0.5726    0.6001       861
         PER     0.8338    0.8565    0.8450      1874

   micro avg     0.7182    0.7539    0.7356      5210
   macro avg     0.6657    0.6933    0.6776      5210
weighted avg     0.7251    0.7539    0.7383      5210


Epoch:  48%|████▊     | 19/40 [2:20:30<2:15:45, 387.90s/it]03/23/2021 23:31:46 - INFO - __main__ -   ********** Epoch: 19 **********
03/23/2021 23:31:46 - INFO - __main__ -     Num examples = 4000
03/23/2021 23:31:46 - INFO - __main__ -     Batch size = 16
03/23/2021 23:31:46 - INFO - __main__ -     Num steps = 10000
03/23/2021 23:38:53 - INFO - __main__ -   ***** Running evaluation on Dev Set*****
03/23/2021 23:38:53 - INFO - __main__ -     Num examples = 1000
03/23/2021 23:38:53 - INFO - __main__ -     Batch size = 16
03/23/2021 23:39:19 - INFO - __main__ -   ***** Dev Eval results *****
03/23/2021 23:39:19 - INFO - __main__ -   
              precision    recall  f1-score   support

         LOC     0.7828    0.8232    0.8025       543
        MISC     0.4120    0.4421    0.4265       233
         ORG     0.6379    0.5896    0.6128       251
         PER     0.8295    0.8820    0.8549       568
           _     0.0000    0.0000    0.0000         0

   micro avg     0.7232    0.7517    0.7372      1595
   macro avg     0.5324    0.5474    0.5394      1595
weighted avg     0.7225    0.7517    0.7364      1595

03/23/2021 23:39:19 - INFO - __main__ -   ***** Running Test evaluation *****
03/23/2021 23:39:19 - INFO - __main__ -     Num examples = 3257
03/23/2021 23:39:19 - INFO - __main__ -     Batch size = 16
03/23/2021 23:40:38 - INFO - __main__ -   ***** Test Eval results *****
03/23/2021 23:40:38 - INFO - __main__ -   
              precision    recall  f1-score   support

         LOC     0.7817    0.8553    0.8169      1721
        MISC     0.4257    0.4562    0.4405       754
         ORG     0.6645    0.5842    0.6218       861
         PER     0.8336    0.8607    0.8469      1874

   micro avg     0.7304    0.7547    0.7424      5210
   macro avg     0.6764    0.6891    0.6815      5210
weighted avg     0.7295    0.7547    0.7410      5210


Epoch:  50%|█████     | 20/40 [2:29:22<2:23:41, 431.08s/it]03/23/2021 23:40:38 - INFO - __main__ -   ********** Epoch: 20 **********
03/23/2021 23:40:38 - INFO - __main__ -     Num examples = 4000
03/23/2021 23:40:38 - INFO - __main__ -     Batch size = 16
03/23/2021 23:40:38 - INFO - __main__ -     Num steps = 10000
03/23/2021 23:46:41 - INFO - __main__ -   ***** Running evaluation on Dev Set*****
03/23/2021 23:46:41 - INFO - __main__ -     Num examples = 1000
03/23/2021 23:46:41 - INFO - __main__ -     Batch size = 16
03/23/2021 23:47:16 - INFO - __main__ -   ***** Dev Eval results *****
03/23/2021 23:47:16 - INFO - __main__ -   
              precision    recall  f1-score   support

         LOC     0.7907    0.8416    0.8153       543
        MISC     0.4070    0.4506    0.4277       233
         ORG     0.6685    0.4900    0.5655       251
         PER     0.8132    0.8891    0.8495       568
           _     0.0000    0.0000    0.0000         0

   micro avg     0.7247    0.7461    0.7352      1595
   macro avg     0.5359    0.5343    0.5316      1595
weighted avg     0.7234    0.7461    0.7315      1595

03/23/2021 23:47:16 - INFO - __main__ -   ***** Running Test evaluation *****
03/23/2021 23:47:16 - INFO - __main__ -     Num examples = 3257
03/23/2021 23:47:16 - INFO - __main__ -     Batch size = 16
03/23/2021 23:48:51 - INFO - __main__ -   ***** Test Eval results *****
03/23/2021 23:48:51 - INFO - __main__ -   
              precision    recall  f1-score   support

         LOC     0.7629    0.8449    0.8018      1721
        MISC     0.4082    0.4629    0.4338       754
         ORG     0.7042    0.5226    0.6000       861
         PER     0.8207    0.8645    0.8420      1874

   micro avg     0.7207    0.7434    0.7319      5210
   macro avg     0.6740    0.6737    0.6694      5210
weighted avg     0.7226    0.7434    0.7296      5210


Epoch:  52%|█████▎    | 21/40 [2:37:35<2:22:24, 449.72s/it]03/23/2021 23:48:51 - INFO - __main__ -   ********** Epoch: 21 **********
03/23/2021 23:48:51 - INFO - __main__ -     Num examples = 4000
03/23/2021 23:48:51 - INFO - __main__ -     Batch size = 16
03/23/2021 23:48:51 - INFO - __main__ -     Num steps = 10000
03/23/2021 23:54:40 - INFO - __main__ -   ***** Running evaluation on Dev Set*****
03/23/2021 23:54:40 - INFO - __main__ -     Num examples = 1000
03/23/2021 23:54:40 - INFO - __main__ -     Batch size = 16
03/23/2021 23:54:55 - INFO - __main__ -   ***** Dev Eval results *****
03/23/2021 23:54:55 - INFO - __main__ -   
              precision    recall  f1-score   support

         LOC     0.7814    0.8361    0.8078       543
        MISC     0.4093    0.3777    0.3929       233
         ORG     0.5906    0.5976    0.5941       251
         PER     0.7972    0.8926    0.8422       568

   micro avg     0.7112    0.7517    0.7309      1595
   macro avg     0.6446    0.6760    0.6592      1595
weighted avg     0.7026    0.7517    0.7258      1595

03/23/2021 23:54:55 - INFO - __main__ -   ***** Running Test evaluation *****
03/23/2021 23:54:55 - INFO - __main__ -     Num examples = 3257
03/23/2021 23:54:55 - INFO - __main__ -     Batch size = 16
03/23/2021 23:55:39 - INFO - __main__ -   ***** Test Eval results *****
03/23/2021 23:55:39 - INFO - __main__ -   
              precision    recall  f1-score   support

         LOC     0.7651    0.8478    0.8043      1721
        MISC     0.4340    0.4271    0.4305       754
         ORG     0.6350    0.5981    0.6160       861
         PER     0.8119    0.8778    0.8436      1874
           _     0.0000    0.0000    0.0000         0

   micro avg     0.7182    0.7564    0.7368      5210
   macro avg     0.5292    0.5502    0.5389      5210
weighted avg     0.7125    0.7564    0.7332      5210


Epoch:  55%|█████▌    | 22/40 [2:44:23<2:11:09, 437.17s/it]03/23/2021 23:55:39 - INFO - __main__ -   ********** Epoch: 22 **********
03/23/2021 23:55:39 - INFO - __main__ -     Num examples = 4000
03/23/2021 23:55:39 - INFO - __main__ -     Batch size = 16
03/23/2021 23:55:39 - INFO - __main__ -     Num steps = 10000
03/24/2021 00:02:47 - INFO - __main__ -   ***** Running evaluation on Dev Set*****
03/24/2021 00:02:47 - INFO - __main__ -     Num examples = 1000
03/24/2021 00:02:47 - INFO - __main__ -     Batch size = 16
03/24/2021 00:02:59 - INFO - __main__ -   ***** Dev Eval results *****
03/24/2021 00:02:59 - INFO - __main__ -   
              precision    recall  f1-score   support

         LOC     0.8185    0.8140    0.8163       543
        MISC     0.3627    0.4592    0.4053       233
         ORG     0.6203    0.5857    0.6025       251
         PER     0.8183    0.8803    0.8482       568

   micro avg     0.7106    0.7498    0.7297      1595
   macro avg     0.6550    0.6848    0.6680      1595
weighted avg     0.7207    0.7498    0.7339      1595

03/24/2021 00:02:59 - INFO - __main__ -   ***** Running Test evaluation *****
03/24/2021 00:02:59 - INFO - __main__ -     Num examples = 3257
03/24/2021 00:02:59 - INFO - __main__ -     Batch size = 16
03/24/2021 00:03:38 - INFO - __main__ -   ***** Test Eval results *****
03/24/2021 00:03:38 - INFO - __main__ -   
              precision    recall  f1-score   support

         LOC     0.8015    0.8234    0.8123      1721
        MISC     0.3775    0.4761    0.4211       754
         ORG     0.6455    0.5772    0.6094       861
         PER     0.8167    0.8677    0.8414      1874

   micro avg     0.7115    0.7484    0.7295      5210
   macro avg     0.6603    0.6861    0.6711      5210
weighted avg     0.7198    0.7484    0.7326      5210


Epoch:  57%|█████▊    | 23/40 [2:52:22<2:07:26, 449.79s/it]03/24/2021 00:03:38 - INFO - __main__ -   ********** Epoch: 23 **********
03/24/2021 00:03:38 - INFO - __main__ -     Num examples = 4000
03/24/2021 00:03:38 - INFO - __main__ -     Batch size = 16
03/24/2021 00:03:38 - INFO - __main__ -     Num steps = 10000
03/24/2021 00:10:20 - INFO - __main__ -   ***** Running evaluation on Dev Set*****
03/24/2021 00:10:20 - INFO - __main__ -     Num examples = 1000
03/24/2021 00:10:20 - INFO - __main__ -     Batch size = 16
03/24/2021 00:10:32 - INFO - __main__ -   ***** Dev Eval results *****
03/24/2021 00:10:32 - INFO - __main__ -   
              precision    recall  f1-score   support

         LOC     0.8004    0.8269    0.8134       543
        MISC     0.4683    0.4120    0.4384       233
         ORG     0.5746    0.6135    0.5934       251
         PER     0.8145    0.8891    0.8502       568

   micro avg     0.7279    0.7549    0.7412      1595
   macro avg     0.6644    0.6854    0.6738      1595
weighted avg     0.7214    0.7549    0.7371      1595

03/24/2021 00:10:32 - INFO - __main__ -   ***** Running Test evaluation *****
03/24/2021 00:10:32 - INFO - __main__ -     Num examples = 3257
03/24/2021 00:10:32 - INFO - __main__ -     Batch size = 16
03/24/2021 00:11:12 - INFO - __main__ -   ***** Test Eval results *****
03/24/2021 00:11:12 - INFO - __main__ -   
              precision    recall  f1-score   support

         LOC     0.7937    0.8385    0.8155      1721
        MISC     0.4499    0.4284    0.4389       754
         ORG     0.6367    0.6249    0.6307       861
         PER     0.8058    0.8767    0.8398      1874

   micro avg     0.7282    0.7576    0.7426      5210
   macro avg     0.6715    0.6921    0.6812      5210
weighted avg     0.7223    0.7576    0.7392      5210


Epoch:  60%|██████    | 24/40 [2:59:56<2:00:16, 451.05s/it]03/24/2021 00:11:12 - INFO - __main__ -   ********** Epoch: 24 **********
03/24/2021 00:11:12 - INFO - __main__ -     Num examples = 4000
03/24/2021 00:11:12 - INFO - __main__ -     Batch size = 16
03/24/2021 00:11:12 - INFO - __main__ -     Num steps = 10000
03/24/2021 00:18:06 - INFO - __main__ -   ***** Running evaluation on Dev Set*****
03/24/2021 00:18:06 - INFO - __main__ -     Num examples = 1000
03/24/2021 00:18:06 - INFO - __main__ -     Batch size = 16
03/24/2021 00:18:18 - INFO - __main__ -   ***** Dev Eval results *****
03/24/2021 00:18:18 - INFO - __main__ -   
              precision    recall  f1-score   support

         LOC     0.7951    0.8435    0.8186       543
        MISC     0.4558    0.4421    0.4488       233
         ORG     0.6526    0.5538    0.5991       251
         PER     0.8336    0.8820    0.8571       568
           _     0.0000    0.0000    0.0000         0

   micro avg     0.7427    0.7530    0.7478      1595
   macro avg     0.5474    0.5443    0.5447      1595
weighted avg     0.7368    0.7530    0.7438      1595

03/24/2021 00:18:18 - INFO - __main__ -   ***** Running Test evaluation *****
03/24/2021 00:18:18 - INFO - __main__ -     Num examples = 3257
03/24/2021 00:18:18 - INFO - __main__ -     Batch size = 16
03/24/2021 00:18:56 - INFO - __main__ -   ***** Test Eval results *****
03/24/2021 00:18:56 - INFO - __main__ -   
              precision    recall  f1-score   support

         LOC     0.7779    0.8466    0.8108      1721
        MISC     0.4286    0.4257    0.4271       754
         ORG     0.6756    0.5587    0.6116       861
         PER     0.8212    0.8554    0.8380      1874

   micro avg     0.7306    0.7413    0.7359      5210
   macro avg     0.6758    0.6716    0.6719      5210
weighted avg     0.7260    0.7413    0.7321      5210


Epoch:  62%|██████▎   | 25/40 [3:07:46<1:54:11, 456.74s/it]03/24/2021 00:19:02 - INFO - __main__ -   ********** Epoch: 25 **********
03/24/2021 00:19:02 - INFO - __main__ -     Num examples = 4000
03/24/2021 00:19:02 - INFO - __main__ -     Batch size = 16
03/24/2021 00:19:02 - INFO - __main__ -     Num steps = 10000
03/24/2021 00:25:55 - INFO - __main__ -   ***** Running evaluation on Dev Set*****
03/24/2021 00:25:55 - INFO - __main__ -     Num examples = 1000
03/24/2021 00:25:55 - INFO - __main__ -     Batch size = 16
03/24/2021 00:26:07 - INFO - __main__ -   ***** Dev Eval results *****
03/24/2021 00:26:07 - INFO - __main__ -   
              precision    recall  f1-score   support

         LOC     0.7752    0.8508    0.8112       543
        MISC     0.4615    0.4120    0.4354       233
         ORG     0.5843    0.5936    0.5889       251
         PER     0.8210    0.8961    0.8569       568

   micro avg     0.7242    0.7624    0.7428      1595
   macro avg     0.6605    0.6881    0.6731      1595
weighted avg     0.7156    0.7624    0.7376      1595

03/24/2021 00:26:07 - INFO - __main__ -   ***** Running Test evaluation *****
03/24/2021 00:26:07 - INFO - __main__ -     Num examples = 3257
03/24/2021 00:26:07 - INFO - __main__ -     Batch size = 16
03/24/2021 00:26:46 - INFO - __main__ -   ***** Test Eval results *****
03/24/2021 00:26:46 - INFO - __main__ -   
              precision    recall  f1-score   support

         LOC     0.7688    0.8542    0.8092      1721
        MISC     0.4286    0.3939    0.4105       754
         ORG     0.6259    0.6063    0.6159       861
         PER     0.8094    0.8794    0.8430      1874

   micro avg     0.7191    0.7557    0.7369      5210
   macro avg     0.6582    0.6834    0.6697      5210
weighted avg     0.7106    0.7557    0.7317      5210


Epoch:  65%|██████▌   | 26/40 [3:15:30<1:47:04, 458.90s/it]03/24/2021 00:26:46 - INFO - __main__ -   ********** Epoch: 26 **********
03/24/2021 00:26:46 - INFO - __main__ -     Num examples = 4000
03/24/2021 00:26:46 - INFO - __main__ -     Batch size = 16
03/24/2021 00:26:46 - INFO - __main__ -     Num steps = 10000
03/24/2021 00:33:40 - INFO - __main__ -   ***** Running evaluation on Dev Set*****
03/24/2021 00:33:40 - INFO - __main__ -     Num examples = 1000
03/24/2021 00:33:40 - INFO - __main__ -     Batch size = 16
03/24/2021 00:33:52 - INFO - __main__ -   ***** Dev Eval results *****
03/24/2021 00:33:52 - INFO - __main__ -   
              precision    recall  f1-score   support

         LOC     0.8067    0.8379    0.8220       543
        MISC     0.4046    0.4549    0.4283       233
         ORG     0.6449    0.5498    0.5935       251
         PER     0.8271    0.8926    0.8586       568

   micro avg     0.7296    0.7561    0.7426      1595
   macro avg     0.6708    0.6838    0.6756      1595
weighted avg     0.7298    0.7561    0.7416      1595

03/24/2021 00:33:52 - INFO - __main__ -   ***** Running Test evaluation *****
03/24/2021 00:33:52 - INFO - __main__ -     Num examples = 3257
03/24/2021 00:33:52 - INFO - __main__ -     Batch size = 16
03/24/2021 00:34:31 - INFO - __main__ -   ***** Test Eval results *****
03/24/2021 00:34:31 - INFO - __main__ -   
              precision    recall  f1-score   support

         LOC     0.7949    0.8332    0.8136      1721
        MISC     0.3972    0.4509    0.4224       754
         ORG     0.6580    0.5610    0.6056       861
         PER     0.8257    0.8698    0.8472      1874

   micro avg     0.7241    0.7461    0.7349      5210
   macro avg     0.6690    0.6787    0.6722      5210
weighted avg     0.7258    0.7461    0.7347      5210


Epoch:  68%|██████▊   | 27/40 [3:23:15<1:39:49, 460.73s/it]03/24/2021 00:34:31 - INFO - __main__ -   ********** Epoch: 27 **********
03/24/2021 00:34:31 - INFO - __main__ -     Num examples = 4000
03/24/2021 00:34:31 - INFO - __main__ -     Batch size = 16
03/24/2021 00:34:31 - INFO - __main__ -     Num steps = 10000
03/24/2021 00:41:28 - INFO - __main__ -   ***** Running evaluation on Dev Set*****
03/24/2021 00:41:28 - INFO - __main__ -     Num examples = 1000
03/24/2021 00:41:28 - INFO - __main__ -     Batch size = 16
03/24/2021 00:41:40 - INFO - __main__ -   ***** Dev Eval results *****
03/24/2021 00:41:40 - INFO - __main__ -   
              precision    recall  f1-score   support

         LOC     0.8089    0.8343    0.8214       543
        MISC     0.4444    0.4120    0.4276       233
         ORG     0.5948    0.6375    0.6154       251
         PER     0.8115    0.8944    0.8509       568

   micro avg     0.7283    0.7630    0.7453      1595
   macro avg     0.6649    0.6945    0.6788      1595
weighted avg     0.7229    0.7630    0.7420      1595

03/24/2021 00:41:40 - INFO - __main__ -   ***** Running Test evaluation *****
03/24/2021 00:41:40 - INFO - __main__ -     Num examples = 3257
03/24/2021 00:41:40 - INFO - __main__ -     Batch size = 16
03/24/2021 00:42:18 - INFO - __main__ -   ***** Test Eval results *****
03/24/2021 00:42:18 - INFO - __main__ -   
              precision    recall  f1-score   support

         LOC     0.7901    0.8356    0.8122      1721
        MISC     0.4115    0.4072    0.4093       754
         ORG     0.6166    0.6202    0.6184       861
         PER     0.8144    0.8778    0.8449      1874

   micro avg     0.7197    0.7532    0.7361      5210
   macro avg     0.6582    0.6852    0.6712      5210
weighted avg     0.7154    0.7532    0.7336      5210


Epoch:  70%|███████   | 28/40 [3:31:02<1:32:31, 462.60s/it]03/24/2021 00:42:18 - INFO - __main__ -   ********** Epoch: 28 **********
03/24/2021 00:42:18 - INFO - __main__ -     Num examples = 4000
03/24/2021 00:42:18 - INFO - __main__ -     Batch size = 16
03/24/2021 00:42:18 - INFO - __main__ -     Num steps = 10000
03/24/2021 00:49:24 - INFO - __main__ -   ***** Running evaluation on Dev Set*****
03/24/2021 00:49:24 - INFO - __main__ -     Num examples = 1000
03/24/2021 00:49:24 - INFO - __main__ -     Batch size = 16
03/24/2021 00:49:36 - INFO - __main__ -   ***** Dev Eval results *****
03/24/2021 00:49:36 - INFO - __main__ -   
              precision    recall  f1-score   support

         LOC     0.7962    0.8416    0.8183       543
        MISC     0.4599    0.3691    0.4095       233
         ORG     0.6017    0.5777    0.5894       251
         PER     0.8016    0.8961    0.8462       568

   micro avg     0.7312    0.7505    0.7407      1595
   macro avg     0.6648    0.6711    0.6659      1595
weighted avg     0.7184    0.7505    0.7325      1595

03/24/2021 00:49:36 - INFO - __main__ -   ***** Running Test evaluation *****
03/24/2021 00:49:36 - INFO - __main__ -     Num examples = 3257
03/24/2021 00:49:36 - INFO - __main__ -     Batch size = 16
03/24/2021 00:50:15 - INFO - __main__ -   ***** Test Eval results *****
03/24/2021 00:50:15 - INFO - __main__ -   
              precision    recall  f1-score   support

         LOC     0.7807    0.8483    0.8131      1721
        MISC     0.4596    0.3700    0.4100       754
         ORG     0.6236    0.5947    0.6088       861
         PER     0.8006    0.8762    0.8367      1874

   micro avg     0.7278    0.7472    0.7374      5210
   macro avg     0.6662    0.6723    0.6672      5210
weighted avg     0.7154    0.7472    0.7295      5210


Epoch:  72%|███████▎  | 29/40 [3:38:59<1:25:34, 466.81s/it]03/24/2021 00:50:15 - INFO - __main__ -   ********** Epoch: 29 **********
03/24/2021 00:50:15 - INFO - __main__ -     Num examples = 4000
03/24/2021 00:50:15 - INFO - __main__ -     Batch size = 16
03/24/2021 00:50:15 - INFO - __main__ -     Num steps = 10000
03/24/2021 00:56:58 - INFO - __main__ -   ***** Running evaluation on Dev Set*****
03/24/2021 00:56:58 - INFO - __main__ -     Num examples = 1000
03/24/2021 00:56:58 - INFO - __main__ -     Batch size = 16
03/24/2021 00:57:10 - INFO - __main__ -   ***** Dev Eval results *****
03/24/2021 00:57:10 - INFO - __main__ -   
              precision    recall  f1-score   support

         LOC     0.8169    0.8379    0.8273       543
        MISC     0.4064    0.4378    0.4215       233
         ORG     0.6650    0.5219    0.5848       251
         PER     0.8235    0.8873    0.8542       568

   micro avg     0.7372    0.7473    0.7422      1595
   macro avg     0.6779    0.6712    0.6720      1595
weighted avg     0.7354    0.7473    0.7394      1595

03/24/2021 00:57:10 - INFO - __main__ -   ***** Running Test evaluation *****
03/24/2021 00:57:10 - INFO - __main__ -     Num examples = 3257
03/24/2021 00:57:10 - INFO - __main__ -     Batch size = 16
03/24/2021 00:57:49 - INFO - __main__ -   ***** Test Eval results *****
03/24/2021 00:57:49 - INFO - __main__ -   
              precision    recall  f1-score   support

         LOC     0.7981    0.8338    0.8156      1721
        MISC     0.3900    0.4350    0.4113       754
         ORG     0.6715    0.5412    0.5994       861
         PER     0.8193    0.8591    0.8388      1874

   micro avg     0.7246    0.7369    0.7307      5210
   macro avg     0.6697    0.6673    0.6662      5210
weighted avg     0.7258    0.7369    0.7297      5210


Epoch:  75%|███████▌  | 30/40 [3:46:33<1:17:09, 462.96s/it]03/24/2021 00:57:49 - INFO - __main__ -   ********** Epoch: 30 **********
03/24/2021 00:57:49 - INFO - __main__ -     Num examples = 4000
03/24/2021 00:57:49 - INFO - __main__ -     Batch size = 16
03/24/2021 00:57:49 - INFO - __main__ -     Num steps = 10000
03/24/2021 01:04:29 - INFO - __main__ -   ***** Running evaluation on Dev Set*****
03/24/2021 01:04:29 - INFO - __main__ -     Num examples = 1000
03/24/2021 01:04:29 - INFO - __main__ -     Batch size = 16
03/24/2021 01:04:41 - INFO - __main__ -   ***** Dev Eval results *****
03/24/2021 01:04:41 - INFO - __main__ -   
              precision    recall  f1-score   support

         LOC     0.7930    0.8398    0.8157       543
        MISC     0.4122    0.4635    0.4364       233
         ORG     0.6256    0.5657    0.5941       251
         PER     0.8416    0.8697    0.8554       568

   micro avg     0.7268    0.7524    0.7394      1595
   macro avg     0.6681    0.6847    0.6754      1595
weighted avg     0.7283    0.7524    0.7396      1595

03/24/2021 01:04:41 - INFO - __main__ -   ***** Running Test evaluation *****
03/24/2021 01:04:41 - INFO - __main__ -     Num examples = 3257
03/24/2021 01:04:41 - INFO - __main__ -     Batch size = 16
03/24/2021 01:05:20 - INFO - __main__ -   ***** Test Eval results *****
03/24/2021 01:05:20 - INFO - __main__ -   
              precision    recall  f1-score   support

         LOC     0.7852    0.8518    0.8172      1721
        MISC     0.4016    0.4655    0.4312       754
         ORG     0.6373    0.5714    0.6026       861
         PER     0.8320    0.8538    0.8428      1874

   micro avg     0.7191    0.7503    0.7344      5210
   macro avg     0.6640    0.6856    0.6734      5210
weighted avg     0.7221    0.7503    0.7351      5210


Epoch:  78%|███████▊  | 31/40 [3:54:04<1:08:54, 459.39s/it]03/24/2021 01:05:20 - INFO - __main__ -   ********** Epoch: 31 **********
03/24/2021 01:05:20 - INFO - __main__ -     Num examples = 4000
03/24/2021 01:05:20 - INFO - __main__ -     Batch size = 16
03/24/2021 01:05:20 - INFO - __main__ -     Num steps = 10000
03/24/2021 01:10:26 - INFO - __main__ -   ***** Running evaluation on Dev Set*****
03/24/2021 01:10:26 - INFO - __main__ -     Num examples = 1000
03/24/2021 01:10:26 - INFO - __main__ -     Batch size = 16
03/24/2021 01:10:37 - INFO - __main__ -   ***** Dev Eval results *****
03/24/2021 01:10:37 - INFO - __main__ -   
              precision    recall  f1-score   support

         LOC     0.8042    0.8398    0.8216       543
        MISC     0.4656    0.3777    0.4171       233
         ORG     0.5720    0.6016    0.5864       251
         PER     0.8204    0.8768    0.8477       568

   micro avg     0.7333    0.7480    0.7405      1595
   macro avg     0.6656    0.6740    0.6682      1595
weighted avg     0.7240    0.7480    0.7348      1595

03/24/2021 01:10:37 - INFO - __main__ -   ***** Running Test evaluation *****
03/24/2021 01:10:37 - INFO - __main__ -     Num examples = 3257
03/24/2021 01:10:37 - INFO - __main__ -     Batch size = 16
03/24/2021 01:11:11 - INFO - __main__ -   ***** Test Eval results *****
03/24/2021 01:11:11 - INFO - __main__ -   
              precision    recall  f1-score   support

         LOC     0.7930    0.8367    0.8142      1721
        MISC     0.4639    0.3753    0.4150       754
         ORG     0.6027    0.6237    0.6130       861
         PER     0.8280    0.8634    0.8454      1874

   micro avg     0.7357    0.7443    0.7400      5210
   macro avg     0.6719    0.6748    0.6719      5210
weighted avg     0.7265    0.7443    0.7344      5210


Epoch:  80%|████████  | 32/40 [3:59:55<56:56, 427.01s/it]  03/24/2021 01:11:11 - INFO - __main__ -   ********** Epoch: 32 **********
03/24/2021 01:11:11 - INFO - __main__ -     Num examples = 4000
03/24/2021 01:11:11 - INFO - __main__ -     Batch size = 16
03/24/2021 01:11:11 - INFO - __main__ -     Num steps = 10000
03/24/2021 01:15:30 - INFO - __main__ -   ***** Running evaluation on Dev Set*****
03/24/2021 01:15:30 - INFO - __main__ -     Num examples = 1000
03/24/2021 01:15:30 - INFO - __main__ -     Batch size = 16
03/24/2021 01:15:40 - INFO - __main__ -   ***** Dev Eval results *****
03/24/2021 01:15:40 - INFO - __main__ -   
              precision    recall  f1-score   support

         LOC     0.8054    0.8306    0.8178       543
        MISC     0.4626    0.4249    0.4430       233
         ORG     0.5968    0.5896    0.5932       251
         PER     0.8272    0.8768    0.8513       568

   micro avg     0.7365    0.7498    0.7431      1595
   macro avg     0.6730    0.6805    0.6763      1595
weighted avg     0.7303    0.7498    0.7396      1595

03/24/2021 01:15:40 - INFO - __main__ -   ***** Running Test evaluation *****
03/24/2021 01:15:40 - INFO - __main__ -     Num examples = 3257
03/24/2021 01:15:40 - INFO - __main__ -     Batch size = 16
03/24/2021 01:16:15 - INFO - __main__ -   ***** Test Eval results *****
03/24/2021 01:16:15 - INFO - __main__ -   
              precision    recall  f1-score   support

         LOC     0.8017    0.8385    0.8197      1721
        MISC     0.4375    0.4178    0.4274       754
         ORG     0.6279    0.6074    0.6175       861
         PER     0.8337    0.8613    0.8472      1874

   micro avg     0.7364    0.7476    0.7420      5210
   macro avg     0.6752    0.6812    0.6779      5210
weighted avg     0.7318    0.7476    0.7394      5210


Epoch:  82%|████████▎ | 33/40 [4:04:59<45:29, 389.98s/it]03/24/2021 01:16:15 - INFO - __main__ -   ********** Epoch: 33 **********
03/24/2021 01:16:15 - INFO - __main__ -     Num examples = 4000
03/24/2021 01:16:15 - INFO - __main__ -     Batch size = 16
03/24/2021 01:16:15 - INFO - __main__ -     Num steps = 10000
03/24/2021 01:20:33 - INFO - __main__ -   ***** Running evaluation on Dev Set*****
03/24/2021 01:20:33 - INFO - __main__ -     Num examples = 1000
03/24/2021 01:20:33 - INFO - __main__ -     Batch size = 16
03/24/2021 01:20:44 - INFO - __main__ -   ***** Dev Eval results *****
03/24/2021 01:20:44 - INFO - __main__ -   
              precision    recall  f1-score   support

         LOC     0.8007    0.8361    0.8180       543
        MISC     0.3969    0.4378    0.4163       233
         ORG     0.6266    0.5817    0.6033       251
         PER     0.8384    0.8768    0.8571       568

   micro avg     0.7268    0.7524    0.7394      1595
   macro avg     0.6656    0.6831    0.6737      1595
weighted avg     0.7277    0.7524    0.7395      1595

03/24/2021 01:20:44 - INFO - __main__ -   ***** Running Test evaluation *****
03/24/2021 01:20:44 - INFO - __main__ -     Num examples = 3257
03/24/2021 01:20:44 - INFO - __main__ -     Batch size = 16
03/24/2021 01:21:19 - INFO - __main__ -   ***** Test Eval results *****
03/24/2021 01:21:19 - INFO - __main__ -   
              precision    recall  f1-score   support

         LOC     0.7943    0.8390    0.8160      1721
        MISC     0.3937    0.4642    0.4260       754
         ORG     0.6395    0.5935    0.6157       861
         PER     0.8442    0.8559    0.8500      1874

   micro avg     0.7231    0.7503    0.7364      5210
   macro avg     0.6679    0.6882    0.6769      5210
weighted avg     0.7287    0.7503    0.7387      5210


Epoch:  85%|████████▌ | 34/40 [4:10:03<36:25, 364.21s/it]03/24/2021 01:21:19 - INFO - __main__ -   ********** Epoch: 34 **********
03/24/2021 01:21:19 - INFO - __main__ -     Num examples = 4000
03/24/2021 01:21:19 - INFO - __main__ -     Batch size = 16
03/24/2021 01:21:19 - INFO - __main__ -     Num steps = 10000
03/24/2021 01:25:37 - INFO - __main__ -   ***** Running evaluation on Dev Set*****
03/24/2021 01:25:37 - INFO - __main__ -     Num examples = 1000
03/24/2021 01:25:37 - INFO - __main__ -     Batch size = 16
03/24/2021 01:25:47 - INFO - __main__ -   ***** Dev Eval results *****
03/24/2021 01:25:47 - INFO - __main__ -   
              precision    recall  f1-score   support

         LOC     0.7955    0.8453    0.8196       543
        MISC     0.3929    0.4249    0.4082       233
         ORG     0.6717    0.5299    0.5924       251
         PER     0.8384    0.8768    0.8571       568

   micro avg     0.7335    0.7455    0.7394      1595
   macro avg     0.6746    0.6692    0.6694      1595
weighted avg     0.7325    0.7455    0.7371      1595

03/24/2021 01:25:47 - INFO - __main__ -   ***** Running Test evaluation *****
03/24/2021 01:25:47 - INFO - __main__ -     Num examples = 3257
03/24/2021 01:25:47 - INFO - __main__ -     Batch size = 16
03/24/2021 01:26:22 - INFO - __main__ -   ***** Test Eval results *****
03/24/2021 01:26:22 - INFO - __main__ -   
              precision    recall  f1-score   support

         LOC     0.7748    0.8495    0.8104      1721
        MISC     0.4002    0.4337    0.4163       754
         ORG     0.6948    0.5447    0.6107       861
         PER     0.8382    0.8570    0.8475      1874

   micro avg     0.7297    0.7417    0.7356      5210
   macro avg     0.6770    0.6712    0.6712      5210
weighted avg     0.7302    0.7417    0.7337      5210


Epoch:  88%|████████▊ | 35/40 [4:15:06<28:49, 345.86s/it]03/24/2021 01:26:22 - INFO - __main__ -   ********** Epoch: 35 **********
03/24/2021 01:26:22 - INFO - __main__ -     Num examples = 4000
03/24/2021 01:26:22 - INFO - __main__ -     Batch size = 16
03/24/2021 01:26:22 - INFO - __main__ -     Num steps = 10000
03/24/2021 01:30:41 - INFO - __main__ -   ***** Running evaluation on Dev Set*****
03/24/2021 01:30:41 - INFO - __main__ -     Num examples = 1000
03/24/2021 01:30:41 - INFO - __main__ -     Batch size = 16
03/24/2021 01:30:51 - INFO - __main__ -   ***** Dev Eval results *****
03/24/2021 01:30:51 - INFO - __main__ -   
              precision    recall  f1-score   support

         LOC     0.8053    0.8379    0.8213       543
        MISC     0.4130    0.4077    0.4104       233
         ORG     0.6271    0.5896    0.6078       251
         PER     0.8331    0.8785    0.8552       568

   micro avg     0.7344    0.7505    0.7423      1595
   macro avg     0.6696    0.6785    0.6737      1595
weighted avg     0.7298    0.7505    0.7397      1595

03/24/2021 01:30:51 - INFO - __main__ -   ***** Running Test evaluation *****
03/24/2021 01:30:51 - INFO - __main__ -     Num examples = 3257
03/24/2021 01:30:51 - INFO - __main__ -     Batch size = 16
03/24/2021 01:31:25 - INFO - __main__ -   ***** Test Eval results *****
03/24/2021 01:31:25 - INFO - __main__ -   
              precision    recall  f1-score   support

         LOC     0.7905    0.8420    0.8154      1721
        MISC     0.4056    0.4244    0.4148       754
         ORG     0.6389    0.5958    0.6166       861
         PER     0.8399    0.8591    0.8494      1874

   micro avg     0.7286    0.7470    0.7377      5210
   macro avg     0.6687    0.6803    0.6740      5210
weighted avg     0.7275    0.7470    0.7368      5210


Epoch:  90%|█████████ | 36/40 [4:20:09<22:12, 333.06s/it]03/24/2021 01:31:25 - INFO - __main__ -   ********** Epoch: 36 **********
03/24/2021 01:31:25 - INFO - __main__ -     Num examples = 4000
03/24/2021 01:31:25 - INFO - __main__ -     Batch size = 16
03/24/2021 01:31:25 - INFO - __main__ -     Num steps = 10000
03/24/2021 01:35:43 - INFO - __main__ -   ***** Running evaluation on Dev Set*****
03/24/2021 01:35:43 - INFO - __main__ -     Num examples = 1000
03/24/2021 01:35:43 - INFO - __main__ -     Batch size = 16
03/24/2021 01:35:53 - INFO - __main__ -   ***** Dev Eval results *****
03/24/2021 01:35:53 - INFO - __main__ -   
              precision    recall  f1-score   support

         LOC     0.8000    0.8398    0.8194       543
        MISC     0.4123    0.4034    0.4078       233
         ORG     0.6352    0.5896    0.6116       251
         PER     0.8339    0.8926    0.8622       568

   micro avg     0.7352    0.7555    0.7452      1595
   macro avg     0.6703    0.6814    0.6753      1595
weighted avg     0.7295    0.7555    0.7418      1595

03/24/2021 01:35:53 - INFO - __main__ -   ***** Running Test evaluation *****
03/24/2021 01:35:53 - INFO - __main__ -     Num examples = 3257
03/24/2021 01:35:53 - INFO - __main__ -     Batch size = 16
03/24/2021 01:36:28 - INFO - __main__ -   ***** Test Eval results *****
03/24/2021 01:36:28 - INFO - __main__ -   
              precision    recall  f1-score   support

         LOC     0.7930    0.8483    0.8198      1721
        MISC     0.4061    0.4271    0.4163       754
         ORG     0.6404    0.5958    0.6173       861
         PER     0.8224    0.8671    0.8442      1874

   micro avg     0.7245    0.7524    0.7382      5210
   macro avg     0.6655    0.6846    0.6744      5210
weighted avg     0.7224    0.7524    0.7367      5210


Epoch:  92%|█████████▎| 37/40 [4:25:11<16:11, 323.91s/it]03/24/2021 01:36:28 - INFO - __main__ -   ********** Epoch: 37 **********
03/24/2021 01:36:28 - INFO - __main__ -     Num examples = 4000
03/24/2021 01:36:28 - INFO - __main__ -     Batch size = 16
03/24/2021 01:36:28 - INFO - __main__ -     Num steps = 10000
03/24/2021 01:40:46 - INFO - __main__ -   ***** Running evaluation on Dev Set*****
03/24/2021 01:40:46 - INFO - __main__ -     Num examples = 1000
03/24/2021 01:40:46 - INFO - __main__ -     Batch size = 16
03/24/2021 01:40:56 - INFO - __main__ -   ***** Dev Eval results *****
03/24/2021 01:40:56 - INFO - __main__ -   
              precision    recall  f1-score   support

         LOC     0.8042    0.8398    0.8216       543
        MISC     0.4242    0.4206    0.4224       233
         ORG     0.6276    0.5976    0.6122       251
         PER     0.8375    0.8891    0.8625       568

   micro avg     0.7372    0.7580    0.7474      1595
   macro avg     0.6734    0.6868    0.6797      1595
weighted avg     0.7328    0.7580    0.7449      1595

03/24/2021 01:40:56 - INFO - __main__ -   ***** Running Test evaluation *****
03/24/2021 01:40:56 - INFO - __main__ -     Num examples = 3257
03/24/2021 01:40:56 - INFO - __main__ -     Batch size = 16
03/24/2021 01:41:30 - INFO - __main__ -   ***** Test Eval results *****
03/24/2021 01:41:30 - INFO - __main__ -   
              precision    recall  f1-score   support

         LOC     0.7938    0.8454    0.8188      1721
        MISC     0.4060    0.4324    0.4188       754
         ORG     0.6337    0.5947    0.6135       861
         PER     0.8296    0.8602    0.8446      1874

   micro avg     0.7249    0.7495    0.7370      5210
   macro avg     0.6658    0.6832    0.6739      5210
weighted avg     0.7241    0.7495    0.7363      5210


Epoch:  95%|█████████▌| 38/40 [4:30:14<10:35, 317.59s/it]03/24/2021 01:41:30 - INFO - __main__ -   ********** Epoch: 38 **********
03/24/2021 01:41:30 - INFO - __main__ -     Num examples = 4000
03/24/2021 01:41:30 - INFO - __main__ -     Batch size = 16
03/24/2021 01:41:30 - INFO - __main__ -     Num steps = 10000
03/24/2021 01:45:48 - INFO - __main__ -   ***** Running evaluation on Dev Set*****
03/24/2021 01:45:48 - INFO - __main__ -     Num examples = 1000
03/24/2021 01:45:48 - INFO - __main__ -     Batch size = 16
03/24/2021 01:45:59 - INFO - __main__ -   ***** Dev Eval results *****
03/24/2021 01:45:59 - INFO - __main__ -   
              precision    recall  f1-score   support

         LOC     0.8014    0.8398    0.8201       543
        MISC     0.4224    0.4206    0.4215       233
         ORG     0.6410    0.5976    0.6186       251
         PER     0.8377    0.8908    0.8635       568

   micro avg     0.7383    0.7586    0.7483      1595
   macro avg     0.6756    0.6872    0.6809      1595
weighted avg     0.7337    0.7586    0.7456      1595

03/24/2021 01:45:59 - INFO - __main__ -   ***** Running Test evaluation *****
03/24/2021 01:45:59 - INFO - __main__ -     Num examples = 3257
03/24/2021 01:45:59 - INFO - __main__ -     Batch size = 16
03/24/2021 01:46:33 - INFO - __main__ -   ***** Test Eval results *****
03/24/2021 01:46:33 - INFO - __main__ -   
              precision    recall  f1-score   support

         LOC     0.7927    0.8443    0.8177      1721
        MISC     0.4088    0.4337    0.4208       754
         ORG     0.6361    0.5889    0.6116       861
         PER     0.8284    0.8602    0.8440      1874

   micro avg     0.7253    0.7484    0.7366      5210
   macro avg     0.6665    0.6818    0.6735      5210
weighted avg     0.7241    0.7484    0.7356      5210


Epoch:  98%|█████████▊| 39/40 [4:35:23<05:14, 314.84s/it]03/24/2021 01:46:39 - INFO - __main__ -   ********** Epoch: 39 **********
03/24/2021 01:46:39 - INFO - __main__ -     Num examples = 4000
03/24/2021 01:46:39 - INFO - __main__ -     Batch size = 16
03/24/2021 01:46:39 - INFO - __main__ -     Num steps = 10000
03/24/2021 01:50:58 - INFO - __main__ -   ***** Running evaluation on Dev Set*****
03/24/2021 01:50:58 - INFO - __main__ -     Num examples = 1000
03/24/2021 01:50:58 - INFO - __main__ -     Batch size = 16
03/24/2021 01:51:09 - INFO - __main__ -   ***** Dev Eval results *****
03/24/2021 01:51:09 - INFO - __main__ -   
              precision    recall  f1-score   support

         LOC     0.8028    0.8398    0.8209       543
        MISC     0.4261    0.4206    0.4233       233
         ORG     0.6410    0.5976    0.6186       251
         PER     0.8391    0.8908    0.8642       568

   micro avg     0.7401    0.7586    0.7492      1595
   macro avg     0.6773    0.6872    0.6817      1595
weighted avg     0.7353    0.7586    0.7464      1595

03/24/2021 01:51:09 - INFO - __main__ -   ***** Running Test evaluation *****
03/24/2021 01:51:09 - INFO - __main__ -     Num examples = 3257
03/24/2021 01:51:09 - INFO - __main__ -     Batch size = 16
03/24/2021 01:51:43 - INFO - __main__ -   ***** Test Eval results *****
03/24/2021 01:51:43 - INFO - __main__ -   
              precision    recall  f1-score   support

         LOC     0.7920    0.8431    0.8168      1721
        MISC     0.4073    0.4310    0.4188       754
         ORG     0.6341    0.5877    0.6100       861
         PER     0.8290    0.8591    0.8438      1874

   micro avg     0.7248    0.7470    0.7357      5210
   macro avg     0.6656    0.6802    0.6724      5210
weighted avg     0.7236    0.7470    0.7347      5210


Epoch: 100%|██████████| 40/40 [4:40:33<00:00, 313.43s/it]
Epoch: 100%|██████████| 40/40 [4:40:33<00:00, 420.83s/it]
03/24/2021 01:51:56 - INFO - __main__ -   *** Example ***
03/24/2021 01:51:56 - INFO - __main__ -   guid: test-0
03/24/2021 01:51:56 - INFO - __main__ -   tokens: R ##T @ The ##P ##at ##riot ##14 ##3 : T ##IM ##EL ##IN ##E SH ##OW ##S H ##OW C ##L ##IN ##TO ##NS TO ##OK $ 1 . 8 MI ##LL ##ION F ##RO ##M K ##E ##Y ##ST ##ON ##E P ##IP ##EL ##IN ##E IN ##VE ##ST ##OR ##S http : / / t . co / 17 ##C ##G ##x ##AS ##18 ##d # Clinton ##C ##ash http : …
03/24/2021 01:51:56 - INFO - __main__ -   input_ids: 101 155 1942 137 1109 2101 2980 23326 17175 1495 131 157 13371 21678 11607 2036 17730 17056 1708 145 17056 140 2162 11607 18082 12412 16972 22027 109 122 119 129 26574 23955 24805 143 21564 2107 148 2036 3663 9272 11414 2036 153 11410 21678 11607 2036 15969 17145 9272 9565 1708 8413 131 120 120 189 119 1884 120 1542 1658 2349 1775 10719 15292 1181 108 6652 1658 10733 8413 131 795 102 0 0 0 0 0 0 0 0 0 0 0 0 0 0 0 0 0 0 0 0 0 0 0 0 0 0 0 0 0 0 0 0 0 0 0 0 0 0 0 0 0 0 0 0 0 0 0 0 0 0 0
03/24/2021 01:51:56 - INFO - __main__ -   input_mask: 1 1 1 1 1 1 1 1 1 1 1 1 1 1 1 1 1 1 1 1 1 1 1 1 1 1 1 1 1 1 1 1 1 1 1 1 1 1 1 1 1 1 1 1 1 1 1 1 1 1 1 1 1 1 1 1 1 1 1 1 1 1 1 1 1 1 1 1 1 1 1 1 1 1 1 1 1 0 0 0 0 0 0 0 0 0 0 0 0 0 0 0 0 0 0 0 0 0 0 0 0 0 0 0 0 0 0 0 0 0 0 0 0 0 0 0 0 0 0 0 0 0 0 0 0 0 0 0
03/24/2021 01:51:56 - INFO - __main__ -   segment_ids: 0 0 0 0 0 0 0 0 0 0 0 0 0 0 0 0 0 0 0 0 0 0 0 0 0 0 0 0 0 0 0 0 0 0 0 0 0 0 0 0 0 0 0 0 0 0 0 0 0 0 0 0 0 0 0 0 0 0 0 0 0 0 0 0 0 0 0 0 0 0 0 0 0 0 0 0 0 0 0 0 0 0 0 0 0 0 0 0 0 0 0 0 0 0 0 0 0 0 0 0 0 0 0 0 0 0 0 0 0 0 0 0 0 0 0 0 0 0 0 0 0 0 0 0 0 0 0 0
03/24/2021 01:51:56 - INFO - __main__ -   label: 11 1 10 1 1 10 10 10 10 10 1 1 10 10 10 10 1 10 10 1 10 4 10 10 10 10 1 10 1 1 1 1 1 10 10 1 10 10 2 10 10 10 10 10 3 10 10 10 10 1 10 10 10 10 1 10 10 10 10 10 10 10 10 10 10 10 10 10 10 1 1 10 10 1 10 10 12 0 0 0 0 0 0 0 0 0 0 0 0 0 0 0 0 0 0 0 0 0 0 0 0 0 0 0 0 0 0 0 0 0 0 0 0 0 0 0 0 0 0 0 0 0 0 0 0 0 0 0
03/24/2021 01:51:56 - INFO - __main__ -   auxlabel: 5 1 4 1 1 4 4 4 4 4 1 1 4 4 4 4 1 4 4 1 4 2 4 4 4 4 1 4 1 1 1 1 1 4 4 1 4 4 2 4 4 4 4 4 3 4 4 4 4 1 4 4 4 4 1 4 4 4 4 4 4 4 4 4 4 4 4 4 4 1 1 4 4 1 4 4 6 0 0 0 0 0 0 0 0 0 0 0 0 0 0 0 0 0 0 0 0 0 0 0 0 0 0 0 0 0 0 0 0 0 0 0 0 0 0 0 0 0 0 0 0 0 0 0 0 0 0 0
03/24/2021 01:51:56 - INFO - __main__ -   poslabel: 6 2 5 1 2 5 5 5 5 5 1 2 5 5 5 5 2 5 5 1 5 2 5 5 5 5 1 5 1 1 1 1 1 5 5 1 5 5 2 5 5 5 5 5 2 5 5 5 5 2 5 5 5 5 1 5 5 5 5 5 5 5 5 5 5 5 5 5 5 2 2 5 5 2 5 5 7 0 0 0 0 0 0 0 0 0 0 0 0 0 0 0 0 0 0 0 0 0 0 0 0 0 0 0 0 0 0 0 0 0 0 0 0 0 0 0 0 0 0 0 0 0 0 0 0 0 0 0
03/24/2021 01:51:56 - INFO - __main__ -   *** Example ***
03/24/2021 01:51:56 - INFO - __main__ -   guid: test-1
03/24/2021 01:51:56 - INFO - __main__ -   tokens: R ##T @ Gabriel ##e _ Co ##rno : Inter ##plane ##tary . . . spring by Tatiana Ave ##rin # inspiration # in ##finity # C ##GE http : / / t . co / Y ##g ##1 ##g ##6 ##bo ##F ##E ##q
03/24/2021 01:51:56 - INFO - __main__ -   input_ids: 101 155 1942 137 5487 1162 168 3291 11791 131 11300 10648 16198 119 119 119 3450 1118 25320 15057 4854 108 7670 108 1107 24415 108 140 16523 8413 131 120 120 189 119 1884 120 162 1403 1475 1403 1545 4043 2271 2036 4426 102 0 0 0 0 0 0 0 0 0 0 0 0 0 0 0 0 0 0 0 0 0 0 0 0 0 0 0 0 0 0 0 0 0 0 0 0 0 0 0 0 0 0 0 0 0 0 0 0 0 0 0 0 0 0 0 0 0 0 0 0 0 0 0 0 0 0 0 0 0 0 0 0 0 0 0 0 0 0 0 0 0
03/24/2021 01:51:56 - INFO - __main__ -   input_mask: 1 1 1 1 1 1 1 1 1 1 1 1 1 1 1 1 1 1 1 1 1 1 1 1 1 1 1 1 1 1 1 1 1 1 1 1 1 1 1 1 1 1 1 1 1 1 1 0 0 0 0 0 0 0 0 0 0 0 0 0 0 0 0 0 0 0 0 0 0 0 0 0 0 0 0 0 0 0 0 0 0 0 0 0 0 0 0 0 0 0 0 0 0 0 0 0 0 0 0 0 0 0 0 0 0 0 0 0 0 0 0 0 0 0 0 0 0 0 0 0 0 0 0 0 0 0 0 0
03/24/2021 01:51:56 - INFO - __main__ -   segment_ids: 0 0 0 0 0 0 0 0 0 0 0 0 0 0 0 0 0 0 0 0 0 0 0 0 0 0 0 0 0 0 0 0 0 0 0 0 0 0 0 0 0 0 0 0 0 0 0 0 0 0 0 0 0 0 0 0 0 0 0 0 0 0 0 0 0 0 0 0 0 0 0 0 0 0 0 0 0 0 0 0 0 0 0 0 0 0 0 0 0 0 0 0 0 0 0 0 0 0 0 0 0 0 0 0 0 0 0 0 0 0 0 0 0 0 0 0 0 0 0 0 0 0 0 0 0 0 0 0
03/24/2021 01:51:56 - INFO - __main__ -   label: 11 1 10 1 1 10 1 1 10 1 1 10 10 1 1 1 1 1 4 5 10 1 1 1 1 10 1 2 10 1 10 10 10 10 10 10 10 10 10 10 10 10 10 10 10 10 12 0 0 0 0 0 0 0 0 0 0 0 0 0 0 0 0 0 0 0 0 0 0 0 0 0 0 0 0 0 0 0 0 0 0 0 0 0 0 0 0 0 0 0 0 0 0 0 0 0 0 0 0 0 0 0 0 0 0 0 0 0 0 0 0 0 0 0 0 0 0 0 0 0 0 0 0 0 0 0 0 0
03/24/2021 01:51:56 - INFO - __main__ -   auxlabel: 5 1 4 1 1 4 1 1 4 1 1 4 4 1 1 1 1 1 2 3 4 1 1 1 1 4 1 2 4 1 4 4 4 4 4 4 4 4 4 4 4 4 4 4 4 4 6 0 0 0 0 0 0 0 0 0 0 0 0 0 0 0 0 0 0 0 0 0 0 0 0 0 0 0 0 0 0 0 0 0 0 0 0 0 0 0 0 0 0 0 0 0 0 0 0 0 0 0 0 0 0 0 0 0 0 0 0 0 0 0 0 0 0 0 0 0 0 0 0 0 0 0 0 0 0 0 0 0
03/24/2021 01:51:56 - INFO - __main__ -   poslabel: 6 2 5 1 2 5 1 2 5 1 3 5 5 1 1 1 2 1 2 2 5 2 2 2 2 5 2 2 5 1 5 5 5 5 5 5 5 5 5 5 5 5 5 5 5 5 7 0 0 0 0 0 0 0 0 0 0 0 0 0 0 0 0 0 0 0 0 0 0 0 0 0 0 0 0 0 0 0 0 0 0 0 0 0 0 0 0 0 0 0 0 0 0 0 0 0 0 0 0 0 0 0 0 0 0 0 0 0 0 0 0 0 0 0 0 0 0 0 0 0 0 0 0 0 0 0 0 0
03/24/2021 01:52:39 - INFO - __main__ -   ***** Running Test Evaluation with the Best Model on the Dev Set*****
03/24/2021 01:52:39 - INFO - __main__ -     Num examples = 3257
03/24/2021 01:52:39 - INFO - __main__ -     Batch size = 16

Evaluating:   0%|          | 0/204 [00:00<?, ?it/s]run_mtmner_crf.py:1062: UserWarning: To copy construct from a tensor, it is recommended to use sourceTensor.clone().detach() or sourceTensor.clone().detach().requires_grad_(True), rather than torch.tensor(sourceTensor).
  trans_matrix = torch.tensor(trans_matrix).to(device)

Evaluating:   0%|          | 1/204 [00:01<04:57,  1.47s/it]
Evaluating:   1%|          | 2/204 [00:01<02:21,  1.43it/s]
Evaluating:   1%|▏         | 3/204 [00:01<01:31,  2.19it/s]
Evaluating:   2%|▏         | 4/204 [00:02<01:11,  2.78it/s]
Evaluating:   2%|▏         | 5/204 [00:02<00:58,  3.43it/s]
Evaluating:   3%|▎         | 6/204 [00:02<00:49,  4.03it/s]
Evaluating:   3%|▎         | 7/204 [00:02<00:43,  4.52it/s]
Evaluating:   4%|▍         | 8/204 [00:02<00:39,  4.90it/s]
Evaluating:   4%|▍         | 9/204 [00:02<00:37,  5.15it/s]
Evaluating:   5%|▍         | 10/204 [00:03<00:35,  5.39it/s]
Evaluating:   5%|▌         | 11/204 [00:03<00:34,  5.58it/s]
Evaluating:   6%|▌         | 12/204 [00:03<00:33,  5.70it/s]
Evaluating:   6%|▋         | 13/204 [00:03<00:33,  5.77it/s]
Evaluating:   7%|▋         | 14/204 [00:03<00:32,  5.81it/s]
Evaluating:   7%|▋         | 15/204 [00:03<00:32,  5.89it/s]
Evaluating:   8%|▊         | 16/204 [00:04<00:31,  5.93it/s]
Evaluating:   8%|▊         | 17/204 [00:04<00:31,  5.94it/s]
Evaluating:   9%|▉         | 18/204 [00:04<00:31,  5.94it/s]
Evaluating:   9%|▉         | 19/204 [00:04<00:31,  5.97it/s]
Evaluating:  10%|▉         | 20/204 [00:04<00:30,  6.00it/s]
Evaluating:  10%|█         | 21/204 [00:04<00:30,  6.00it/s]
Evaluating:  11%|█         | 22/204 [00:05<00:30,  5.96it/s]
Evaluating:  11%|█▏        | 23/204 [00:05<00:30,  5.92it/s]
Evaluating:  12%|█▏        | 24/204 [00:05<00:30,  5.93it/s]
Evaluating:  12%|█▏        | 25/204 [00:05<00:30,  5.96it/s]
Evaluating:  13%|█▎        | 26/204 [00:05<00:29,  5.96it/s]
Evaluating:  13%|█▎        | 27/204 [00:05<00:29,  5.92it/s]
Evaluating:  14%|█▎        | 28/204 [00:06<00:29,  5.96it/s]
Evaluating:  14%|█▍        | 29/204 [00:06<00:29,  5.99it/s]
Evaluating:  15%|█▍        | 30/204 [00:06<00:29,  5.99it/s]
Evaluating:  15%|█▌        | 31/204 [00:06<00:29,  5.85it/s]
Evaluating:  16%|█▌        | 32/204 [00:06<00:29,  5.87it/s]
Evaluating:  16%|█▌        | 33/204 [00:06<00:28,  5.93it/s]
Evaluating:  17%|█▋        | 34/204 [00:07<00:28,  5.95it/s]
Evaluating:  17%|█▋        | 35/204 [00:07<00:28,  5.93it/s]
Evaluating:  18%|█▊        | 36/204 [00:07<00:28,  5.88it/s]
Evaluating:  18%|█▊        | 37/204 [00:07<00:28,  5.91it/s]
Evaluating:  19%|█▊        | 38/204 [00:07<00:27,  5.96it/s]
Evaluating:  19%|█▉        | 39/204 [00:07<00:27,  5.93it/s]
Evaluating:  20%|█▉        | 40/204 [00:08<00:27,  5.87it/s]
Evaluating:  20%|██        | 41/204 [00:08<00:27,  5.91it/s]
Evaluating:  21%|██        | 42/204 [00:08<00:27,  5.96it/s]
Evaluating:  21%|██        | 43/204 [00:08<00:26,  5.97it/s]
Evaluating:  22%|██▏       | 44/204 [00:08<00:26,  5.98it/s]
Evaluating:  22%|██▏       | 45/204 [00:08<00:26,  5.92it/s]
Evaluating:  23%|██▎       | 46/204 [00:09<00:26,  5.96it/s]
Evaluating:  23%|██▎       | 47/204 [00:09<00:26,  5.99it/s]
Evaluating:  24%|██▎       | 48/204 [00:09<00:26,  5.89it/s]
Evaluating:  24%|██▍       | 49/204 [00:09<00:26,  5.90it/s]
Evaluating:  25%|██▍       | 50/204 [00:09<00:25,  5.95it/s]
Evaluating:  25%|██▌       | 51/204 [00:09<00:25,  5.97it/s]
Evaluating:  25%|██▌       | 52/204 [00:10<00:25,  5.99it/s]
Evaluating:  26%|██▌       | 53/204 [00:10<00:25,  5.93it/s]
Evaluating:  26%|██▋       | 54/204 [00:10<00:25,  5.94it/s]
Evaluating:  27%|██▋       | 55/204 [00:10<00:24,  5.97it/s]
Evaluating:  27%|██▋       | 56/204 [00:10<00:24,  5.99it/s]
Evaluating:  28%|██▊       | 57/204 [00:10<00:24,  5.95it/s]
Evaluating:  28%|██▊       | 58/204 [00:11<00:24,  5.89it/s]
Evaluating:  29%|██▉       | 59/204 [00:11<00:24,  5.93it/s]
Evaluating:  29%|██▉       | 60/204 [00:11<00:24,  5.95it/s]
Evaluating:  30%|██▉       | 61/204 [00:11<00:24,  5.95it/s]
Evaluating:  30%|███       | 62/204 [00:11<00:24,  5.88it/s]
Evaluating:  31%|███       | 63/204 [00:11<00:23,  5.94it/s]
Evaluating:  31%|███▏      | 64/204 [00:12<00:23,  5.97it/s]
Evaluating:  32%|███▏      | 65/204 [00:12<00:23,  5.97it/s]
Evaluating:  32%|███▏      | 66/204 [00:12<00:23,  5.91it/s]
Evaluating:  33%|███▎      | 67/204 [00:12<00:23,  5.86it/s]
Evaluating:  33%|███▎      | 68/204 [00:12<00:23,  5.91it/s]
Evaluating:  34%|███▍      | 69/204 [00:12<00:22,  5.96it/s]
Evaluating:  34%|███▍      | 70/204 [00:13<00:22,  5.96it/s]
Evaluating:  35%|███▍      | 71/204 [00:13<00:22,  5.95it/s]
Evaluating:  35%|███▌      | 72/204 [00:13<00:22,  5.98it/s]
Evaluating:  36%|███▌      | 73/204 [00:13<00:21,  6.00it/s]
Evaluating:  36%|███▋      | 74/204 [00:13<00:21,  5.99it/s]
Evaluating:  37%|███▋      | 75/204 [00:13<00:21,  5.98it/s]
Evaluating:  37%|███▋      | 76/204 [00:14<00:21,  5.88it/s]
Evaluating:  38%|███▊      | 77/204 [00:14<00:21,  5.92it/s]
Evaluating:  38%|███▊      | 78/204 [00:14<00:21,  5.96it/s]
Evaluating:  39%|███▊      | 79/204 [00:14<00:20,  5.97it/s]
Evaluating:  39%|███▉      | 80/204 [00:14<00:20,  5.93it/s]
Evaluating:  40%|███▉      | 81/204 [00:14<00:20,  5.99it/s]
Evaluating:  40%|████      | 82/204 [00:15<00:20,  6.02it/s]
Evaluating:  41%|████      | 83/204 [00:15<00:20,  6.03it/s]
Evaluating:  41%|████      | 84/204 [00:15<00:19,  6.01it/s]
Evaluating:  42%|████▏     | 85/204 [00:15<00:20,  5.91it/s]
Evaluating:  42%|████▏     | 86/204 [00:15<00:19,  5.95it/s]
Evaluating:  43%|████▎     | 87/204 [00:15<00:19,  5.97it/s]
Evaluating:  43%|████▎     | 88/204 [00:16<00:19,  5.96it/s]
Evaluating:  44%|████▎     | 89/204 [00:16<00:19,  5.92it/s]
Evaluating:  44%|████▍     | 90/204 [00:16<00:19,  5.91it/s]
Evaluating:  45%|████▍     | 91/204 [00:16<00:18,  5.97it/s]
Evaluating:  45%|████▌     | 92/204 [00:16<00:18,  6.00it/s]
Evaluating:  46%|████▌     | 93/204 [00:16<00:18,  5.93it/s]
Evaluating:  46%|████▌     | 94/204 [00:17<00:18,  5.88it/s]
Evaluating:  47%|████▋     | 95/204 [00:17<00:18,  5.92it/s]
Evaluating:  47%|████▋     | 96/204 [00:17<00:18,  5.95it/s]
Evaluating:  48%|████▊     | 97/204 [00:17<00:17,  5.96it/s]
Evaluating:  48%|████▊     | 98/204 [00:17<00:18,  5.88it/s]
Evaluating:  49%|████▊     | 99/204 [00:17<00:17,  5.85it/s]
Evaluating:  49%|████▉     | 100/204 [00:18<00:17,  5.90it/s]
Evaluating:  50%|████▉     | 101/204 [00:18<00:17,  5.94it/s]
Evaluating:  50%|█████     | 102/204 [00:18<00:17,  5.86it/s]
Evaluating:  50%|█████     | 103/204 [00:18<00:17,  5.88it/s]
Evaluating:  51%|█████     | 104/204 [00:18<00:16,  5.93it/s]
Evaluating:  51%|█████▏    | 105/204 [00:18<00:16,  5.97it/s]
Evaluating:  52%|█████▏    | 106/204 [00:19<00:16,  5.98it/s]
Evaluating:  52%|█████▏    | 107/204 [00:19<00:16,  5.95it/s]
Evaluating:  53%|█████▎    | 108/204 [00:19<00:16,  5.97it/s]
Evaluating:  53%|█████▎    | 109/204 [00:19<00:15,  6.01it/s]
Evaluating:  54%|█████▍    | 110/204 [00:19<00:15,  6.01it/s]
Evaluating:  54%|█████▍    | 111/204 [00:19<00:15,  5.98it/s]
Evaluating:  55%|█████▍    | 112/204 [00:20<00:15,  5.96it/s]
Evaluating:  55%|█████▌    | 113/204 [00:20<00:15,  5.98it/s]
Evaluating:  56%|█████▌    | 114/204 [00:20<00:15,  5.97it/s]
Evaluating:  56%|█████▋    | 115/204 [00:20<00:15,  5.91it/s]
Evaluating:  57%|█████▋    | 116/204 [00:20<00:15,  5.86it/s]
Evaluating:  57%|█████▋    | 117/204 [00:21<00:14,  5.92it/s]
Evaluating:  58%|█████▊    | 118/204 [00:21<00:14,  5.97it/s]
Evaluating:  58%|█████▊    | 119/204 [00:21<00:14,  5.99it/s]
Evaluating:  59%|█████▉    | 120/204 [00:21<00:14,  5.93it/s]
Evaluating:  59%|█████▉    | 121/204 [00:21<00:14,  5.88it/s]
Evaluating:  60%|█████▉    | 122/204 [00:21<00:13,  5.94it/s]
Evaluating:  60%|██████    | 123/204 [00:22<00:13,  5.98it/s]
Evaluating:  61%|██████    | 124/204 [00:22<00:13,  5.92it/s]
Evaluating:  61%|██████▏   | 125/204 [00:22<00:13,  5.92it/s]
Evaluating:  62%|██████▏   | 126/204 [00:22<00:13,  5.95it/s]
Evaluating:  62%|██████▏   | 127/204 [00:22<00:12,  5.98it/s]
Evaluating:  63%|██████▎   | 128/204 [00:22<00:12,  5.98it/s]
Evaluating:  63%|██████▎   | 129/204 [00:23<00:12,  5.94it/s]
Evaluating:  64%|██████▎   | 130/204 [00:23<00:12,  5.97it/s]
Evaluating:  64%|██████▍   | 131/204 [00:23<00:12,  5.99it/s]
Evaluating:  65%|██████▍   | 132/204 [00:23<00:11,  6.00it/s]
Evaluating:  65%|██████▌   | 133/204 [00:23<00:11,  5.92it/s]
Evaluating:  66%|██████▌   | 134/204 [00:23<00:11,  5.83it/s]
Evaluating:  66%|██████▌   | 135/204 [00:24<00:11,  5.90it/s]
Evaluating:  67%|██████▋   | 136/204 [00:24<00:11,  5.94it/s]
Evaluating:  67%|██████▋   | 137/204 [00:24<00:11,  5.94it/s]
Evaluating:  68%|██████▊   | 138/204 [00:24<00:11,  5.86it/s]
Evaluating:  68%|██████▊   | 139/204 [00:24<00:10,  5.92it/s]
Evaluating:  69%|██████▊   | 140/204 [00:24<00:10,  5.95it/s]
Evaluating:  69%|██████▉   | 141/204 [00:25<00:10,  5.96it/s]
Evaluating:  70%|██████▉   | 142/204 [00:25<00:10,  5.93it/s]
Evaluating:  70%|███████   | 143/204 [00:25<00:10,  5.92it/s]
Evaluating:  71%|███████   | 144/204 [00:25<00:10,  5.95it/s]
Evaluating:  71%|███████   | 145/204 [00:25<00:09,  5.95it/s]
Evaluating:  72%|███████▏  | 146/204 [00:25<00:09,  5.94it/s]
Evaluating:  72%|███████▏  | 147/204 [00:26<00:09,  5.92it/s]
Evaluating:  73%|███████▎  | 148/204 [00:26<00:09,  5.98it/s]
Evaluating:  73%|███████▎  | 149/204 [00:26<00:09,  6.02it/s]
Evaluating:  74%|███████▎  | 150/204 [00:26<00:08,  6.01it/s]
Evaluating:  74%|███████▍  | 151/204 [00:26<00:08,  5.95it/s]
Evaluating:  75%|███████▍  | 152/204 [00:26<00:08,  5.89it/s]
Evaluating:  75%|███████▌  | 153/204 [00:27<00:08,  5.92it/s]
Evaluating:  75%|███████▌  | 154/204 [00:27<00:08,  5.95it/s]
Evaluating:  76%|███████▌  | 155/204 [00:27<00:08,  5.96it/s]
Evaluating:  76%|███████▋  | 156/204 [00:27<00:08,  5.92it/s]
Evaluating:  77%|███████▋  | 157/204 [00:27<00:07,  5.97it/s]
Evaluating:  77%|███████▋  | 158/204 [00:27<00:07,  5.98it/s]
Evaluating:  78%|███████▊  | 159/204 [00:28<00:07,  6.02it/s]
Evaluating:  78%|███████▊  | 160/204 [00:28<00:07,  6.00it/s]
Evaluating:  79%|███████▉  | 161/204 [00:28<00:07,  5.99it/s]
Evaluating:  79%|███████▉  | 162/204 [00:28<00:06,  6.02it/s]
Evaluating:  80%|███████▉  | 163/204 [00:28<00:06,  6.00it/s]
Evaluating:  80%|████████  | 164/204 [00:28<00:06,  6.00it/s]
Evaluating:  81%|████████  | 165/204 [00:29<00:06,  5.91it/s]
Evaluating:  81%|████████▏ | 166/204 [00:29<00:06,  5.95it/s]
Evaluating:  82%|████████▏ | 167/204 [00:29<00:06,  5.97it/s]
Evaluating:  82%|████████▏ | 168/204 [00:29<00:06,  5.97it/s]
Evaluating:  83%|████████▎ | 169/204 [00:29<00:05,  5.93it/s]
Evaluating:  83%|████████▎ | 170/204 [00:29<00:05,  5.92it/s]
Evaluating:  84%|████████▍ | 171/204 [00:30<00:05,  5.96it/s]
Evaluating:  84%|████████▍ | 172/204 [00:30<00:05,  5.96it/s]
Evaluating:  85%|████████▍ | 173/204 [00:30<00:05,  5.94it/s]
Evaluating:  85%|████████▌ | 174/204 [00:30<00:05,  5.87it/s]
Evaluating:  86%|████████▌ | 175/204 [00:30<00:04,  5.92it/s]
Evaluating:  86%|████████▋ | 176/204 [00:30<00:04,  5.96it/s]
Evaluating:  87%|████████▋ | 177/204 [00:31<00:04,  5.94it/s]
Evaluating:  87%|████████▋ | 178/204 [00:31<00:04,  5.89it/s]
Evaluating:  88%|████████▊ | 179/204 [00:31<00:04,  5.92it/s]
Evaluating:  88%|████████▊ | 180/204 [00:31<00:04,  5.95it/s]
Evaluating:  89%|████████▊ | 181/204 [00:31<00:03,  5.97it/s]
Evaluating:  89%|████████▉ | 182/204 [00:31<00:03,  5.93it/s]
Evaluating:  90%|████████▉ | 183/204 [00:32<00:03,  5.87it/s]
Evaluating:  90%|█████████ | 184/204 [00:32<00:03,  5.94it/s]
Evaluating:  91%|█████████ | 185/204 [00:32<00:03,  5.95it/s]
Evaluating:  91%|█████████ | 186/204 [00:32<00:03,  5.97it/s]
Evaluating:  92%|█████████▏| 187/204 [00:32<00:02,  5.87it/s]
Evaluating:  92%|█████████▏| 188/204 [00:32<00:02,  5.93it/s]
Evaluating:  93%|█████████▎| 189/204 [00:33<00:02,  5.93it/s]
Evaluating:  93%|█████████▎| 190/204 [00:33<00:02,  5.95it/s]
Evaluating:  94%|█████████▎| 191/204 [00:33<00:02,  5.92it/s]
Evaluating:  94%|█████████▍| 192/204 [00:33<00:02,  5.92it/s]
Evaluating:  95%|█████████▍| 193/204 [00:33<00:01,  5.98it/s]
Evaluating:  95%|█████████▌| 194/204 [00:33<00:01,  5.98it/s]
Evaluating:  96%|█████████▌| 195/204 [00:34<00:01,  5.96it/s]
Evaluating:  96%|█████████▌| 196/204 [00:34<00:01,  5.92it/s]
Evaluating:  97%|█████████▋| 197/204 [00:34<00:01,  5.96it/s]
Evaluating:  97%|█████████▋| 198/204 [00:34<00:01,  5.98it/s]
Evaluating:  98%|█████████▊| 199/204 [00:34<00:00,  5.97it/s]
Evaluating:  98%|█████████▊| 200/204 [00:34<00:00,  5.95it/s]
Evaluating:  99%|█████████▊| 201/204 [00:35<00:00,  5.92it/s]
Evaluating:  99%|█████████▉| 202/204 [00:35<00:00,  5.96it/s]
Evaluating: 100%|█████████▉| 203/204 [00:35<00:00,  5.96it/s]
Evaluating: 100%|██████████| 204/204 [00:35<00:00,  6.32it/s]
Evaluating: 100%|██████████| 204/204 [00:35<00:00,  5.73it/s]
03/24/2021 01:53:22 - INFO - __main__ -   ***** Test Eval results *****
03/24/2021 01:53:22 - INFO - __main__ -   
              precision    recall  f1-score   support

         LOC     0.7925    0.8431    0.8170      1721
        MISC     0.4050    0.4297    0.4170       754
         ORG     0.6320    0.5865    0.6084       861
         PER     0.8290    0.8586    0.8435      1874

   micro avg     0.7241    0.7464    0.7351      5210
   macro avg     0.6646    0.6795    0.6715      5210
weighted avg     0.7230    0.7464    0.7342      5210

The number of samples: 4000
The number of images: 4000
the number of problematic samples: 107
The number of samples: 1000
The number of images: 1000
the number of problematic samples: 18
The number of samples: 3257
The number of images: 3257
the number of problematic samples: 76
F-score:  0.6401
F-score:  0.6973
F-score:  0.7242
F-score:  0.7187
F-score:  0.7089
F-score:  0.7211
F-score:  0.7148
F-score:  0.7089
F-score:  0.7111
F-score:  0.7267
F-score:  0.7276
F-score:  0.7282
F-score:  0.7297
F-score:  0.7274
F-score:  0.7342
F-score:  0.7338
F-score:  0.7373
F-score:  0.7431
F-score:  0.7379
F-score:  0.7372
F-score:  0.7352
F-score:  0.7309
F-score:  0.7297
F-score:  0.7412
F-score:  0.7478
F-score:  0.7428
F-score:  0.7426
F-score:  0.7453
F-score:  0.7407
F-score:  0.7422
F-score:  0.7394
F-score:  0.7405
F-score:  0.7431
F-score:  0.7394
F-score:  0.7394
F-score:  0.7423
F-score:  0.7452
F-score:  0.7474
F-score:  0.7483
F-score:  0.7492
**************************************************
The best epoch on the dev set:  39
The best Micro-F1 score on the dev set:  0.7492
The best epoch on the test set:  23
The best Micro-F1 score on the test set:  0.7426


The number of samples: 3257
The number of images: 3257
the number of problematic samples: 76
The number of samples: 3257
The number of images: 3257
Overall:  0.7240737292869112 0.7464491362763915 0.7350912012097155
Person:  0.8289541473467285 0.8585912486659552 0.8435124508519004
Location:  0.7924631348989624 0.8431144683323649 0.8170045045045046
Organization:  0.6320400500625782 0.586527293844367 0.608433734939759
Miscellaneous:  0.405 0.4297082228116711 0.41698841698841704
